2022-06-13 14:48:27.030 [5436] LOG_ALARM -----------------  log4z thread started!   ---------------------------- log4z.cpp:1923
2022-06-13 14:48:27.030 [5436] LOG_ALARM logger id=0 key=Main name=log path=../log/ level=1 display=true log4z.cpp:1933
2022-06-13 14:48:27.030 [5436] LOG_ALARM logger id=1 key=ProcessData name=ProcessData path=../data/ProcessData/ level=0 display=false log4z.cpp:1933
2022-06-13 14:48:27.030 [5436] LOG_ALARM logger id=2 key=StopData name=StopData path=../data/StopData/ level=0 display=false log4z.cpp:1933
2022-06-13 14:48:27.030 [5436] LOG_ALARM logger id=3 key=TempData name=TempData path=../data/TempData/ level=0 display=false log4z.cpp:1933
2022-06-13 14:48:27.081 [5433] LOG_INFO =============== BFG software version:12.0030.0010-0218 =============== main.cpp:170
2022-06-13 14:48:27.090 [5433] LOG_ERROR aaaaaaaaaaaaaaaaaaaaaaa ChannelProto_JN9504.cpp:29
2022-06-13 14:48:27.090 [5433] LOG_ERROR aaaaaaaaaaaaaaaaaaaaaaa ChannelProto_JN9504.cpp:29
2022-06-13 14:48:27.090 [5433] LOG_ERROR aaaaaaaaaaaaaaaaaaaaaaa ChannelProto_JN9504.cpp:29
2022-06-13 14:48:27.090 [5433] LOG_ERROR aaaaaaaaaaaaaaaaaaaaaaa ChannelProto_JN9504.cpp:29
2022-06-13 14:48:27.090 [5433] LOG_ERROR aaaaaaaaaaaaaaaaaaaaaaa ChannelProto_JN9504.cpp:29
2022-06-13 14:48:27.090 [5433] LOG_ERROR aaaaaaaaaaaaaaaaaaaaaaa ChannelProto_JN9504.cpp:29
2022-06-13 14:48:27.090 [5433] LOG_ERROR aaaaaaaaaaaaaaaaaaaaaaa ChannelProto_JN9504.cpp:29
2022-06-13 14:48:27.090 [5433] LOG_ERROR aaaaaaaaaaaaaaaaaaaaaaa ChannelProto_JN9504.cpp:29
2022-06-13 14:48:27.090 [5433] LOG_ERROR aaaaaaaaaaaaaaaaaaaaaaa ChannelProto_JN9504.cpp:29
2022-06-13 14:48:27.090 [5433] LOG_ERROR aaaaaaaaaaaaaaaaaaaaaaa ChannelProto_JN9504.cpp:29
2022-06-13 14:48:27.090 [5433] LOG_ERROR aaaaaaaaaaaaaaaaaaaaaaa ChannelProto_JN9504.cpp:29
2022-06-13 14:48:27.090 [5433] LOG_ERROR aaaaaaaaaaaaaaaaaaaaaaa ChannelProto_JN9504.cpp:29
2022-06-13 14:48:27.090 [5433] LOG_ERROR aaaaaaaaaaaaaaaaaaaaaaa ChannelProto_JN9504.cpp:29
2022-06-13 14:48:27.090 [5433] LOG_ERROR aaaaaaaaaaaaaaaaaaaaaaa ChannelProto_JN9504.cpp:29
2022-06-13 14:48:27.090 [5433] LOG_ERROR aaaaaaaaaaaaaaaaaaaaaaa ChannelProto_JN9504.cpp:29
2022-06-13 14:48:27.090 [5433] LOG_ERROR aaaaaaaaaaaaaaaaaaaaaaa ChannelProto_JN9504.cpp:29
2022-06-13 14:48:27.090 [5433] LOG_ERROR aaaaaaaaaaaaaaaaaaaaaaa ChannelProto_JN9504.cpp:29
2022-06-13 14:48:27.090 [5433] LOG_ERROR aaaaaaaaaaaaaaaaaaaaaaa ChannelProto_JN9504.cpp:29
2022-06-13 14:48:27.090 [5433] LOG_ERROR aaaaaaaaaaaaaaaaaaaaaaa ChannelProto_JN9504.cpp:29
2022-06-13 14:48:27.090 [5433] LOG_ERROR aaaaaaaaaaaaaaaaaaaaaaa ChannelProto_JN9504.cpp:29
2022-06-13 14:48:27.090 [5433] LOG_ERROR aaaaaaaaaaaaaaaaaaaaaaa ChannelProto_JN9504.cpp:29
2022-06-13 14:48:27.090 [5433] LOG_ERROR aaaaaaaaaaaaaaaaaaaaaaa ChannelProto_JN9504.cpp:29
2022-06-13 14:48:27.090 [5433] LOG_ERROR aaaaaaaaaaaaaaaaaaaaaaa ChannelProto_JN9504.cpp:29
2022-06-13 14:48:27.090 [5433] LOG_ERROR aaaaaaaaaaaaaaaaaaaaaaa ChannelProto_JN9504.cpp:29
2022-06-13 14:48:27.090 [5433] LOG_ERROR aaaaaaaaaaaaaaaaaaaaaaa ChannelProto_JN9504.cpp:29
2022-06-13 14:48:27.090 [5433] LOG_ERROR aaaaaaaaaaaaaaaaaaaaaaa ChannelProto_JN9504.cpp:29
2022-06-13 14:48:27.090 [5433] LOG_ERROR aaaaaaaaaaaaaaaaaaaaaaa ChannelProto_JN9504.cpp:29
2022-06-13 14:48:27.090 [5433] LOG_ERROR aaaaaaaaaaaaaaaaaaaaaaa ChannelProto_JN9504.cpp:29
2022-06-13 14:48:27.090 [5433] LOG_ERROR aaaaaaaaaaaaaaaaaaaaaaa ChannelProto_JN9504.cpp:29
2022-06-13 14:48:27.090 [5433] LOG_ERROR aaaaaaaaaaaaaaaaaaaaaaa ChannelProto_JN9504.cpp:29
2022-06-13 14:48:27.090 [5433] LOG_ERROR aaaaaaaaaaaaaaaaaaaaaaa ChannelProto_JN9504.cpp:29
2022-06-13 14:48:27.090 [5433] LOG_ERROR aaaaaaaaaaaaaaaaaaaaaaa ChannelProto_JN9504.cpp:29
2022-06-13 14:48:27.090 [5433] LOG_ERROR aaaaaaaaaaaaaaaaaaaaaaa ChannelProto_JN9504.cpp:29
2022-06-13 14:48:27.090 [5433] LOG_ERROR aaaaaaaaaaaaaaaaaaaaaaa ChannelProto_JN9504.cpp:29
2022-06-13 14:48:27.090 [5433] LOG_ERROR aaaaaaaaaaaaaaaaaaaaaaa ChannelProto_JN9504.cpp:29
2022-06-13 14:48:27.090 [5433] LOG_ERROR aaaaaaaaaaaaaaaaaaaaaaa ChannelProto_JN9504.cpp:29
2022-06-13 14:48:27.090 [5433] LOG_ERROR aaaaaaaaaaaaaaaaaaaaaaa ChannelProto_JN9504.cpp:29
2022-06-13 14:48:27.090 [5433] LOG_ERROR aaaaaaaaaaaaaaaaaaaaaaa ChannelProto_JN9504.cpp:29
2022-06-13 14:48:27.091 [5433] LOG_ERROR aaaaaaaaaaaaaaaaaaaaaaa ChannelProto_JN9504.cpp:29
2022-06-13 14:48:27.091 [5433] LOG_ERROR aaaaaaaaaaaaaaaaaaaaaaa ChannelProto_JN9504.cpp:29
2022-06-13 14:48:27.091 [5433] LOG_ERROR aaaaaaaaaaaaaaaaaaaaaaa ChannelProto_JN9504.cpp:29
2022-06-13 14:48:27.091 [5433] LOG_ERROR aaaaaaaaaaaaaaaaaaaaaaa ChannelProto_JN9504.cpp:29
2022-06-13 14:48:27.092 [5433] LOG_ERROR aaaaaaaaaaaaaaaaaaaaaaa ChannelProto_JN9504.cpp:29
2022-06-13 14:48:27.092 [5433] LOG_ERROR aaaaaaaaaaaaaaaaaaaaaaa ChannelProto_JN9504.cpp:29
2022-06-13 14:48:27.093 [5433] LOG_ERROR aaaaaaaaaaaaaaaaaaaaaaa ChannelProto_JN9504.cpp:29
2022-06-13 14:48:27.093 [5433] LOG_ERROR aaaaaaaaaaaaaaaaaaaaaaa ChannelProto_JN9504.cpp:29
2022-06-13 14:48:27.093 [5433] LOG_ERROR aaaaaaaaaaaaaaaaaaaaaaa ChannelProto_JN9504.cpp:29
2022-06-13 14:48:27.093 [5433] LOG_ERROR aaaaaaaaaaaaaaaaaaaaaaa ChannelProto_JN9504.cpp:29
2022-06-13 14:48:27.093 [5433] LOG_ERROR aaaaaaaaaaaaaaaaaaaaaaa ChannelProto_JN9504.cpp:29
2022-06-13 14:48:27.093 [5433] LOG_ERROR aaaaaaaaaaaaaaaaaaaaaaa ChannelProto_JN9504.cpp:29
2022-06-13 14:48:27.093 [5433] LOG_ERROR aaaaaaaaaaaaaaaaaaaaaaa ChannelProto_JN9504.cpp:29
2022-06-13 14:48:27.093 [5433] LOG_ERROR aaaaaaaaaaaaaaaaaaaaaaa ChannelProto_JN9504.cpp:29
2022-06-13 14:48:27.093 [5433] LOG_ERROR aaaaaaaaaaaaaaaaaaaaaaa ChannelProto_JN9504.cpp:29
2022-06-13 14:48:27.093 [5433] LOG_ERROR aaaaaaaaaaaaaaaaaaaaaaa ChannelProto_JN9504.cpp:29
2022-06-13 14:48:27.093 [5433] LOG_ERROR aaaaaaaaaaaaaaaaaaaaaaa ChannelProto_JN9504.cpp:29
2022-06-13 14:48:27.093 [5433] LOG_ERROR aaaaaaaaaaaaaaaaaaaaaaa ChannelProto_JN9504.cpp:29
2022-06-13 14:48:27.093 [5433] LOG_ERROR aaaaaaaaaaaaaaaaaaaaaaa ChannelProto_JN9504.cpp:29
2022-06-13 14:48:27.093 [5433] LOG_ERROR aaaaaaaaaaaaaaaaaaaaaaa ChannelProto_JN9504.cpp:29
2022-06-13 14:48:27.093 [5433] LOG_ERROR aaaaaaaaaaaaaaaaaaaaaaa ChannelProto_JN9504.cpp:29
2022-06-13 14:48:27.093 [5433] LOG_ERROR aaaaaaaaaaaaaaaaaaaaaaa ChannelProto_JN9504.cpp:29
2022-06-13 14:48:27.093 [5433] LOG_ERROR aaaaaaaaaaaaaaaaaaaaaaa ChannelProto_JN9504.cpp:29
2022-06-13 14:48:27.094 [5433] LOG_ERROR aaaaaaaaaaaaaaaaaaaaaaa ChannelProto_JN9504.cpp:29
2022-06-13 14:48:27.095 [5433] LOG_ERROR aaaaaaaaaaaaaaaaaaaaaaa ChannelProto_JN9504.cpp:29
2022-06-13 14:48:27.096 [5433] LOG_ERROR aaaaaaaaaaaaaaaaaaaaaaa ChannelProto_JN9504.cpp:29
2022-06-13 14:48:27.096 [5446] LOG_ERROR aaaaaaaaaaaaaaaaaaaaaaa ChannelProto_JN9504.cpp:29
2022-06-13 14:48:27.096 [5446] LOG_ERROR aaaaaaaaaaaaaaaaaaaaaaa ChannelProto_JN9504.cpp:29
2022-06-13 14:48:27.096 [5433] LOG_ERROR aaaaaaaaaaaaaaaaaaaaaaa ChannelProto_JN9504.cpp:29
2022-06-13 14:48:27.096 [5446] LOG_ERROR aaaaaaaaaaaaaaaaaaaaaaa ChannelProto_JN9504.cpp:29
2022-06-13 14:48:27.096 [5446] LOG_ERROR aaaaaaaaaaaaaaaaaaaaaaa ChannelProto_JN9504.cpp:29
2022-06-13 14:48:27.097 [5433] LOG_ERROR aaaaaaaaaaaaaaaaaaaaaaa ChannelProto_JN9504.cpp:29
2022-06-13 14:48:27.097 [5446] LOG_ERROR aaaaaaaaaaaaaaaaaaaaaaa ChannelProto_JN9504.cpp:29
2022-06-13 14:48:27.097 [5446] LOG_ERROR aaaaaaaaaaaaaaaaaaaaaaa ChannelProto_JN9504.cpp:29
2022-06-13 14:48:27.098 [5433] LOG_ERROR aaaaaaaaaaaaaaaaaaaaaaa ChannelProto_JN9504.cpp:29
2022-06-13 14:48:27.098 [5446] LOG_ERROR aaaaaaaaaaaaaaaaaaaaaaa ChannelProto_JN9504.cpp:29
2022-06-13 14:48:27.099 [5446] LOG_ERROR aaaaaaaaaaaaaaaaaaaaaaa ChannelProto_JN9504.cpp:29
2022-06-13 14:48:27.099 [5446] LOG_ERROR aaaaaaaaaaaaaaaaaaaaaaa ChannelProto_JN9504.cpp:29
2022-06-13 14:48:27.099 [5446] LOG_ERROR aaaaaaaaaaaaaaaaaaaaaaa ChannelProto_JN9504.cpp:29
2022-06-13 14:48:27.100 [5446] LOG_ERROR aaaaaaaaaaaaaaaaaaaaaaa ChannelProto_JN9504.cpp:29
2022-06-13 14:48:27.100 [5433] LOG_ERROR aaaaaaaaaaaaaaaaaaaaaaa ChannelProto_JN9504.cpp:29
2022-06-13 14:48:27.101 [5446] LOG_ERROR aaaaaaaaaaaaaaaaaaaaaaa ChannelProto_JN9504.cpp:29
2022-06-13 14:48:27.102 [5446] LOG_ERROR aaaaaaaaaaaaaaaaaaaaaaa ChannelProto_JN9504.cpp:29
2022-06-13 14:48:27.102 [5433] LOG_ERROR aaaaaaaaaaaaaaaaaaaaaaa ChannelProto_JN9504.cpp:29
2022-06-13 14:48:27.102 [5446] LOG_ERROR aaaaaaaaaaaaaaaaaaaaaaa ChannelProto_JN9504.cpp:29
2022-06-13 14:48:27.103 [5446] LOG_ERROR aaaaaaaaaaaaaaaaaaaaaaa ChannelProto_JN9504.cpp:29
2022-06-13 14:48:27.103 [5446] LOG_ERROR aaaaaaaaaaaaaaaaaaaaaaa ChannelProto_JN9504.cpp:29
2022-06-13 14:48:27.103 [5433] LOG_ERROR aaaaaaaaaaaaaaaaaaaaaaa ChannelProto_JN9504.cpp:29
2022-06-13 14:48:27.104 [5446] LOG_ERROR aaaaaaaaaaaaaaaaaaaaaaa ChannelProto_JN9504.cpp:29
2022-06-13 14:48:27.106 [5446] LOG_ERROR aaaaaaaaaaaaaaaaaaaaaaa ChannelProto_JN9504.cpp:29
2022-06-13 14:48:27.107 [5449] LOG_ERROR aaaaaaaaaaaaaaaaaaaaaaa ChannelProto_JN9504.cpp:29
2022-06-13 14:48:27.108 [5433] LOG_ERROR aaaaaaaaaaaaaaaaaaaaaaa ChannelProto_JN9504.cpp:29
2022-06-13 14:48:27.108 [5446] LOG_ERROR aaaaaaaaaaaaaaaaaaaaaaa ChannelProto_JN9504.cpp:29
2022-06-13 14:48:27.108 [5449] LOG_ERROR aaaaaaaaaaaaaaaaaaaaaaa ChannelProto_JN9504.cpp:29
2022-06-13 14:48:27.109 [5449] LOG_ERROR aaaaaaaaaaaaaaaaaaaaaaa ChannelProto_JN9504.cpp:29
2022-06-13 14:48:27.109 [5446] LOG_ERROR aaaaaaaaaaaaaaaaaaaaaaa ChannelProto_JN9504.cpp:29
2022-06-13 14:48:27.109 [5449] LOG_ERROR aaaaaaaaaaaaaaaaaaaaaaa ChannelProto_JN9504.cpp:29
2022-06-13 14:48:27.110 [5433] LOG_ERROR aaaaaaaaaaaaaaaaaaaaaaa ChannelProto_JN9504.cpp:29
2022-06-13 14:48:27.110 [5449] LOG_ERROR aaaaaaaaaaaaaaaaaaaaaaa ChannelProto_JN9504.cpp:29
2022-06-13 14:48:27.110 [5446] LOG_ERROR aaaaaaaaaaaaaaaaaaaaaaa ChannelProto_JN9504.cpp:29
2022-06-13 14:48:27.110 [5449] LOG_ERROR aaaaaaaaaaaaaaaaaaaaaaa ChannelProto_JN9504.cpp:29
2022-06-13 14:48:27.110 [5433] LOG_ERROR aaaaaaaaaaaaaaaaaaaaaaa ChannelProto_JN9504.cpp:29
2022-06-13 14:48:27.110 [5449] LOG_ERROR aaaaaaaaaaaaaaaaaaaaaaa ChannelProto_JN9504.cpp:29
2022-06-13 14:48:27.111 [5446] LOG_ERROR aaaaaaaaaaaaaaaaaaaaaaa ChannelProto_JN9504.cpp:29
2022-06-13 14:48:27.111 [5449] LOG_ERROR aaaaaaaaaaaaaaaaaaaaaaa ChannelProto_JN9504.cpp:29
2022-06-13 14:48:27.111 [5449] LOG_ERROR aaaaaaaaaaaaaaaaaaaaaaa ChannelProto_JN9504.cpp:29
2022-06-13 14:48:27.111 [5446] LOG_ERROR aaaaaaaaaaaaaaaaaaaaaaa ChannelProto_JN9504.cpp:29
2022-06-13 14:48:27.112 [5449] LOG_ERROR aaaaaaaaaaaaaaaaaaaaaaa ChannelProto_JN9504.cpp:29
2022-06-13 14:48:27.112 [5433] LOG_ERROR aaaaaaaaaaaaaaaaaaaaaaa ChannelProto_JN9504.cpp:29
2022-06-13 14:48:27.112 [5433] LOG_ERROR aaaaaaaaaaaaaaaaaaaaaaa ChannelProto_JN9504.cpp:29
2022-06-13 14:48:27.112 [5433] LOG_ERROR aaaaaaaaaaaaaaaaaaaaaaa ChannelProto_JN9504.cpp:29
2022-06-13 14:48:27.112 [5433] LOG_ERROR aaaaaaaaaaaaaaaaaaaaaaa ChannelProto_JN9504.cpp:29
2022-06-13 14:48:27.112 [5433] LOG_ERROR aaaaaaaaaaaaaaaaaaaaaaa ChannelProto_JN9504.cpp:29
2022-06-13 14:48:27.112 [5433] LOG_ERROR aaaaaaaaaaaaaaaaaaaaaaa ChannelProto_JN9504.cpp:29
2022-06-13 14:48:27.112 [5449] LOG_ERROR aaaaaaaaaaaaaaaaaaaaaaa ChannelProto_JN9504.cpp:29
2022-06-13 14:48:27.113 [5446] LOG_ERROR aaaaaaaaaaaaaaaaaaaaaaa ChannelProto_JN9504.cpp:29
2022-06-13 14:48:27.113 [5433] LOG_ERROR aaaaaaaaaaaaaaaaaaaaaaa ChannelProto_JN9504.cpp:29
2022-06-13 14:48:27.113 [5449] LOG_ERROR aaaaaaaaaaaaaaaaaaaaaaa ChannelProto_JN9504.cpp:29
2022-06-13 14:48:27.113 [5446] LOG_ERROR aaaaaaaaaaaaaaaaaaaaaaa ChannelProto_JN9504.cpp:29
2022-06-13 14:48:27.114 [5433] LOG_ERROR aaaaaaaaaaaaaaaaaaaaaaa ChannelProto_JN9504.cpp:29
2022-06-13 14:48:27.114 [5449] LOG_ERROR aaaaaaaaaaaaaaaaaaaaaaa ChannelProto_JN9504.cpp:29
2022-06-13 14:48:27.114 [5446] LOG_ERROR aaaaaaaaaaaaaaaaaaaaaaa ChannelProto_JN9504.cpp:29
2022-06-13 14:48:27.114 [5449] LOG_ERROR aaaaaaaaaaaaaaaaaaaaaaa ChannelProto_JN9504.cpp:29
2022-06-13 14:48:27.115 [5446] LOG_ERROR aaaaaaaaaaaaaaaaaaaaaaa ChannelProto_JN9504.cpp:29
2022-06-13 14:48:27.115 [5433] LOG_ERROR aaaaaaaaaaaaaaaaaaaaaaa ChannelProto_JN9504.cpp:29
2022-06-13 14:48:27.115 [5446] LOG_ERROR aaaaaaaaaaaaaaaaaaaaaaa ChannelProto_JN9504.cpp:29
2022-06-13 14:48:27.115 [5449] LOG_ERROR aaaaaaaaaaaaaaaaaaaaaaa ChannelProto_JN9504.cpp:29
2022-06-13 14:48:27.115 [5446] LOG_ERROR aaaaaaaaaaaaaaaaaaaaaaa ChannelProto_JN9504.cpp:29
2022-06-13 14:48:27.116 [5446] LOG_ERROR aaaaaaaaaaaaaaaaaaaaaaa ChannelProto_JN9504.cpp:29
2022-06-13 14:48:27.116 [5449] LOG_ERROR aaaaaaaaaaaaaaaaaaaaaaa ChannelProto_JN9504.cpp:29
2022-06-13 14:48:27.116 [5433] LOG_ERROR aaaaaaaaaaaaaaaaaaaaaaa ChannelProto_JN9504.cpp:29
2022-06-13 14:48:27.116 [5433] LOG_ERROR aaaaaaaaaaaaaaaaaaaaaaa ChannelProto_JN9504.cpp:29
2022-06-13 14:48:27.116 [5433] LOG_ERROR aaaaaaaaaaaaaaaaaaaaaaa ChannelProto_JN9504.cpp:29
2022-06-13 14:48:27.116 [5449] LOG_ERROR aaaaaaaaaaaaaaaaaaaaaaa ChannelProto_JN9504.cpp:29
2022-06-13 14:48:27.117 [5446] LOG_ERROR aaaaaaaaaaaaaaaaaaaaaaa ChannelProto_JN9504.cpp:29
2022-06-13 14:48:27.117 [5446] LOG_ERROR aaaaaaaaaaaaaaaaaaaaaaa ChannelProto_JN9504.cpp:29
2022-06-13 14:48:27.117 [5433] LOG_ERROR aaaaaaaaaaaaaaaaaaaaaaa ChannelProto_JN9504.cpp:29
2022-06-13 14:48:27.117 [5433] LOG_ERROR aaaaaaaaaaaaaaaaaaaaaaa ChannelProto_JN9504.cpp:29
2022-06-13 14:48:27.117 [5433] LOG_ERROR aaaaaaaaaaaaaaaaaaaaaaa ChannelProto_JN9504.cpp:29
2022-06-13 14:48:27.117 [5433] LOG_ERROR aaaaaaaaaaaaaaaaaaaaaaa ChannelProto_JN9504.cpp:29
2022-06-13 14:48:27.117 [5433] LOG_ERROR aaaaaaaaaaaaaaaaaaaaaaa ChannelProto_JN9504.cpp:29
2022-06-13 14:48:27.117 [5433] LOG_ERROR aaaaaaaaaaaaaaaaaaaaaaa ChannelProto_JN9504.cpp:29
2022-06-13 14:48:27.117 [5449] LOG_ERROR aaaaaaaaaaaaaaaaaaaaaaa ChannelProto_JN9504.cpp:29
2022-06-13 14:48:27.117 [5433] LOG_ERROR aaaaaaaaaaaaaaaaaaaaaaa ChannelProto_JN9504.cpp:29
2022-06-13 14:48:27.118 [5449] LOG_ERROR aaaaaaaaaaaaaaaaaaaaaaa ChannelProto_JN9504.cpp:29
2022-06-13 14:48:27.118 [5433] LOG_ERROR aaaaaaaaaaaaaaaaaaaaaaa ChannelProto_JN9504.cpp:29
2022-06-13 14:48:27.118 [5449] LOG_ERROR aaaaaaaaaaaaaaaaaaaaaaa ChannelProto_JN9504.cpp:29
2022-06-13 14:48:27.119 [5433] LOG_ERROR aaaaaaaaaaaaaaaaaaaaaaa ChannelProto_JN9504.cpp:29
2022-06-13 14:48:27.119 [5449] LOG_ERROR aaaaaaaaaaaaaaaaaaaaaaa ChannelProto_JN9504.cpp:29
2022-06-13 14:48:27.120 [5449] LOG_ERROR aaaaaaaaaaaaaaaaaaaaaaa ChannelProto_JN9504.cpp:29
2022-06-13 14:48:27.120 [5433] LOG_ERROR aaaaaaaaaaaaaaaaaaaaaaa ChannelProto_JN9504.cpp:29
2022-06-13 14:48:27.120 [5449] LOG_ERROR aaaaaaaaaaaaaaaaaaaaaaa ChannelProto_JN9504.cpp:29
2022-06-13 14:48:27.121 [5449] LOG_ERROR aaaaaaaaaaaaaaaaaaaaaaa ChannelProto_JN9504.cpp:29
2022-06-13 14:48:27.121 [5449] LOG_ERROR aaaaaaaaaaaaaaaaaaaaaaa ChannelProto_JN9504.cpp:29
2022-06-13 14:48:27.121 [5433] LOG_ERROR aaaaaaaaaaaaaaaaaaaaaaa ChannelProto_JN9504.cpp:29
2022-06-13 14:48:27.121 [5449] LOG_ERROR aaaaaaaaaaaaaaaaaaaaaaa ChannelProto_JN9504.cpp:29
2022-06-13 14:48:27.122 [5449] LOG_ERROR aaaaaaaaaaaaaaaaaaaaaaa ChannelProto_JN9504.cpp:29
2022-06-13 14:48:27.122 [5449] LOG_ERROR aaaaaaaaaaaaaaaaaaaaaaa ChannelProto_JN9504.cpp:29
2022-06-13 14:48:27.123 [5449] LOG_ERROR aaaaaaaaaaaaaaaaaaaaaaa ChannelProto_JN9504.cpp:29
2022-06-13 14:48:27.123 [5449] LOG_ERROR aaaaaaaaaaaaaaaaaaaaaaa ChannelProto_JN9504.cpp:29
2022-06-13 14:48:27.123 [5449] LOG_ERROR aaaaaaaaaaaaaaaaaaaaaaa ChannelProto_JN9504.cpp:29
2022-06-13 14:48:27.124 [5449] LOG_ERROR aaaaaaaaaaaaaaaaaaaaaaa ChannelProto_JN9504.cpp:29
2022-06-13 14:48:27.124 [5433] LOG_ERROR aaaaaaaaaaaaaaaaaaaaaaa ChannelProto_JN9504.cpp:29
2022-06-13 14:48:27.124 [5433] LOG_ERROR aaaaaaaaaaaaaaaaaaaaaaa ChannelProto_JN9504.cpp:29
2022-06-13 14:48:27.124 [5433] LOG_ERROR aaaaaaaaaaaaaaaaaaaaaaa ChannelProto_JN9504.cpp:29
2022-06-13 14:48:27.124 [5433] LOG_ERROR aaaaaaaaaaaaaaaaaaaaaaa ChannelProto_JN9504.cpp:29
2022-06-13 14:48:27.124 [5433] LOG_ERROR aaaaaaaaaaaaaaaaaaaaaaa ChannelProto_JN9504.cpp:29
2022-06-13 14:48:27.124 [5433] LOG_ERROR aaaaaaaaaaaaaaaaaaaaaaa ChannelProto_JN9504.cpp:29
2022-06-13 14:48:27.124 [5433] LOG_ERROR aaaaaaaaaaaaaaaaaaaaaaa ChannelProto_JN9504.cpp:29
2022-06-13 14:48:27.124 [5433] LOG_ERROR aaaaaaaaaaaaaaaaaaaaaaa ChannelProto_JN9504.cpp:29
2022-06-13 14:48:27.124 [5433] LOG_ERROR aaaaaaaaaaaaaaaaaaaaaaa ChannelProto_JN9504.cpp:29
2022-06-13 14:48:27.124 [5433] LOG_ERROR aaaaaaaaaaaaaaaaaaaaaaa ChannelProto_JN9504.cpp:29
2022-06-13 14:48:27.124 [5433] LOG_ERROR aaaaaaaaaaaaaaaaaaaaaaa ChannelProto_JN9504.cpp:29
2022-06-13 14:48:27.124 [5433] LOG_ERROR aaaaaaaaaaaaaaaaaaaaaaa ChannelProto_JN9504.cpp:29
2022-06-13 14:48:27.124 [5433] LOG_ERROR aaaaaaaaaaaaaaaaaaaaaaa ChannelProto_JN9504.cpp:29
2022-06-13 14:48:27.124 [5433] LOG_ERROR aaaaaaaaaaaaaaaaaaaaaaa ChannelProto_JN9504.cpp:29
2022-06-13 14:48:27.124 [5433] LOG_ERROR aaaaaaaaaaaaaaaaaaaaaaa ChannelProto_JN9504.cpp:29
2022-06-13 14:48:27.124 [5433] LOG_ERROR aaaaaaaaaaaaaaaaaaaaaaa ChannelProto_JN9504.cpp:29
2022-06-13 14:48:27.124 [5433] LOG_ERROR aaaaaaaaaaaaaaaaaaaaaaa ChannelProto_JN9504.cpp:29
2022-06-13 14:48:27.124 [5433] LOG_ERROR aaaaaaaaaaaaaaaaaaaaaaa ChannelProto_JN9504.cpp:29
2022-06-13 14:48:27.124 [5433] LOG_ERROR aaaaaaaaaaaaaaaaaaaaaaa ChannelProto_JN9504.cpp:29
2022-06-13 14:48:27.124 [5433] LOG_ERROR aaaaaaaaaaaaaaaaaaaaaaa ChannelProto_JN9504.cpp:29
2022-06-13 14:48:27.124 [5433] LOG_ERROR aaaaaaaaaaaaaaaaaaaaaaa ChannelProto_JN9504.cpp:29
2022-06-13 14:48:27.124 [5433] LOG_ERROR aaaaaaaaaaaaaaaaaaaaaaa ChannelProto_JN9504.cpp:29
2022-06-13 14:48:27.124 [5433] LOG_ERROR aaaaaaaaaaaaaaaaaaaaaaa ChannelProto_JN9504.cpp:29
2022-06-13 14:48:27.124 [5433] LOG_ERROR aaaaaaaaaaaaaaaaaaaaaaa ChannelProto_JN9504.cpp:29
2022-06-13 14:48:27.124 [5433] LOG_ERROR aaaaaaaaaaaaaaaaaaaaaaa ChannelProto_JN9504.cpp:29
2022-06-13 14:48:27.124 [5433] LOG_ERROR aaaaaaaaaaaaaaaaaaaaaaa ChannelProto_JN9504.cpp:29
2022-06-13 14:48:27.124 [5433] LOG_ERROR aaaaaaaaaaaaaaaaaaaaaaa ChannelProto_JN9504.cpp:29
2022-06-13 14:48:27.124 [5433] LOG_ERROR aaaaaaaaaaaaaaaaaaaaaaa ChannelProto_JN9504.cpp:29
2022-06-13 14:48:27.124 [5433] LOG_ERROR aaaaaaaaaaaaaaaaaaaaaaa ChannelProto_JN9504.cpp:29
2022-06-13 14:48:27.124 [5433] LOG_ERROR aaaaaaaaaaaaaaaaaaaaaaa ChannelProto_JN9504.cpp:29
2022-06-13 14:48:27.124 [5433] LOG_ERROR aaaaaaaaaaaaaaaaaaaaaaa ChannelProto_JN9504.cpp:29
2022-06-13 14:48:27.126 [5433] LOG_ERROR aaaaaaaaaaaaaaaaaaaaaaa ChannelProto_JN9504.cpp:29
2022-06-13 14:48:27.128 [5450] LOG_ERROR aaaaaaaaaaaaaaaaaaaaaaa ChannelProto_JN9504.cpp:29
2022-06-13 14:48:27.128 [5450] LOG_ERROR aaaaaaaaaaaaaaaaaaaaaaa ChannelProto_JN9504.cpp:29
2022-06-13 14:48:27.129 [5450] LOG_ERROR aaaaaaaaaaaaaaaaaaaaaaa ChannelProto_JN9504.cpp:29
2022-06-13 14:48:27.130 [5450] LOG_ERROR aaaaaaaaaaaaaaaaaaaaaaa ChannelProto_JN9504.cpp:29
2022-06-13 14:48:27.130 [5450] LOG_ERROR aaaaaaaaaaaaaaaaaaaaaaa ChannelProto_JN9504.cpp:29
2022-06-13 14:48:27.131 [5433] LOG_ERROR aaaaaaaaaaaaaaaaaaaaaaa ChannelProto_JN9504.cpp:29
2022-06-13 14:48:27.131 [5433] LOG_ERROR aaaaaaaaaaaaaaaaaaaaaaa ChannelProto_JN9504.cpp:29
2022-06-13 14:48:27.131 [5450] LOG_ERROR aaaaaaaaaaaaaaaaaaaaaaa ChannelProto_JN9504.cpp:29
2022-06-13 14:48:27.131 [5450] LOG_ERROR aaaaaaaaaaaaaaaaaaaaaaa ChannelProto_JN9504.cpp:29
2022-06-13 14:48:27.132 [5450] LOG_ERROR aaaaaaaaaaaaaaaaaaaaaaa ChannelProto_JN9504.cpp:29
2022-06-13 14:48:27.132 [5450] LOG_ERROR aaaaaaaaaaaaaaaaaaaaaaa ChannelProto_JN9504.cpp:29
2022-06-13 14:48:27.132 [5433] LOG_ERROR aaaaaaaaaaaaaaaaaaaaaaa ChannelProto_JN9504.cpp:29
2022-06-13 14:48:27.132 [5450] LOG_ERROR aaaaaaaaaaaaaaaaaaaaaaa ChannelProto_JN9504.cpp:29
2022-06-13 14:48:27.132 [5450] LOG_ERROR aaaaaaaaaaaaaaaaaaaaaaa ChannelProto_JN9504.cpp:29
2022-06-13 14:48:27.132 [5450] LOG_ERROR aaaaaaaaaaaaaaaaaaaaaaa ChannelProto_JN9504.cpp:29
2022-06-13 14:48:27.132 [5450] LOG_ERROR aaaaaaaaaaaaaaaaaaaaaaa ChannelProto_JN9504.cpp:29
2022-06-13 14:48:27.132 [5450] LOG_ERROR aaaaaaaaaaaaaaaaaaaaaaa ChannelProto_JN9504.cpp:29
2022-06-13 14:48:27.132 [5450] LOG_ERROR aaaaaaaaaaaaaaaaaaaaaaa ChannelProto_JN9504.cpp:29
2022-06-13 14:48:27.132 [5450] LOG_ERROR aaaaaaaaaaaaaaaaaaaaaaa ChannelProto_JN9504.cpp:29
2022-06-13 14:48:27.132 [5450] LOG_ERROR aaaaaaaaaaaaaaaaaaaaaaa ChannelProto_JN9504.cpp:29
2022-06-13 14:48:27.132 [5450] LOG_ERROR aaaaaaaaaaaaaaaaaaaaaaa ChannelProto_JN9504.cpp:29
2022-06-13 14:48:27.132 [5450] LOG_ERROR aaaaaaaaaaaaaaaaaaaaaaa ChannelProto_JN9504.cpp:29
2022-06-13 14:48:27.132 [5450] LOG_ERROR aaaaaaaaaaaaaaaaaaaaaaa ChannelProto_JN9504.cpp:29
2022-06-13 14:48:27.132 [5450] LOG_ERROR aaaaaaaaaaaaaaaaaaaaaaa ChannelProto_JN9504.cpp:29
2022-06-13 14:48:27.132 [5450] LOG_ERROR aaaaaaaaaaaaaaaaaaaaaaa ChannelProto_JN9504.cpp:29
2022-06-13 14:48:27.132 [5450] LOG_ERROR aaaaaaaaaaaaaaaaaaaaaaa ChannelProto_JN9504.cpp:29
2022-06-13 14:48:27.132 [5450] LOG_ERROR aaaaaaaaaaaaaaaaaaaaaaa ChannelProto_JN9504.cpp:29
2022-06-13 14:48:27.132 [5450] LOG_ERROR aaaaaaaaaaaaaaaaaaaaaaa ChannelProto_JN9504.cpp:29
2022-06-13 14:48:27.132 [5450] LOG_ERROR aaaaaaaaaaaaaaaaaaaaaaa ChannelProto_JN9504.cpp:29
2022-06-13 14:48:27.132 [5450] LOG_ERROR aaaaaaaaaaaaaaaaaaaaaaa ChannelProto_JN9504.cpp:29
2022-06-13 14:48:27.132 [5450] LOG_ERROR aaaaaaaaaaaaaaaaaaaaaaa ChannelProto_JN9504.cpp:29
2022-06-13 14:48:27.132 [5450] LOG_ERROR aaaaaaaaaaaaaaaaaaaaaaa ChannelProto_JN9504.cpp:29
2022-06-13 14:48:27.132 [5450] LOG_ERROR aaaaaaaaaaaaaaaaaaaaaaa ChannelProto_JN9504.cpp:29
2022-06-13 14:48:27.132 [5450] LOG_ERROR aaaaaaaaaaaaaaaaaaaaaaa ChannelProto_JN9504.cpp:29
2022-06-13 14:48:27.132 [5450] LOG_ERROR aaaaaaaaaaaaaaaaaaaaaaa ChannelProto_JN9504.cpp:29
2022-06-13 14:48:27.132 [5433] LOG_ERROR aaaaaaaaaaaaaaaaaaaaaaa ChannelProto_JN9504.cpp:29
2022-06-13 14:48:27.133 [5433] LOG_ERROR aaaaaaaaaaaaaaaaaaaaaaa ChannelProto_JN9504.cpp:29
2022-06-13 14:48:27.133 [5433] LOG_ERROR aaaaaaaaaaaaaaaaaaaaaaa ChannelProto_JN9504.cpp:29
2022-06-13 14:48:27.133 [5433] LOG_ERROR aaaaaaaaaaaaaaaaaaaaaaa ChannelProto_JN9504.cpp:29
2022-06-13 14:48:27.134 [5433] LOG_ERROR aaaaaaaaaaaaaaaaaaaaaaa ChannelProto_JN9504.cpp:29
2022-06-13 14:48:27.135 [5433] LOG_ERROR aaaaaaaaaaaaaaaaaaaaaaa ChannelProto_JN9504.cpp:29
2022-06-13 14:48:27.136 [5433] LOG_ERROR aaaaaaaaaaaaaaaaaaaaaaa ChannelProto_JN9504.cpp:29
2022-06-13 14:48:27.138 [5433] LOG_ERROR aaaaaaaaaaaaaaaaaaaaaaa ChannelProto_JN9504.cpp:29
2022-06-13 14:48:27.138 [5433] LOG_ERROR aaaaaaaaaaaaaaaaaaaaaaa ChannelProto_JN9504.cpp:29
2022-06-13 14:48:27.138 [5433] LOG_ERROR aaaaaaaaaaaaaaaaaaaaaaa ChannelProto_JN9504.cpp:29
2022-06-13 14:48:27.138 [5433] LOG_ERROR aaaaaaaaaaaaaaaaaaaaaaa ChannelProto_JN9504.cpp:29
2022-06-13 14:48:27.138 [5433] LOG_ERROR aaaaaaaaaaaaaaaaaaaaaaa ChannelProto_JN9504.cpp:29
2022-06-13 14:48:27.138 [5433] LOG_ERROR aaaaaaaaaaaaaaaaaaaaaaa ChannelProto_JN9504.cpp:29
2022-06-13 14:48:27.138 [5433] LOG_ERROR aaaaaaaaaaaaaaaaaaaaaaa ChannelProto_JN9504.cpp:29
2022-06-13 14:48:27.143 [5433] LOG_ERROR aaaaaaaaaaaaaaaaaaaaaaa ChannelProto_JN9504.cpp:29
2022-06-13 14:48:27.153 [5433] LOG_ERROR aaaaaaaaaaaaaaaaaaaaaaa ChannelProto_JN9504.cpp:29
2022-06-13 14:48:27.154 [5433] LOG_ERROR aaaaaaaaaaaaaaaaaaaaaaa ChannelProto_JN9504.cpp:29
2022-06-13 14:48:27.155 [5451] LOG_ERROR aaaaaaaaaaaaaaaaaaaaaaa ChannelProto_JN9504.cpp:29
2022-06-13 14:48:27.155 [5451] LOG_ERROR aaaaaaaaaaaaaaaaaaaaaaa ChannelProto_JN9504.cpp:29
2022-06-13 14:48:27.155 [5451] LOG_ERROR aaaaaaaaaaaaaaaaaaaaaaa ChannelProto_JN9504.cpp:29
2022-06-13 14:48:27.155 [5451] LOG_ERROR aaaaaaaaaaaaaaaaaaaaaaa ChannelProto_JN9504.cpp:29
2022-06-13 14:48:27.155 [5451] LOG_ERROR aaaaaaaaaaaaaaaaaaaaaaa ChannelProto_JN9504.cpp:29
2022-06-13 14:48:27.155 [5451] LOG_ERROR aaaaaaaaaaaaaaaaaaaaaaa ChannelProto_JN9504.cpp:29
2022-06-13 14:48:27.155 [5451] LOG_ERROR aaaaaaaaaaaaaaaaaaaaaaa ChannelProto_JN9504.cpp:29
2022-06-13 14:48:27.155 [5451] LOG_ERROR aaaaaaaaaaaaaaaaaaaaaaa ChannelProto_JN9504.cpp:29
2022-06-13 14:48:27.155 [5451] LOG_ERROR aaaaaaaaaaaaaaaaaaaaaaa ChannelProto_JN9504.cpp:29
2022-06-13 14:48:27.155 [5451] LOG_ERROR aaaaaaaaaaaaaaaaaaaaaaa ChannelProto_JN9504.cpp:29
2022-06-13 14:48:27.155 [5451] LOG_ERROR aaaaaaaaaaaaaaaaaaaaaaa ChannelProto_JN9504.cpp:29
2022-06-13 14:48:27.155 [5451] LOG_ERROR aaaaaaaaaaaaaaaaaaaaaaa ChannelProto_JN9504.cpp:29
2022-06-13 14:48:27.155 [5451] LOG_ERROR aaaaaaaaaaaaaaaaaaaaaaa ChannelProto_JN9504.cpp:29
2022-06-13 14:48:27.155 [5451] LOG_ERROR aaaaaaaaaaaaaaaaaaaaaaa ChannelProto_JN9504.cpp:29
2022-06-13 14:48:27.155 [5451] LOG_ERROR aaaaaaaaaaaaaaaaaaaaaaa ChannelProto_JN9504.cpp:29
2022-06-13 14:48:27.155 [5451] LOG_ERROR aaaaaaaaaaaaaaaaaaaaaaa ChannelProto_JN9504.cpp:29
2022-06-13 14:48:27.155 [5451] LOG_ERROR aaaaaaaaaaaaaaaaaaaaaaa ChannelProto_JN9504.cpp:29
2022-06-13 14:48:27.155 [5451] LOG_ERROR aaaaaaaaaaaaaaaaaaaaaaa ChannelProto_JN9504.cpp:29
2022-06-13 14:48:27.155 [5451] LOG_ERROR aaaaaaaaaaaaaaaaaaaaaaa ChannelProto_JN9504.cpp:29
2022-06-13 14:48:27.155 [5451] LOG_ERROR aaaaaaaaaaaaaaaaaaaaaaa ChannelProto_JN9504.cpp:29
2022-06-13 14:48:27.155 [5451] LOG_ERROR aaaaaaaaaaaaaaaaaaaaaaa ChannelProto_JN9504.cpp:29
2022-06-13 14:48:27.155 [5451] LOG_ERROR aaaaaaaaaaaaaaaaaaaaaaa ChannelProto_JN9504.cpp:29
2022-06-13 14:48:27.155 [5451] LOG_ERROR aaaaaaaaaaaaaaaaaaaaaaa ChannelProto_JN9504.cpp:29
2022-06-13 14:48:27.155 [5451] LOG_ERROR aaaaaaaaaaaaaaaaaaaaaaa ChannelProto_JN9504.cpp:29
2022-06-13 14:48:27.155 [5451] LOG_ERROR aaaaaaaaaaaaaaaaaaaaaaa ChannelProto_JN9504.cpp:29
2022-06-13 14:48:27.155 [5451] LOG_ERROR aaaaaaaaaaaaaaaaaaaaaaa ChannelProto_JN9504.cpp:29
2022-06-13 14:48:27.155 [5451] LOG_ERROR aaaaaaaaaaaaaaaaaaaaaaa ChannelProto_JN9504.cpp:29
2022-06-13 14:48:27.155 [5451] LOG_ERROR aaaaaaaaaaaaaaaaaaaaaaa ChannelProto_JN9504.cpp:29
2022-06-13 14:48:27.155 [5451] LOG_ERROR aaaaaaaaaaaaaaaaaaaaaaa ChannelProto_JN9504.cpp:29
2022-06-13 14:48:27.155 [5451] LOG_ERROR aaaaaaaaaaaaaaaaaaaaaaa ChannelProto_JN9504.cpp:29
2022-06-13 14:48:27.155 [5451] LOG_ERROR aaaaaaaaaaaaaaaaaaaaaaa ChannelProto_JN9504.cpp:29
2022-06-13 14:48:27.155 [5451] LOG_ERROR aaaaaaaaaaaaaaaaaaaaaaa ChannelProto_JN9504.cpp:29
2022-06-13 14:48:27.156 [5433] LOG_ERROR aaaaaaaaaaaaaaaaaaaaaaa ChannelProto_JN9504.cpp:29
2022-06-13 14:48:27.157 [5433] LOG_ERROR aaaaaaaaaaaaaaaaaaaaaaa ChannelProto_JN9504.cpp:29
2022-06-13 14:48:27.158 [5433] LOG_ERROR aaaaaaaaaaaaaaaaaaaaaaa ChannelProto_JN9504.cpp:29
2022-06-13 14:48:27.159 [5433] LOG_ERROR aaaaaaaaaaaaaaaaaaaaaaa ChannelProto_JN9504.cpp:29
2022-06-13 14:48:27.159 [5433] LOG_ERROR aaaaaaaaaaaaaaaaaaaaaaa ChannelProto_JN9504.cpp:29
2022-06-13 14:48:27.159 [5433] LOG_ERROR aaaaaaaaaaaaaaaaaaaaaaa ChannelProto_JN9504.cpp:29
2022-06-13 14:48:27.159 [5433] LOG_ERROR aaaaaaaaaaaaaaaaaaaaaaa ChannelProto_JN9504.cpp:29
2022-06-13 14:48:27.159 [5433] LOG_ERROR aaaaaaaaaaaaaaaaaaaaaaa ChannelProto_JN9504.cpp:29
2022-06-13 14:48:27.159 [5433] LOG_ERROR aaaaaaaaaaaaaaaaaaaaaaa ChannelProto_JN9504.cpp:29
2022-06-13 14:48:27.159 [5433] LOG_ERROR aaaaaaaaaaaaaaaaaaaaaaa ChannelProto_JN9504.cpp:29
2022-06-13 14:48:27.160 [5433] LOG_ERROR aaaaaaaaaaaaaaaaaaaaaaa ChannelProto_JN9504.cpp:29
2022-06-13 14:48:27.162 [5433] LOG_ERROR aaaaaaaaaaaaaaaaaaaaaaa ChannelProto_JN9504.cpp:29
2022-06-13 14:48:27.166 [5433] LOG_ERROR aaaaaaaaaaaaaaaaaaaaaaa ChannelProto_JN9504.cpp:29
2022-06-13 14:48:27.178 [5433] LOG_ERROR aaaaaaaaaaaaaaaaaaaaaaa ChannelProto_JN9504.cpp:29
2022-06-13 14:48:27.178 [5433] LOG_ERROR aaaaaaaaaaaaaaaaaaaaaaa ChannelProto_JN9504.cpp:29
2022-06-13 14:48:27.179 [5433] LOG_ERROR aaaaaaaaaaaaaaaaaaaaaaa ChannelProto_JN9504.cpp:29
2022-06-13 14:48:27.185 [5433] LOG_ERROR aaaaaaaaaaaaaaaaaaaaaaa ChannelProto_JN9504.cpp:29
2022-06-13 14:48:27.185 [5433] LOG_ERROR aaaaaaaaaaaaaaaaaaaaaaa ChannelProto_JN9504.cpp:29
2022-06-13 14:48:27.185 [5433] LOG_ERROR aaaaaaaaaaaaaaaaaaaaaaa ChannelProto_JN9504.cpp:29
2022-06-13 14:48:27.193 [5433] LOG_ERROR aaaaaaaaaaaaaaaaaaaaaaa ChannelProto_JN9504.cpp:29
2022-06-13 14:48:27.193 [5433] LOG_ERROR aaaaaaaaaaaaaaaaaaaaaaa ChannelProto_JN9504.cpp:29
2022-06-13 14:48:27.194 [5433] LOG_ERROR aaaaaaaaaaaaaaaaaaaaaaa ChannelProto_JN9504.cpp:29
2022-06-13 14:48:27.194 [5433] LOG_ERROR aaaaaaaaaaaaaaaaaaaaaaa ChannelProto_JN9504.cpp:29
2022-06-13 14:48:27.194 [5433] LOG_ERROR aaaaaaaaaaaaaaaaaaaaaaa ChannelProto_JN9504.cpp:29
2022-06-13 14:48:27.194 [5433] LOG_ERROR aaaaaaaaaaaaaaaaaaaaaaa ChannelProto_JN9504.cpp:29
2022-06-13 14:48:27.194 [5433] LOG_ERROR aaaaaaaaaaaaaaaaaaaaaaa ChannelProto_JN9504.cpp:29
2022-06-13 14:48:27.194 [5433] LOG_ERROR aaaaaaaaaaaaaaaaaaaaaaa ChannelProto_JN9504.cpp:29
2022-06-13 14:48:27.194 [5433] LOG_ERROR aaaaaaaaaaaaaaaaaaaaaaa ChannelProto_JN9504.cpp:29
2022-06-13 14:48:27.194 [5433] LOG_ERROR aaaaaaaaaaaaaaaaaaaaaaa ChannelProto_JN9504.cpp:29
2022-06-13 14:48:27.194 [5433] LOG_ERROR aaaaaaaaaaaaaaaaaaaaaaa ChannelProto_JN9504.cpp:29
2022-06-13 14:48:27.194 [5433] LOG_ERROR aaaaaaaaaaaaaaaaaaaaaaa ChannelProto_JN9504.cpp:29
2022-06-13 14:48:27.194 [5433] LOG_ERROR aaaaaaaaaaaaaaaaaaaaaaa ChannelProto_JN9504.cpp:29
2022-06-13 14:48:27.194 [5433] LOG_ERROR aaaaaaaaaaaaaaaaaaaaaaa ChannelProto_JN9504.cpp:29
2022-06-13 14:48:27.194 [5433] LOG_ERROR aaaaaaaaaaaaaaaaaaaaaaa ChannelProto_JN9504.cpp:29
2022-06-13 14:48:27.194 [5433] LOG_ERROR aaaaaaaaaaaaaaaaaaaaaaa ChannelProto_JN9504.cpp:29
2022-06-13 14:48:27.194 [5433] LOG_ERROR aaaaaaaaaaaaaaaaaaaaaaa ChannelProto_JN9504.cpp:29
2022-06-13 14:48:27.194 [5433] LOG_ERROR aaaaaaaaaaaaaaaaaaaaaaa ChannelProto_JN9504.cpp:29
2022-06-13 14:48:27.194 [5433] LOG_ERROR aaaaaaaaaaaaaaaaaaaaaaa ChannelProto_JN9504.cpp:29
2022-06-13 14:48:27.194 [5433] LOG_ERROR aaaaaaaaaaaaaaaaaaaaaaa ChannelProto_JN9504.cpp:29
2022-06-13 14:48:27.194 [5433] LOG_ERROR aaaaaaaaaaaaaaaaaaaaaaa ChannelProto_JN9504.cpp:29
2022-06-13 14:48:27.194 [5433] LOG_ERROR aaaaaaaaaaaaaaaaaaaaaaa ChannelProto_JN9504.cpp:29
2022-06-13 14:48:27.194 [5433] LOG_ERROR aaaaaaaaaaaaaaaaaaaaaaa ChannelProto_JN9504.cpp:29
2022-06-13 14:48:27.194 [5433] LOG_ERROR aaaaaaaaaaaaaaaaaaaaaaa ChannelProto_JN9504.cpp:29
2022-06-13 14:48:27.194 [5433] LOG_ERROR aaaaaaaaaaaaaaaaaaaaaaa ChannelProto_JN9504.cpp:29
2022-06-13 14:48:27.194 [5433] LOG_ERROR aaaaaaaaaaaaaaaaaaaaaaa ChannelProto_JN9504.cpp:29
2022-06-13 14:48:27.194 [5433] LOG_ERROR aaaaaaaaaaaaaaaaaaaaaaa ChannelProto_JN9504.cpp:29
2022-06-13 14:48:27.194 [5433] LOG_ERROR aaaaaaaaaaaaaaaaaaaaaaa ChannelProto_JN9504.cpp:29
2022-06-13 14:48:27.194 [5433] LOG_ERROR aaaaaaaaaaaaaaaaaaaaaaa ChannelProto_JN9504.cpp:29
2022-06-13 14:48:27.194 [5433] LOG_ERROR aaaaaaaaaaaaaaaaaaaaaaa ChannelProto_JN9504.cpp:29
2022-06-13 14:48:27.194 [5433] LOG_ERROR aaaaaaaaaaaaaaaaaaaaaaa ChannelProto_JN9504.cpp:29
2022-06-13 14:48:27.194 [5433] LOG_ERROR aaaaaaaaaaaaaaaaaaaaaaa ChannelProto_JN9504.cpp:29
2022-06-13 14:48:27.194 [5433] LOG_ERROR aaaaaaaaaaaaaaaaaaaaaaa ChannelProto_JN9504.cpp:29
2022-06-13 14:48:27.194 [5433] LOG_ERROR aaaaaaaaaaaaaaaaaaaaaaa ChannelProto_JN9504.cpp:29
2022-06-13 14:48:27.194 [5433] LOG_ERROR aaaaaaaaaaaaaaaaaaaaaaa ChannelProto_JN9504.cpp:29
2022-06-13 14:48:27.194 [5433] LOG_ERROR aaaaaaaaaaaaaaaaaaaaaaa ChannelProto_JN9504.cpp:29
2022-06-13 14:48:27.194 [5433] LOG_ERROR aaaaaaaaaaaaaaaaaaaaaaa ChannelProto_JN9504.cpp:29
2022-06-13 14:48:27.194 [5433] LOG_ERROR aaaaaaaaaaaaaaaaaaaaaaa ChannelProto_JN9504.cpp:29
2022-06-13 14:48:27.194 [5433] LOG_ERROR aaaaaaaaaaaaaaaaaaaaaaa ChannelProto_JN9504.cpp:29
2022-06-13 14:48:27.194 [5433] LOG_ERROR aaaaaaaaaaaaaaaaaaaaaaa ChannelProto_JN9504.cpp:29
2022-06-13 14:48:27.194 [5433] LOG_ERROR aaaaaaaaaaaaaaaaaaaaaaa ChannelProto_JN9504.cpp:29
2022-06-13 14:48:27.194 [5433] LOG_ERROR aaaaaaaaaaaaaaaaaaaaaaa ChannelProto_JN9504.cpp:29
2022-06-13 14:48:27.194 [5433] LOG_ERROR aaaaaaaaaaaaaaaaaaaaaaa ChannelProto_JN9504.cpp:29
2022-06-13 14:48:27.194 [5433] LOG_ERROR aaaaaaaaaaaaaaaaaaaaaaa ChannelProto_JN9504.cpp:29
2022-06-13 14:48:27.194 [5433] LOG_ERROR aaaaaaaaaaaaaaaaaaaaaaa ChannelProto_JN9504.cpp:29
2022-06-13 14:48:27.194 [5433] LOG_ERROR aaaaaaaaaaaaaaaaaaaaaaa ChannelProto_JN9504.cpp:29
2022-06-13 14:48:27.194 [5433] LOG_ERROR aaaaaaaaaaaaaaaaaaaaaaa ChannelProto_JN9504.cpp:29
2022-06-13 14:48:27.194 [5433] LOG_ERROR aaaaaaaaaaaaaaaaaaaaaaa ChannelProto_JN9504.cpp:29
2022-06-13 14:48:27.194 [5433] LOG_ERROR aaaaaaaaaaaaaaaaaaaaaaa ChannelProto_JN9504.cpp:29
2022-06-13 14:48:27.194 [5433] LOG_ERROR aaaaaaaaaaaaaaaaaaaaaaa ChannelProto_JN9504.cpp:29
2022-06-13 14:48:27.194 [5433] LOG_ERROR aaaaaaaaaaaaaaaaaaaaaaa ChannelProto_JN9504.cpp:29
2022-06-13 14:48:27.194 [5433] LOG_ERROR aaaaaaaaaaaaaaaaaaaaaaa ChannelProto_JN9504.cpp:29
2022-06-13 14:48:27.194 [5433] LOG_ERROR aaaaaaaaaaaaaaaaaaaaaaa ChannelProto_JN9504.cpp:29
2022-06-13 14:48:27.194 [5433] LOG_ERROR aaaaaaaaaaaaaaaaaaaaaaa ChannelProto_JN9504.cpp:29
2022-06-13 14:48:27.194 [5433] LOG_ERROR aaaaaaaaaaaaaaaaaaaaaaa ChannelProto_JN9504.cpp:29
2022-06-13 14:48:27.194 [5433] LOG_ERROR aaaaaaaaaaaaaaaaaaaaaaa ChannelProto_JN9504.cpp:29
2022-06-13 14:48:27.194 [5433] LOG_ERROR aaaaaaaaaaaaaaaaaaaaaaa ChannelProto_JN9504.cpp:29
2022-06-13 14:48:27.194 [5433] LOG_ERROR aaaaaaaaaaaaaaaaaaaaaaa ChannelProto_JN9504.cpp:29
2022-06-13 14:48:27.194 [5433] LOG_ERROR aaaaaaaaaaaaaaaaaaaaaaa ChannelProto_JN9504.cpp:29
2022-06-13 14:48:27.194 [5433] LOG_ERROR aaaaaaaaaaaaaaaaaaaaaaa ChannelProto_JN9504.cpp:29
2022-06-13 14:48:27.194 [5433] LOG_ERROR aaaaaaaaaaaaaaaaaaaaaaa ChannelProto_JN9504.cpp:29
2022-06-13 14:48:27.194 [5433] LOG_ERROR aaaaaaaaaaaaaaaaaaaaaaa ChannelProto_JN9504.cpp:29
2022-06-13 14:48:27.194 [5433] LOG_ERROR aaaaaaaaaaaaaaaaaaaaaaa ChannelProto_JN9504.cpp:29
2022-06-13 14:48:27.194 [5433] LOG_ERROR aaaaaaaaaaaaaaaaaaaaaaa ChannelProto_JN9504.cpp:29
2022-06-13 14:48:27.195 [5433] LOG_ERROR aaaaaaaaaaaaaaaaaaaaaaa ChannelProto_JN9504.cpp:29
2022-06-13 14:48:27.195 [5433] LOG_ERROR aaaaaaaaaaaaaaaaaaaaaaa ChannelProto_JN9504.cpp:29
2022-06-13 14:48:27.195 [5433] LOG_ERROR aaaaaaaaaaaaaaaaaaaaaaa ChannelProto_JN9504.cpp:29
2022-06-13 14:48:27.195 [5433] LOG_ERROR aaaaaaaaaaaaaaaaaaaaaaa ChannelProto_JN9504.cpp:29
2022-06-13 14:48:27.195 [5433] LOG_ERROR aaaaaaaaaaaaaaaaaaaaaaa ChannelProto_JN9504.cpp:29
2022-06-13 14:48:27.195 [5433] LOG_ERROR aaaaaaaaaaaaaaaaaaaaaaa ChannelProto_JN9504.cpp:29
2022-06-13 14:48:27.195 [5433] LOG_ERROR aaaaaaaaaaaaaaaaaaaaaaa ChannelProto_JN9504.cpp:29
2022-06-13 14:48:27.195 [5433] LOG_ERROR aaaaaaaaaaaaaaaaaaaaaaa ChannelProto_JN9504.cpp:29
2022-06-13 14:48:27.195 [5433] LOG_ERROR aaaaaaaaaaaaaaaaaaaaaaa ChannelProto_JN9504.cpp:29
2022-06-13 14:48:27.195 [5433] LOG_ERROR aaaaaaaaaaaaaaaaaaaaaaa ChannelProto_JN9504.cpp:29
2022-06-13 14:48:27.195 [5433] LOG_ERROR aaaaaaaaaaaaaaaaaaaaaaa ChannelProto_JN9504.cpp:29
2022-06-13 14:48:27.195 [5433] LOG_ERROR aaaaaaaaaaaaaaaaaaaaaaa ChannelProto_JN9504.cpp:29
2022-06-13 14:48:27.195 [5433] LOG_ERROR aaaaaaaaaaaaaaaaaaaaaaa ChannelProto_JN9504.cpp:29
2022-06-13 14:48:27.195 [5433] LOG_ERROR aaaaaaaaaaaaaaaaaaaaaaa ChannelProto_JN9504.cpp:29
2022-06-13 14:48:27.195 [5433] LOG_ERROR aaaaaaaaaaaaaaaaaaaaaaa ChannelProto_JN9504.cpp:29
2022-06-13 14:48:27.195 [5433] LOG_ERROR aaaaaaaaaaaaaaaaaaaaaaa ChannelProto_JN9504.cpp:29
2022-06-13 14:48:27.195 [5433] LOG_ERROR aaaaaaaaaaaaaaaaaaaaaaa ChannelProto_JN9504.cpp:29
2022-06-13 14:48:27.195 [5433] LOG_ERROR aaaaaaaaaaaaaaaaaaaaaaa ChannelProto_JN9504.cpp:29
2022-06-13 14:48:27.195 [5433] LOG_ERROR aaaaaaaaaaaaaaaaaaaaaaa ChannelProto_JN9504.cpp:29
2022-06-13 14:48:27.195 [5433] LOG_ERROR aaaaaaaaaaaaaaaaaaaaaaa ChannelProto_JN9504.cpp:29
2022-06-13 14:48:27.195 [5433] LOG_ERROR aaaaaaaaaaaaaaaaaaaaaaa ChannelProto_JN9504.cpp:29
2022-06-13 14:48:27.195 [5433] LOG_ERROR aaaaaaaaaaaaaaaaaaaaaaa ChannelProto_JN9504.cpp:29
2022-06-13 14:48:27.195 [5433] LOG_ERROR aaaaaaaaaaaaaaaaaaaaaaa ChannelProto_JN9504.cpp:29
2022-06-13 14:48:27.195 [5433] LOG_ERROR aaaaaaaaaaaaaaaaaaaaaaa ChannelProto_JN9504.cpp:29
2022-06-13 14:48:27.195 [5433] LOG_ERROR aaaaaaaaaaaaaaaaaaaaaaa ChannelProto_JN9504.cpp:29
2022-06-13 14:48:27.205 [5453] LOG_ERROR aaaaaaaaaaaaaaaaaaaaaaa ChannelProto_JN9504.cpp:29
2022-06-13 14:48:27.205 [5453] LOG_ERROR aaaaaaaaaaaaaaaaaaaaaaa ChannelProto_JN9504.cpp:29
2022-06-13 14:48:27.205 [5453] LOG_ERROR aaaaaaaaaaaaaaaaaaaaaaa ChannelProto_JN9504.cpp:29
2022-06-13 14:48:27.205 [5453] LOG_ERROR aaaaaaaaaaaaaaaaaaaaaaa ChannelProto_JN9504.cpp:29
2022-06-13 14:48:27.205 [5453] LOG_ERROR aaaaaaaaaaaaaaaaaaaaaaa ChannelProto_JN9504.cpp:29
2022-06-13 14:48:27.205 [5453] LOG_ERROR aaaaaaaaaaaaaaaaaaaaaaa ChannelProto_JN9504.cpp:29
2022-06-13 14:48:27.205 [5453] LOG_ERROR aaaaaaaaaaaaaaaaaaaaaaa ChannelProto_JN9504.cpp:29
2022-06-13 14:48:27.205 [5453] LOG_ERROR aaaaaaaaaaaaaaaaaaaaaaa ChannelProto_JN9504.cpp:29
2022-06-13 14:48:27.205 [5453] LOG_ERROR aaaaaaaaaaaaaaaaaaaaaaa ChannelProto_JN9504.cpp:29
2022-06-13 14:48:27.205 [5453] LOG_ERROR aaaaaaaaaaaaaaaaaaaaaaa ChannelProto_JN9504.cpp:29
2022-06-13 14:48:27.205 [5453] LOG_ERROR aaaaaaaaaaaaaaaaaaaaaaa ChannelProto_JN9504.cpp:29
2022-06-13 14:48:27.205 [5453] LOG_ERROR aaaaaaaaaaaaaaaaaaaaaaa ChannelProto_JN9504.cpp:29
2022-06-13 14:48:27.205 [5453] LOG_ERROR aaaaaaaaaaaaaaaaaaaaaaa ChannelProto_JN9504.cpp:29
2022-06-13 14:48:27.205 [5453] LOG_ERROR aaaaaaaaaaaaaaaaaaaaaaa ChannelProto_JN9504.cpp:29
2022-06-13 14:48:27.205 [5453] LOG_ERROR aaaaaaaaaaaaaaaaaaaaaaa ChannelProto_JN9504.cpp:29
2022-06-13 14:48:27.205 [5453] LOG_ERROR aaaaaaaaaaaaaaaaaaaaaaa ChannelProto_JN9504.cpp:29
2022-06-13 14:48:27.205 [5453] LOG_ERROR aaaaaaaaaaaaaaaaaaaaaaa ChannelProto_JN9504.cpp:29
2022-06-13 14:48:27.205 [5453] LOG_ERROR aaaaaaaaaaaaaaaaaaaaaaa ChannelProto_JN9504.cpp:29
2022-06-13 14:48:27.205 [5453] LOG_ERROR aaaaaaaaaaaaaaaaaaaaaaa ChannelProto_JN9504.cpp:29
2022-06-13 14:48:27.205 [5453] LOG_ERROR aaaaaaaaaaaaaaaaaaaaaaa ChannelProto_JN9504.cpp:29
2022-06-13 14:48:27.205 [5453] LOG_ERROR aaaaaaaaaaaaaaaaaaaaaaa ChannelProto_JN9504.cpp:29
2022-06-13 14:48:27.205 [5453] LOG_ERROR aaaaaaaaaaaaaaaaaaaaaaa ChannelProto_JN9504.cpp:29
2022-06-13 14:48:27.205 [5453] LOG_ERROR aaaaaaaaaaaaaaaaaaaaaaa ChannelProto_JN9504.cpp:29
2022-06-13 14:48:27.205 [5453] LOG_ERROR aaaaaaaaaaaaaaaaaaaaaaa ChannelProto_JN9504.cpp:29
2022-06-13 14:48:27.205 [5453] LOG_ERROR aaaaaaaaaaaaaaaaaaaaaaa ChannelProto_JN9504.cpp:29
2022-06-13 14:48:27.205 [5453] LOG_ERROR aaaaaaaaaaaaaaaaaaaaaaa ChannelProto_JN9504.cpp:29
2022-06-13 14:48:27.205 [5453] LOG_ERROR aaaaaaaaaaaaaaaaaaaaaaa ChannelProto_JN9504.cpp:29
2022-06-13 14:48:27.205 [5453] LOG_ERROR aaaaaaaaaaaaaaaaaaaaaaa ChannelProto_JN9504.cpp:29
2022-06-13 14:48:27.205 [5453] LOG_ERROR aaaaaaaaaaaaaaaaaaaaaaa ChannelProto_JN9504.cpp:29
2022-06-13 14:48:27.205 [5453] LOG_ERROR aaaaaaaaaaaaaaaaaaaaaaa ChannelProto_JN9504.cpp:29
2022-06-13 14:48:27.205 [5453] LOG_ERROR aaaaaaaaaaaaaaaaaaaaaaa ChannelProto_JN9504.cpp:29
2022-06-13 14:48:27.205 [5453] LOG_ERROR aaaaaaaaaaaaaaaaaaaaaaa ChannelProto_JN9504.cpp:29
2022-06-13 14:48:27.205 [5455] LOG_ERROR aaaaaaaaaaaaaaaaaaaaaaa ChannelProto_JN9504.cpp:29
2022-06-13 14:48:27.205 [5455] LOG_ERROR aaaaaaaaaaaaaaaaaaaaaaa ChannelProto_JN9504.cpp:29
2022-06-13 14:48:27.205 [5455] LOG_ERROR aaaaaaaaaaaaaaaaaaaaaaa ChannelProto_JN9504.cpp:29
2022-06-13 14:48:27.205 [5455] LOG_ERROR aaaaaaaaaaaaaaaaaaaaaaa ChannelProto_JN9504.cpp:29
2022-06-13 14:48:27.205 [5455] LOG_ERROR aaaaaaaaaaaaaaaaaaaaaaa ChannelProto_JN9504.cpp:29
2022-06-13 14:48:27.205 [5455] LOG_ERROR aaaaaaaaaaaaaaaaaaaaaaa ChannelProto_JN9504.cpp:29
2022-06-13 14:48:27.205 [5455] LOG_ERROR aaaaaaaaaaaaaaaaaaaaaaa ChannelProto_JN9504.cpp:29
2022-06-13 14:48:27.205 [5455] LOG_ERROR aaaaaaaaaaaaaaaaaaaaaaa ChannelProto_JN9504.cpp:29
2022-06-13 14:48:27.205 [5455] LOG_ERROR aaaaaaaaaaaaaaaaaaaaaaa ChannelProto_JN9504.cpp:29
2022-06-13 14:48:27.205 [5455] LOG_ERROR aaaaaaaaaaaaaaaaaaaaaaa ChannelProto_JN9504.cpp:29
2022-06-13 14:48:27.205 [5455] LOG_ERROR aaaaaaaaaaaaaaaaaaaaaaa ChannelProto_JN9504.cpp:29
2022-06-13 14:48:27.205 [5455] LOG_ERROR aaaaaaaaaaaaaaaaaaaaaaa ChannelProto_JN9504.cpp:29
2022-06-13 14:48:27.205 [5455] LOG_ERROR aaaaaaaaaaaaaaaaaaaaaaa ChannelProto_JN9504.cpp:29
2022-06-13 14:48:27.205 [5455] LOG_ERROR aaaaaaaaaaaaaaaaaaaaaaa ChannelProto_JN9504.cpp:29
2022-06-13 14:48:27.205 [5455] LOG_ERROR aaaaaaaaaaaaaaaaaaaaaaa ChannelProto_JN9504.cpp:29
2022-06-13 14:48:27.205 [5455] LOG_ERROR aaaaaaaaaaaaaaaaaaaaaaa ChannelProto_JN9504.cpp:29
2022-06-13 14:48:27.205 [5455] LOG_ERROR aaaaaaaaaaaaaaaaaaaaaaa ChannelProto_JN9504.cpp:29
2022-06-13 14:48:27.205 [5455] LOG_ERROR aaaaaaaaaaaaaaaaaaaaaaa ChannelProto_JN9504.cpp:29
2022-06-13 14:48:27.205 [5455] LOG_ERROR aaaaaaaaaaaaaaaaaaaaaaa ChannelProto_JN9504.cpp:29
2022-06-13 14:48:27.205 [5455] LOG_ERROR aaaaaaaaaaaaaaaaaaaaaaa ChannelProto_JN9504.cpp:29
2022-06-13 14:48:27.206 [5455] LOG_ERROR aaaaaaaaaaaaaaaaaaaaaaa ChannelProto_JN9504.cpp:29
2022-06-13 14:48:27.206 [5455] LOG_ERROR aaaaaaaaaaaaaaaaaaaaaaa ChannelProto_JN9504.cpp:29
2022-06-13 14:48:27.206 [5455] LOG_ERROR aaaaaaaaaaaaaaaaaaaaaaa ChannelProto_JN9504.cpp:29
2022-06-13 14:48:27.206 [5455] LOG_ERROR aaaaaaaaaaaaaaaaaaaaaaa ChannelProto_JN9504.cpp:29
2022-06-13 14:48:27.206 [5455] LOG_ERROR aaaaaaaaaaaaaaaaaaaaaaa ChannelProto_JN9504.cpp:29
2022-06-13 14:48:27.206 [5455] LOG_ERROR aaaaaaaaaaaaaaaaaaaaaaa ChannelProto_JN9504.cpp:29
2022-06-13 14:48:27.206 [5455] LOG_ERROR aaaaaaaaaaaaaaaaaaaaaaa ChannelProto_JN9504.cpp:29
2022-06-13 14:48:27.206 [5455] LOG_ERROR aaaaaaaaaaaaaaaaaaaaaaa ChannelProto_JN9504.cpp:29
2022-06-13 14:48:27.206 [5455] LOG_ERROR aaaaaaaaaaaaaaaaaaaaaaa ChannelProto_JN9504.cpp:29
2022-06-13 14:48:27.206 [5455] LOG_ERROR aaaaaaaaaaaaaaaaaaaaaaa ChannelProto_JN9504.cpp:29
2022-06-13 14:48:27.206 [5455] LOG_ERROR aaaaaaaaaaaaaaaaaaaaaaa ChannelProto_JN9504.cpp:29
2022-06-13 14:48:27.206 [5455] LOG_ERROR aaaaaaaaaaaaaaaaaaaaaaa ChannelProto_JN9504.cpp:29
2022-06-13 14:48:27.206 [5454] LOG_ERROR aaaaaaaaaaaaaaaaaaaaaaa ChannelProto_JN9504.cpp:29
2022-06-13 14:48:27.206 [5454] LOG_ERROR aaaaaaaaaaaaaaaaaaaaaaa ChannelProto_JN9504.cpp:29
2022-06-13 14:48:27.206 [5454] LOG_ERROR aaaaaaaaaaaaaaaaaaaaaaa ChannelProto_JN9504.cpp:29
2022-06-13 14:48:27.206 [5454] LOG_ERROR aaaaaaaaaaaaaaaaaaaaaaa ChannelProto_JN9504.cpp:29
2022-06-13 14:48:27.206 [5454] LOG_ERROR aaaaaaaaaaaaaaaaaaaaaaa ChannelProto_JN9504.cpp:29
2022-06-13 14:48:27.206 [5454] LOG_ERROR aaaaaaaaaaaaaaaaaaaaaaa ChannelProto_JN9504.cpp:29
2022-06-13 14:48:27.206 [5454] LOG_ERROR aaaaaaaaaaaaaaaaaaaaaaa ChannelProto_JN9504.cpp:29
2022-06-13 14:48:27.206 [5454] LOG_ERROR aaaaaaaaaaaaaaaaaaaaaaa ChannelProto_JN9504.cpp:29
2022-06-13 14:48:27.206 [5454] LOG_ERROR aaaaaaaaaaaaaaaaaaaaaaa ChannelProto_JN9504.cpp:29
2022-06-13 14:48:27.206 [5454] LOG_ERROR aaaaaaaaaaaaaaaaaaaaaaa ChannelProto_JN9504.cpp:29
2022-06-13 14:48:27.206 [5454] LOG_ERROR aaaaaaaaaaaaaaaaaaaaaaa ChannelProto_JN9504.cpp:29
2022-06-13 14:48:27.206 [5454] LOG_ERROR aaaaaaaaaaaaaaaaaaaaaaa ChannelProto_JN9504.cpp:29
2022-06-13 14:48:27.206 [5454] LOG_ERROR aaaaaaaaaaaaaaaaaaaaaaa ChannelProto_JN9504.cpp:29
2022-06-13 14:48:27.206 [5454] LOG_ERROR aaaaaaaaaaaaaaaaaaaaaaa ChannelProto_JN9504.cpp:29
2022-06-13 14:48:27.206 [5454] LOG_ERROR aaaaaaaaaaaaaaaaaaaaaaa ChannelProto_JN9504.cpp:29
2022-06-13 14:48:27.206 [5454] LOG_ERROR aaaaaaaaaaaaaaaaaaaaaaa ChannelProto_JN9504.cpp:29
2022-06-13 14:48:27.206 [5454] LOG_ERROR aaaaaaaaaaaaaaaaaaaaaaa ChannelProto_JN9504.cpp:29
2022-06-13 14:48:27.206 [5454] LOG_ERROR aaaaaaaaaaaaaaaaaaaaaaa ChannelProto_JN9504.cpp:29
2022-06-13 14:48:27.206 [5454] LOG_ERROR aaaaaaaaaaaaaaaaaaaaaaa ChannelProto_JN9504.cpp:29
2022-06-13 14:48:27.206 [5454] LOG_ERROR aaaaaaaaaaaaaaaaaaaaaaa ChannelProto_JN9504.cpp:29
2022-06-13 14:48:27.206 [5454] LOG_ERROR aaaaaaaaaaaaaaaaaaaaaaa ChannelProto_JN9504.cpp:29
2022-06-13 14:48:27.206 [5454] LOG_ERROR aaaaaaaaaaaaaaaaaaaaaaa ChannelProto_JN9504.cpp:29
2022-06-13 14:48:27.206 [5454] LOG_ERROR aaaaaaaaaaaaaaaaaaaaaaa ChannelProto_JN9504.cpp:29
2022-06-13 14:48:27.206 [5454] LOG_ERROR aaaaaaaaaaaaaaaaaaaaaaa ChannelProto_JN9504.cpp:29
2022-06-13 14:48:27.206 [5454] LOG_ERROR aaaaaaaaaaaaaaaaaaaaaaa ChannelProto_JN9504.cpp:29
2022-06-13 14:48:27.206 [5454] LOG_ERROR aaaaaaaaaaaaaaaaaaaaaaa ChannelProto_JN9504.cpp:29
2022-06-13 14:48:27.206 [5454] LOG_ERROR aaaaaaaaaaaaaaaaaaaaaaa ChannelProto_JN9504.cpp:29
2022-06-13 14:48:27.206 [5454] LOG_ERROR aaaaaaaaaaaaaaaaaaaaaaa ChannelProto_JN9504.cpp:29
2022-06-13 14:48:27.206 [5454] LOG_ERROR aaaaaaaaaaaaaaaaaaaaaaa ChannelProto_JN9504.cpp:29
2022-06-13 14:48:27.206 [5454] LOG_ERROR aaaaaaaaaaaaaaaaaaaaaaa ChannelProto_JN9504.cpp:29
2022-06-13 14:48:27.206 [5454] LOG_ERROR aaaaaaaaaaaaaaaaaaaaaaa ChannelProto_JN9504.cpp:29
2022-06-13 14:48:27.206 [5454] LOG_ERROR aaaaaaaaaaaaaaaaaaaaaaa ChannelProto_JN9504.cpp:29
2022-06-13 14:48:27.207 [5452] LOG_ERROR aaaaaaaaaaaaaaaaaaaaaaa ChannelProto_JN9504.cpp:29
2022-06-13 14:48:27.207 [5452] LOG_ERROR aaaaaaaaaaaaaaaaaaaaaaa ChannelProto_JN9504.cpp:29
2022-06-13 14:48:27.207 [5452] LOG_ERROR aaaaaaaaaaaaaaaaaaaaaaa ChannelProto_JN9504.cpp:29
2022-06-13 14:48:27.207 [5452] LOG_ERROR aaaaaaaaaaaaaaaaaaaaaaa ChannelProto_JN9504.cpp:29
2022-06-13 14:48:27.207 [5452] LOG_ERROR aaaaaaaaaaaaaaaaaaaaaaa ChannelProto_JN9504.cpp:29
2022-06-13 14:48:27.207 [5452] LOG_ERROR aaaaaaaaaaaaaaaaaaaaaaa ChannelProto_JN9504.cpp:29
2022-06-13 14:48:27.207 [5452] LOG_ERROR aaaaaaaaaaaaaaaaaaaaaaa ChannelProto_JN9504.cpp:29
2022-06-13 14:48:27.207 [5452] LOG_ERROR aaaaaaaaaaaaaaaaaaaaaaa ChannelProto_JN9504.cpp:29
2022-06-13 14:48:27.207 [5452] LOG_ERROR aaaaaaaaaaaaaaaaaaaaaaa ChannelProto_JN9504.cpp:29
2022-06-13 14:48:27.207 [5452] LOG_ERROR aaaaaaaaaaaaaaaaaaaaaaa ChannelProto_JN9504.cpp:29
2022-06-13 14:48:27.207 [5452] LOG_ERROR aaaaaaaaaaaaaaaaaaaaaaa ChannelProto_JN9504.cpp:29
2022-06-13 14:48:27.207 [5452] LOG_ERROR aaaaaaaaaaaaaaaaaaaaaaa ChannelProto_JN9504.cpp:29
2022-06-13 14:48:27.207 [5452] LOG_ERROR aaaaaaaaaaaaaaaaaaaaaaa ChannelProto_JN9504.cpp:29
2022-06-13 14:48:27.207 [5452] LOG_ERROR aaaaaaaaaaaaaaaaaaaaaaa ChannelProto_JN9504.cpp:29
2022-06-13 14:48:27.207 [5452] LOG_ERROR aaaaaaaaaaaaaaaaaaaaaaa ChannelProto_JN9504.cpp:29
2022-06-13 14:48:27.207 [5452] LOG_ERROR aaaaaaaaaaaaaaaaaaaaaaa ChannelProto_JN9504.cpp:29
2022-06-13 14:48:27.207 [5452] LOG_ERROR aaaaaaaaaaaaaaaaaaaaaaa ChannelProto_JN9504.cpp:29
2022-06-13 14:48:27.207 [5452] LOG_ERROR aaaaaaaaaaaaaaaaaaaaaaa ChannelProto_JN9504.cpp:29
2022-06-13 14:48:27.207 [5452] LOG_ERROR aaaaaaaaaaaaaaaaaaaaaaa ChannelProto_JN9504.cpp:29
2022-06-13 14:48:27.207 [5452] LOG_ERROR aaaaaaaaaaaaaaaaaaaaaaa ChannelProto_JN9504.cpp:29
2022-06-13 14:48:27.207 [5452] LOG_ERROR aaaaaaaaaaaaaaaaaaaaaaa ChannelProto_JN9504.cpp:29
2022-06-13 14:48:27.207 [5452] LOG_ERROR aaaaaaaaaaaaaaaaaaaaaaa ChannelProto_JN9504.cpp:29
2022-06-13 14:48:27.207 [5452] LOG_ERROR aaaaaaaaaaaaaaaaaaaaaaa ChannelProto_JN9504.cpp:29
2022-06-13 14:48:27.207 [5452] LOG_ERROR aaaaaaaaaaaaaaaaaaaaaaa ChannelProto_JN9504.cpp:29
2022-06-13 14:48:27.207 [5452] LOG_ERROR aaaaaaaaaaaaaaaaaaaaaaa ChannelProto_JN9504.cpp:29
2022-06-13 14:48:27.207 [5452] LOG_ERROR aaaaaaaaaaaaaaaaaaaaaaa ChannelProto_JN9504.cpp:29
2022-06-13 14:48:27.207 [5452] LOG_ERROR aaaaaaaaaaaaaaaaaaaaaaa ChannelProto_JN9504.cpp:29
2022-06-13 14:48:27.207 [5452] LOG_ERROR aaaaaaaaaaaaaaaaaaaaaaa ChannelProto_JN9504.cpp:29
2022-06-13 14:48:27.207 [5452] LOG_ERROR aaaaaaaaaaaaaaaaaaaaaaa ChannelProto_JN9504.cpp:29
2022-06-13 14:48:27.207 [5452] LOG_ERROR aaaaaaaaaaaaaaaaaaaaaaa ChannelProto_JN9504.cpp:29
2022-06-13 14:48:27.207 [5452] LOG_ERROR aaaaaaaaaaaaaaaaaaaaaaa ChannelProto_JN9504.cpp:29
2022-06-13 14:48:27.207 [5452] LOG_ERROR aaaaaaaaaaaaaaaaaaaaaaa ChannelProto_JN9504.cpp:29
2022-06-13 14:48:29.199 [5458] LOG_DEBUG Master heartbeat starting...[10.168.202.20:5010] Cabinet.cpp:134
2022-06-13 14:48:29.249 [5458] LOG_DEBUG Master heartbeat connecting...[10.168.202.20:5010] Cabinet.cpp:172
