2022-06-13 14:45:09.777 [4405] LOG_ALARM -----------------  log4z thread started!   ---------------------------- log4z.cpp:1923
2022-06-13 14:45:09.777 [4405] LOG_ALARM logger id=0 key=Main name=log path=../log/ level=1 display=true log4z.cpp:1933
2022-06-13 14:45:09.777 [4405] LOG_ALARM logger id=1 key=ProcessData name=ProcessData path=../data/ProcessData/ level=0 display=false log4z.cpp:1933
2022-06-13 14:45:09.777 [4405] LOG_ALARM logger id=2 key=StopData name=StopData path=../data/StopData/ level=0 display=false log4z.cpp:1933
2022-06-13 14:45:09.777 [4405] LOG_ALARM logger id=3 key=TempData name=TempData path=../data/TempData/ level=0 display=false log4z.cpp:1933
2022-06-13 14:45:09.828 [4401] LOG_INFO =============== BFG software version:12.0030.0010-0218 =============== main.cpp:170
2022-06-13 14:45:09.837 [4401] LOG_INFO aaaaaaaaaaaaaaaaaaaaaaa ChannelProto_JN9504.cpp:29
2022-06-13 14:45:09.837 [4401] LOG_INFO aaaaaaaaaaaaaaaaaaaaaaa ChannelProto_JN9504.cpp:29
2022-06-13 14:45:09.837 [4401] LOG_INFO aaaaaaaaaaaaaaaaaaaaaaa ChannelProto_JN9504.cpp:29
2022-06-13 14:45:09.837 [4401] LOG_INFO aaaaaaaaaaaaaaaaaaaaaaa ChannelProto_JN9504.cpp:29
2022-06-13 14:45:09.837 [4401] LOG_INFO aaaaaaaaaaaaaaaaaaaaaaa ChannelProto_JN9504.cpp:29
2022-06-13 14:45:09.837 [4401] LOG_INFO aaaaaaaaaaaaaaaaaaaaaaa ChannelProto_JN9504.cpp:29
2022-06-13 14:45:09.837 [4401] LOG_INFO aaaaaaaaaaaaaaaaaaaaaaa ChannelProto_JN9504.cpp:29
2022-06-13 14:45:09.837 [4401] LOG_INFO aaaaaaaaaaaaaaaaaaaaaaa ChannelProto_JN9504.cpp:29
2022-06-13 14:45:09.837 [4401] LOG_INFO aaaaaaaaaaaaaaaaaaaaaaa ChannelProto_JN9504.cpp:29
2022-06-13 14:45:09.837 [4401] LOG_INFO aaaaaaaaaaaaaaaaaaaaaaa ChannelProto_JN9504.cpp:29
2022-06-13 14:45:09.837 [4401] LOG_INFO aaaaaaaaaaaaaaaaaaaaaaa ChannelProto_JN9504.cpp:29
2022-06-13 14:45:09.837 [4401] LOG_INFO aaaaaaaaaaaaaaaaaaaaaaa ChannelProto_JN9504.cpp:29
2022-06-13 14:45:09.837 [4401] LOG_INFO aaaaaaaaaaaaaaaaaaaaaaa ChannelProto_JN9504.cpp:29
2022-06-13 14:45:09.837 [4401] LOG_INFO aaaaaaaaaaaaaaaaaaaaaaa ChannelProto_JN9504.cpp:29
2022-06-13 14:45:09.837 [4401] LOG_INFO aaaaaaaaaaaaaaaaaaaaaaa ChannelProto_JN9504.cpp:29
2022-06-13 14:45:09.837 [4401] LOG_INFO aaaaaaaaaaaaaaaaaaaaaaa ChannelProto_JN9504.cpp:29
2022-06-13 14:45:09.837 [4401] LOG_INFO aaaaaaaaaaaaaaaaaaaaaaa ChannelProto_JN9504.cpp:29
2022-06-13 14:45:09.837 [4401] LOG_INFO aaaaaaaaaaaaaaaaaaaaaaa ChannelProto_JN9504.cpp:29
2022-06-13 14:45:09.837 [4401] LOG_INFO aaaaaaaaaaaaaaaaaaaaaaa ChannelProto_JN9504.cpp:29
2022-06-13 14:45:09.837 [4401] LOG_INFO aaaaaaaaaaaaaaaaaaaaaaa ChannelProto_JN9504.cpp:29
2022-06-13 14:45:09.837 [4401] LOG_INFO aaaaaaaaaaaaaaaaaaaaaaa ChannelProto_JN9504.cpp:29
2022-06-13 14:45:09.837 [4401] LOG_INFO aaaaaaaaaaaaaaaaaaaaaaa ChannelProto_JN9504.cpp:29
2022-06-13 14:45:09.837 [4401] LOG_INFO aaaaaaaaaaaaaaaaaaaaaaa ChannelProto_JN9504.cpp:29
2022-06-13 14:45:09.837 [4401] LOG_INFO aaaaaaaaaaaaaaaaaaaaaaa ChannelProto_JN9504.cpp:29
2022-06-13 14:45:09.837 [4401] LOG_INFO aaaaaaaaaaaaaaaaaaaaaaa ChannelProto_JN9504.cpp:29
2022-06-13 14:45:09.837 [4401] LOG_INFO aaaaaaaaaaaaaaaaaaaaaaa ChannelProto_JN9504.cpp:29
2022-06-13 14:45:09.837 [4401] LOG_INFO aaaaaaaaaaaaaaaaaaaaaaa ChannelProto_JN9504.cpp:29
2022-06-13 14:45:09.837 [4401] LOG_INFO aaaaaaaaaaaaaaaaaaaaaaa ChannelProto_JN9504.cpp:29
2022-06-13 14:45:09.837 [4401] LOG_INFO aaaaaaaaaaaaaaaaaaaaaaa ChannelProto_JN9504.cpp:29
2022-06-13 14:45:09.837 [4401] LOG_INFO aaaaaaaaaaaaaaaaaaaaaaa ChannelProto_JN9504.cpp:29
2022-06-13 14:45:09.837 [4401] LOG_INFO aaaaaaaaaaaaaaaaaaaaaaa ChannelProto_JN9504.cpp:29
2022-06-13 14:45:09.837 [4401] LOG_INFO aaaaaaaaaaaaaaaaaaaaaaa ChannelProto_JN9504.cpp:29
2022-06-13 14:45:09.838 [4401] LOG_INFO aaaaaaaaaaaaaaaaaaaaaaa ChannelProto_JN9504.cpp:29
2022-06-13 14:45:09.838 [4401] LOG_INFO aaaaaaaaaaaaaaaaaaaaaaa ChannelProto_JN9504.cpp:29
2022-06-13 14:45:09.838 [4401] LOG_INFO aaaaaaaaaaaaaaaaaaaaaaa ChannelProto_JN9504.cpp:29
2022-06-13 14:45:09.838 [4401] LOG_INFO aaaaaaaaaaaaaaaaaaaaaaa ChannelProto_JN9504.cpp:29
2022-06-13 14:45:09.838 [4401] LOG_INFO aaaaaaaaaaaaaaaaaaaaaaa ChannelProto_JN9504.cpp:29
2022-06-13 14:45:09.838 [4401] LOG_INFO aaaaaaaaaaaaaaaaaaaaaaa ChannelProto_JN9504.cpp:29
2022-06-13 14:45:09.838 [4401] LOG_INFO aaaaaaaaaaaaaaaaaaaaaaa ChannelProto_JN9504.cpp:29
2022-06-13 14:45:09.838 [4401] LOG_INFO aaaaaaaaaaaaaaaaaaaaaaa ChannelProto_JN9504.cpp:29
2022-06-13 14:45:09.838 [4401] LOG_INFO aaaaaaaaaaaaaaaaaaaaaaa ChannelProto_JN9504.cpp:29
2022-06-13 14:45:09.838 [4401] LOG_INFO aaaaaaaaaaaaaaaaaaaaaaa ChannelProto_JN9504.cpp:29
2022-06-13 14:45:09.839 [4401] LOG_INFO aaaaaaaaaaaaaaaaaaaaaaa ChannelProto_JN9504.cpp:29
2022-06-13 14:45:09.839 [4401] LOG_INFO aaaaaaaaaaaaaaaaaaaaaaa ChannelProto_JN9504.cpp:29
2022-06-13 14:45:09.839 [4401] LOG_INFO aaaaaaaaaaaaaaaaaaaaaaa ChannelProto_JN9504.cpp:29
2022-06-13 14:45:09.839 [4401] LOG_INFO aaaaaaaaaaaaaaaaaaaaaaa ChannelProto_JN9504.cpp:29
2022-06-13 14:45:09.839 [4401] LOG_INFO aaaaaaaaaaaaaaaaaaaaaaa ChannelProto_JN9504.cpp:29
2022-06-13 14:45:09.839 [4401] LOG_INFO aaaaaaaaaaaaaaaaaaaaaaa ChannelProto_JN9504.cpp:29
2022-06-13 14:45:09.839 [4401] LOG_INFO aaaaaaaaaaaaaaaaaaaaaaa ChannelProto_JN9504.cpp:29
2022-06-13 14:45:09.839 [4401] LOG_INFO aaaaaaaaaaaaaaaaaaaaaaa ChannelProto_JN9504.cpp:29
2022-06-13 14:45:09.839 [4401] LOG_INFO aaaaaaaaaaaaaaaaaaaaaaa ChannelProto_JN9504.cpp:29
2022-06-13 14:45:09.839 [4401] LOG_INFO aaaaaaaaaaaaaaaaaaaaaaa ChannelProto_JN9504.cpp:29
2022-06-13 14:45:09.839 [4401] LOG_INFO aaaaaaaaaaaaaaaaaaaaaaa ChannelProto_JN9504.cpp:29
2022-06-13 14:45:09.839 [4401] LOG_INFO aaaaaaaaaaaaaaaaaaaaaaa ChannelProto_JN9504.cpp:29
2022-06-13 14:45:09.839 [4401] LOG_INFO aaaaaaaaaaaaaaaaaaaaaaa ChannelProto_JN9504.cpp:29
2022-06-13 14:45:09.839 [4401] LOG_INFO aaaaaaaaaaaaaaaaaaaaaaa ChannelProto_JN9504.cpp:29
2022-06-13 14:45:09.839 [4401] LOG_INFO aaaaaaaaaaaaaaaaaaaaaaa ChannelProto_JN9504.cpp:29
2022-06-13 14:45:09.839 [4401] LOG_INFO aaaaaaaaaaaaaaaaaaaaaaa ChannelProto_JN9504.cpp:29
2022-06-13 14:45:09.839 [4401] LOG_INFO aaaaaaaaaaaaaaaaaaaaaaa ChannelProto_JN9504.cpp:29
2022-06-13 14:45:09.839 [4401] LOG_INFO aaaaaaaaaaaaaaaaaaaaaaa ChannelProto_JN9504.cpp:29
2022-06-13 14:45:09.839 [4401] LOG_INFO aaaaaaaaaaaaaaaaaaaaaaa ChannelProto_JN9504.cpp:29
2022-06-13 14:45:09.839 [4401] LOG_INFO aaaaaaaaaaaaaaaaaaaaaaa ChannelProto_JN9504.cpp:29
2022-06-13 14:45:09.839 [4401] LOG_INFO aaaaaaaaaaaaaaaaaaaaaaa ChannelProto_JN9504.cpp:29
2022-06-13 14:45:09.839 [4401] LOG_INFO aaaaaaaaaaaaaaaaaaaaaaa ChannelProto_JN9504.cpp:29
2022-06-13 14:45:09.839 [4401] LOG_INFO aaaaaaaaaaaaaaaaaaaaaaa ChannelProto_JN9504.cpp:29
2022-06-13 14:45:09.839 [4401] LOG_INFO aaaaaaaaaaaaaaaaaaaaaaa ChannelProto_JN9504.cpp:29
2022-06-13 14:45:09.839 [4401] LOG_INFO aaaaaaaaaaaaaaaaaaaaaaa ChannelProto_JN9504.cpp:29
2022-06-13 14:45:09.839 [4401] LOG_INFO aaaaaaaaaaaaaaaaaaaaaaa ChannelProto_JN9504.cpp:29
2022-06-13 14:45:09.839 [4401] LOG_INFO aaaaaaaaaaaaaaaaaaaaaaa ChannelProto_JN9504.cpp:29
2022-06-13 14:45:09.839 [4401] LOG_INFO aaaaaaaaaaaaaaaaaaaaaaa ChannelProto_JN9504.cpp:29
2022-06-13 14:45:09.841 [4401] LOG_INFO aaaaaaaaaaaaaaaaaaaaaaa ChannelProto_JN9504.cpp:29
2022-06-13 14:45:09.841 [4401] LOG_INFO aaaaaaaaaaaaaaaaaaaaaaa ChannelProto_JN9504.cpp:29
2022-06-13 14:45:09.842 [4401] LOG_INFO aaaaaaaaaaaaaaaaaaaaaaa ChannelProto_JN9504.cpp:29
2022-06-13 14:45:09.842 [4401] LOG_INFO aaaaaaaaaaaaaaaaaaaaaaa ChannelProto_JN9504.cpp:29
2022-06-13 14:45:09.842 [4401] LOG_INFO aaaaaaaaaaaaaaaaaaaaaaa ChannelProto_JN9504.cpp:29
2022-06-13 14:45:09.842 [4401] LOG_INFO aaaaaaaaaaaaaaaaaaaaaaa ChannelProto_JN9504.cpp:29
2022-06-13 14:45:09.842 [4401] LOG_INFO aaaaaaaaaaaaaaaaaaaaaaa ChannelProto_JN9504.cpp:29
2022-06-13 14:45:09.842 [4401] LOG_INFO aaaaaaaaaaaaaaaaaaaaaaa ChannelProto_JN9504.cpp:29
2022-06-13 14:45:09.842 [4401] LOG_INFO aaaaaaaaaaaaaaaaaaaaaaa ChannelProto_JN9504.cpp:29
2022-06-13 14:45:09.842 [4401] LOG_INFO aaaaaaaaaaaaaaaaaaaaaaa ChannelProto_JN9504.cpp:29
2022-06-13 14:45:09.842 [4401] LOG_INFO aaaaaaaaaaaaaaaaaaaaaaa ChannelProto_JN9504.cpp:29
2022-06-13 14:45:09.842 [4401] LOG_INFO aaaaaaaaaaaaaaaaaaaaaaa ChannelProto_JN9504.cpp:29
2022-06-13 14:45:09.842 [4401] LOG_INFO aaaaaaaaaaaaaaaaaaaaaaa ChannelProto_JN9504.cpp:29
2022-06-13 14:45:09.842 [4401] LOG_INFO aaaaaaaaaaaaaaaaaaaaaaa ChannelProto_JN9504.cpp:29
2022-06-13 14:45:09.842 [4401] LOG_INFO aaaaaaaaaaaaaaaaaaaaaaa ChannelProto_JN9504.cpp:29
2022-06-13 14:45:09.842 [4401] LOG_INFO aaaaaaaaaaaaaaaaaaaaaaa ChannelProto_JN9504.cpp:29
2022-06-13 14:45:09.842 [4401] LOG_INFO aaaaaaaaaaaaaaaaaaaaaaa ChannelProto_JN9504.cpp:29
2022-06-13 14:45:09.842 [4401] LOG_INFO aaaaaaaaaaaaaaaaaaaaaaa ChannelProto_JN9504.cpp:29
2022-06-13 14:45:09.842 [4401] LOG_INFO aaaaaaaaaaaaaaaaaaaaaaa ChannelProto_JN9504.cpp:29
2022-06-13 14:45:09.842 [4401] LOG_INFO aaaaaaaaaaaaaaaaaaaaaaa ChannelProto_JN9504.cpp:29
2022-06-13 14:45:09.842 [4401] LOG_INFO aaaaaaaaaaaaaaaaaaaaaaa ChannelProto_JN9504.cpp:29
2022-06-13 14:45:09.842 [4401] LOG_INFO aaaaaaaaaaaaaaaaaaaaaaa ChannelProto_JN9504.cpp:29
2022-06-13 14:45:09.842 [4401] LOG_INFO aaaaaaaaaaaaaaaaaaaaaaa ChannelProto_JN9504.cpp:29
2022-06-13 14:45:09.842 [4401] LOG_INFO aaaaaaaaaaaaaaaaaaaaaaa ChannelProto_JN9504.cpp:29
2022-06-13 14:45:09.842 [4401] LOG_INFO aaaaaaaaaaaaaaaaaaaaaaa ChannelProto_JN9504.cpp:29
2022-06-13 14:45:09.842 [4401] LOG_INFO aaaaaaaaaaaaaaaaaaaaaaa ChannelProto_JN9504.cpp:29
2022-06-13 14:45:09.843 [4401] LOG_INFO aaaaaaaaaaaaaaaaaaaaaaa ChannelProto_JN9504.cpp:29
2022-06-13 14:45:09.844 [4401] LOG_INFO aaaaaaaaaaaaaaaaaaaaaaa ChannelProto_JN9504.cpp:29
2022-06-13 14:45:09.844 [4401] LOG_INFO aaaaaaaaaaaaaaaaaaaaaaa ChannelProto_JN9504.cpp:29
2022-06-13 14:45:09.844 [4401] LOG_INFO aaaaaaaaaaaaaaaaaaaaaaa ChannelProto_JN9504.cpp:29
2022-06-13 14:45:09.844 [4401] LOG_INFO aaaaaaaaaaaaaaaaaaaaaaa ChannelProto_JN9504.cpp:29
2022-06-13 14:45:09.844 [4401] LOG_INFO aaaaaaaaaaaaaaaaaaaaaaa ChannelProto_JN9504.cpp:29
2022-06-13 14:45:09.844 [4401] LOG_INFO aaaaaaaaaaaaaaaaaaaaaaa ChannelProto_JN9504.cpp:29
2022-06-13 14:45:09.844 [4401] LOG_INFO aaaaaaaaaaaaaaaaaaaaaaa ChannelProto_JN9504.cpp:29
2022-06-13 14:45:09.844 [4401] LOG_INFO aaaaaaaaaaaaaaaaaaaaaaa ChannelProto_JN9504.cpp:29
2022-06-13 14:45:09.846 [4401] LOG_INFO aaaaaaaaaaaaaaaaaaaaaaa ChannelProto_JN9504.cpp:29
2022-06-13 14:45:09.846 [4401] LOG_INFO aaaaaaaaaaaaaaaaaaaaaaa ChannelProto_JN9504.cpp:29
2022-06-13 14:45:09.846 [4401] LOG_INFO aaaaaaaaaaaaaaaaaaaaaaa ChannelProto_JN9504.cpp:29
2022-06-13 14:45:09.846 [4401] LOG_INFO aaaaaaaaaaaaaaaaaaaaaaa ChannelProto_JN9504.cpp:29
2022-06-13 14:45:09.847 [4401] LOG_INFO aaaaaaaaaaaaaaaaaaaaaaa ChannelProto_JN9504.cpp:29
2022-06-13 14:45:09.847 [4401] LOG_INFO aaaaaaaaaaaaaaaaaaaaaaa ChannelProto_JN9504.cpp:29
2022-06-13 14:45:09.847 [4401] LOG_INFO aaaaaaaaaaaaaaaaaaaaaaa ChannelProto_JN9504.cpp:29
2022-06-13 14:45:09.847 [4401] LOG_INFO aaaaaaaaaaaaaaaaaaaaaaa ChannelProto_JN9504.cpp:29
2022-06-13 14:45:09.847 [4401] LOG_INFO aaaaaaaaaaaaaaaaaaaaaaa ChannelProto_JN9504.cpp:29
2022-06-13 14:45:09.847 [4401] LOG_INFO aaaaaaaaaaaaaaaaaaaaaaa ChannelProto_JN9504.cpp:29
2022-06-13 14:45:09.849 [4401] LOG_INFO aaaaaaaaaaaaaaaaaaaaaaa ChannelProto_JN9504.cpp:29
2022-06-13 14:45:09.850 [4401] LOG_INFO aaaaaaaaaaaaaaaaaaaaaaa ChannelProto_JN9504.cpp:29
2022-06-13 14:45:09.850 [4401] LOG_INFO aaaaaaaaaaaaaaaaaaaaaaa ChannelProto_JN9504.cpp:29
2022-06-13 14:45:09.850 [4401] LOG_INFO aaaaaaaaaaaaaaaaaaaaaaa ChannelProto_JN9504.cpp:29
2022-06-13 14:45:09.850 [4401] LOG_INFO aaaaaaaaaaaaaaaaaaaaaaa ChannelProto_JN9504.cpp:29
2022-06-13 14:45:09.850 [4401] LOG_INFO aaaaaaaaaaaaaaaaaaaaaaa ChannelProto_JN9504.cpp:29
2022-06-13 14:45:09.851 [4401] LOG_INFO aaaaaaaaaaaaaaaaaaaaaaa ChannelProto_JN9504.cpp:29
2022-06-13 14:45:09.851 [4414] LOG_INFO aaaaaaaaaaaaaaaaaaaaaaa ChannelProto_JN9504.cpp:29
2022-06-13 14:45:09.852 [4401] LOG_INFO aaaaaaaaaaaaaaaaaaaaaaa ChannelProto_JN9504.cpp:29
2022-06-13 14:45:09.853 [4414] LOG_INFO aaaaaaaaaaaaaaaaaaaaaaa ChannelProto_JN9504.cpp:29
2022-06-13 14:45:09.853 [4413] LOG_INFO aaaaaaaaaaaaaaaaaaaaaaa ChannelProto_JN9504.cpp:29
2022-06-13 14:45:09.854 [4414] LOG_INFO aaaaaaaaaaaaaaaaaaaaaaa ChannelProto_JN9504.cpp:29
2022-06-13 14:45:09.854 [4413] LOG_INFO aaaaaaaaaaaaaaaaaaaaaaa ChannelProto_JN9504.cpp:29
2022-06-13 14:45:09.854 [4401] LOG_INFO aaaaaaaaaaaaaaaaaaaaaaa ChannelProto_JN9504.cpp:29
2022-06-13 14:45:09.854 [4401] LOG_INFO aaaaaaaaaaaaaaaaaaaaaaa ChannelProto_JN9504.cpp:29
2022-06-13 14:45:09.854 [4413] LOG_INFO aaaaaaaaaaaaaaaaaaaaaaa ChannelProto_JN9504.cpp:29
2022-06-13 14:45:09.855 [4401] LOG_INFO aaaaaaaaaaaaaaaaaaaaaaa ChannelProto_JN9504.cpp:29
2022-06-13 14:45:09.855 [4413] LOG_INFO aaaaaaaaaaaaaaaaaaaaaaa ChannelProto_JN9504.cpp:29
2022-06-13 14:45:09.855 [4414] LOG_INFO aaaaaaaaaaaaaaaaaaaaaaa ChannelProto_JN9504.cpp:29
2022-06-13 14:45:09.856 [4401] LOG_INFO aaaaaaaaaaaaaaaaaaaaaaa ChannelProto_JN9504.cpp:29
2022-06-13 14:45:09.856 [4401] LOG_INFO aaaaaaaaaaaaaaaaaaaaaaa ChannelProto_JN9504.cpp:29
2022-06-13 14:45:09.856 [4413] LOG_INFO aaaaaaaaaaaaaaaaaaaaaaa ChannelProto_JN9504.cpp:29
2022-06-13 14:45:09.857 [4413] LOG_INFO aaaaaaaaaaaaaaaaaaaaaaa ChannelProto_JN9504.cpp:29
2022-06-13 14:45:09.857 [4414] LOG_INFO aaaaaaaaaaaaaaaaaaaaaaa ChannelProto_JN9504.cpp:29
2022-06-13 14:45:09.857 [4413] LOG_INFO aaaaaaaaaaaaaaaaaaaaaaa ChannelProto_JN9504.cpp:29
2022-06-13 14:45:09.858 [4413] LOG_INFO aaaaaaaaaaaaaaaaaaaaaaa ChannelProto_JN9504.cpp:29
2022-06-13 14:45:09.858 [4414] LOG_INFO aaaaaaaaaaaaaaaaaaaaaaa ChannelProto_JN9504.cpp:29
2022-06-13 14:45:09.859 [4413] LOG_INFO aaaaaaaaaaaaaaaaaaaaaaa ChannelProto_JN9504.cpp:29
2022-06-13 14:45:09.860 [4413] LOG_INFO aaaaaaaaaaaaaaaaaaaaaaa ChannelProto_JN9504.cpp:29
2022-06-13 14:45:09.860 [4414] LOG_INFO aaaaaaaaaaaaaaaaaaaaaaa ChannelProto_JN9504.cpp:29
2022-06-13 14:45:09.861 [4401] LOG_INFO aaaaaaaaaaaaaaaaaaaaaaa ChannelProto_JN9504.cpp:29
2022-06-13 14:45:09.861 [4413] LOG_INFO aaaaaaaaaaaaaaaaaaaaaaa ChannelProto_JN9504.cpp:29
2022-06-13 14:45:09.862 [4417] LOG_INFO aaaaaaaaaaaaaaaaaaaaaaa ChannelProto_JN9504.cpp:29
2022-06-13 14:45:09.862 [4414] LOG_INFO aaaaaaaaaaaaaaaaaaaaaaa ChannelProto_JN9504.cpp:29
2022-06-13 14:45:09.863 [4417] LOG_INFO aaaaaaaaaaaaaaaaaaaaaaa ChannelProto_JN9504.cpp:29
2022-06-13 14:45:09.863 [4413] LOG_INFO aaaaaaaaaaaaaaaaaaaaaaa ChannelProto_JN9504.cpp:29
2022-06-13 14:45:09.863 [4401] LOG_INFO aaaaaaaaaaaaaaaaaaaaaaa ChannelProto_JN9504.cpp:29
2022-06-13 14:45:09.863 [4401] LOG_INFO aaaaaaaaaaaaaaaaaaaaaaa ChannelProto_JN9504.cpp:29
2022-06-13 14:45:09.863 [4413] LOG_INFO aaaaaaaaaaaaaaaaaaaaaaa ChannelProto_JN9504.cpp:29
2022-06-13 14:45:09.863 [4401] LOG_INFO aaaaaaaaaaaaaaaaaaaaaaa ChannelProto_JN9504.cpp:29
2022-06-13 14:45:09.863 [4414] LOG_INFO aaaaaaaaaaaaaaaaaaaaaaa ChannelProto_JN9504.cpp:29
2022-06-13 14:45:09.863 [4417] LOG_INFO aaaaaaaaaaaaaaaaaaaaaaa ChannelProto_JN9504.cpp:29
2022-06-13 14:45:09.864 [4401] LOG_INFO aaaaaaaaaaaaaaaaaaaaaaa ChannelProto_JN9504.cpp:29
2022-06-13 14:45:09.864 [4417] LOG_INFO aaaaaaaaaaaaaaaaaaaaaaa ChannelProto_JN9504.cpp:29
2022-06-13 14:45:09.864 [4413] LOG_INFO aaaaaaaaaaaaaaaaaaaaaaa ChannelProto_JN9504.cpp:29
2022-06-13 14:45:09.866 [4414] LOG_INFO aaaaaaaaaaaaaaaaaaaaaaa ChannelProto_JN9504.cpp:29
2022-06-13 14:45:09.866 [4417] LOG_INFO aaaaaaaaaaaaaaaaaaaaaaa ChannelProto_JN9504.cpp:29
2022-06-13 14:45:09.866 [4413] LOG_INFO aaaaaaaaaaaaaaaaaaaaaaa ChannelProto_JN9504.cpp:29
2022-06-13 14:45:09.866 [4417] LOG_INFO aaaaaaaaaaaaaaaaaaaaaaa ChannelProto_JN9504.cpp:29
2022-06-13 14:45:09.867 [4413] LOG_INFO aaaaaaaaaaaaaaaaaaaaaaa ChannelProto_JN9504.cpp:29
2022-06-13 14:45:09.867 [4401] LOG_INFO aaaaaaaaaaaaaaaaaaaaaaa ChannelProto_JN9504.cpp:29
2022-06-13 14:45:09.867 [4401] LOG_INFO aaaaaaaaaaaaaaaaaaaaaaa ChannelProto_JN9504.cpp:29
2022-06-13 14:45:09.867 [4401] LOG_INFO aaaaaaaaaaaaaaaaaaaaaaa ChannelProto_JN9504.cpp:29
2022-06-13 14:45:09.867 [4401] LOG_INFO aaaaaaaaaaaaaaaaaaaaaaa ChannelProto_JN9504.cpp:29
2022-06-13 14:45:09.867 [4401] LOG_INFO aaaaaaaaaaaaaaaaaaaaaaa ChannelProto_JN9504.cpp:29
2022-06-13 14:45:09.867 [4401] LOG_INFO aaaaaaaaaaaaaaaaaaaaaaa ChannelProto_JN9504.cpp:29
2022-06-13 14:45:09.867 [4413] LOG_INFO aaaaaaaaaaaaaaaaaaaaaaa ChannelProto_JN9504.cpp:29
2022-06-13 14:45:09.867 [4401] LOG_INFO aaaaaaaaaaaaaaaaaaaaaaa ChannelProto_JN9504.cpp:29
2022-06-13 14:45:09.867 [4417] LOG_INFO aaaaaaaaaaaaaaaaaaaaaaa ChannelProto_JN9504.cpp:29
2022-06-13 14:45:09.868 [4414] LOG_INFO aaaaaaaaaaaaaaaaaaaaaaa ChannelProto_JN9504.cpp:29
2022-06-13 14:45:09.869 [4413] LOG_INFO aaaaaaaaaaaaaaaaaaaaaaa ChannelProto_JN9504.cpp:29
2022-06-13 14:45:09.869 [4417] LOG_INFO aaaaaaaaaaaaaaaaaaaaaaa ChannelProto_JN9504.cpp:29
2022-06-13 14:45:09.869 [4401] LOG_INFO aaaaaaaaaaaaaaaaaaaaaaa ChannelProto_JN9504.cpp:29
2022-06-13 14:45:09.870 [4414] LOG_INFO aaaaaaaaaaaaaaaaaaaaaaa ChannelProto_JN9504.cpp:29
2022-06-13 14:45:09.870 [4401] LOG_INFO aaaaaaaaaaaaaaaaaaaaaaa ChannelProto_JN9504.cpp:29
2022-06-13 14:45:09.870 [4401] LOG_INFO aaaaaaaaaaaaaaaaaaaaaaa ChannelProto_JN9504.cpp:29
2022-06-13 14:45:09.870 [4401] LOG_INFO aaaaaaaaaaaaaaaaaaaaaaa ChannelProto_JN9504.cpp:29
2022-06-13 14:45:09.870 [4401] LOG_INFO aaaaaaaaaaaaaaaaaaaaaaa ChannelProto_JN9504.cpp:29
2022-06-13 14:45:09.871 [4413] LOG_INFO aaaaaaaaaaaaaaaaaaaaaaa ChannelProto_JN9504.cpp:29
2022-06-13 14:45:09.871 [4414] LOG_INFO aaaaaaaaaaaaaaaaaaaaaaa ChannelProto_JN9504.cpp:29
2022-06-13 14:45:09.871 [4401] LOG_INFO aaaaaaaaaaaaaaaaaaaaaaa ChannelProto_JN9504.cpp:29
2022-06-13 14:45:09.871 [4401] LOG_INFO aaaaaaaaaaaaaaaaaaaaaaa ChannelProto_JN9504.cpp:29
2022-06-13 14:45:09.871 [4401] LOG_INFO aaaaaaaaaaaaaaaaaaaaaaa ChannelProto_JN9504.cpp:29
2022-06-13 14:45:09.871 [4401] LOG_INFO aaaaaaaaaaaaaaaaaaaaaaa ChannelProto_JN9504.cpp:29
2022-06-13 14:45:09.871 [4401] LOG_INFO aaaaaaaaaaaaaaaaaaaaaaa ChannelProto_JN9504.cpp:29
2022-06-13 14:45:09.871 [4417] LOG_INFO aaaaaaaaaaaaaaaaaaaaaaa ChannelProto_JN9504.cpp:29
2022-06-13 14:45:09.872 [4401] LOG_INFO aaaaaaaaaaaaaaaaaaaaaaa ChannelProto_JN9504.cpp:29
2022-06-13 14:45:09.873 [4413] LOG_INFO aaaaaaaaaaaaaaaaaaaaaaa ChannelProto_JN9504.cpp:29
2022-06-13 14:45:09.873 [4417] LOG_INFO aaaaaaaaaaaaaaaaaaaaaaa ChannelProto_JN9504.cpp:29
2022-06-13 14:45:09.874 [4417] LOG_INFO aaaaaaaaaaaaaaaaaaaaaaa ChannelProto_JN9504.cpp:29
2022-06-13 14:45:09.874 [4414] LOG_INFO aaaaaaaaaaaaaaaaaaaaaaa ChannelProto_JN9504.cpp:29
2022-06-13 14:45:09.874 [4417] LOG_INFO aaaaaaaaaaaaaaaaaaaaaaa ChannelProto_JN9504.cpp:29
2022-06-13 14:45:09.874 [4401] LOG_INFO aaaaaaaaaaaaaaaaaaaaaaa ChannelProto_JN9504.cpp:29
2022-06-13 14:45:09.874 [4418] LOG_INFO aaaaaaaaaaaaaaaaaaaaaaa ChannelProto_JN9504.cpp:29
2022-06-13 14:45:09.875 [4414] LOG_INFO aaaaaaaaaaaaaaaaaaaaaaa ChannelProto_JN9504.cpp:29
2022-06-13 14:45:09.875 [4413] LOG_INFO aaaaaaaaaaaaaaaaaaaaaaa ChannelProto_JN9504.cpp:29
2022-06-13 14:45:09.875 [4417] LOG_INFO aaaaaaaaaaaaaaaaaaaaaaa ChannelProto_JN9504.cpp:29
2022-06-13 14:45:09.875 [4418] LOG_INFO aaaaaaaaaaaaaaaaaaaaaaa ChannelProto_JN9504.cpp:29
2022-06-13 14:45:09.876 [4418] LOG_INFO aaaaaaaaaaaaaaaaaaaaaaa ChannelProto_JN9504.cpp:29
2022-06-13 14:45:09.876 [4417] LOG_INFO aaaaaaaaaaaaaaaaaaaaaaa ChannelProto_JN9504.cpp:29
2022-06-13 14:45:09.876 [4414] LOG_INFO aaaaaaaaaaaaaaaaaaaaaaa ChannelProto_JN9504.cpp:29
2022-06-13 14:45:09.876 [4401] LOG_INFO aaaaaaaaaaaaaaaaaaaaaaa ChannelProto_JN9504.cpp:29
2022-06-13 14:45:09.877 [4401] LOG_INFO aaaaaaaaaaaaaaaaaaaaaaa ChannelProto_JN9504.cpp:29
2022-06-13 14:45:09.877 [4401] LOG_INFO aaaaaaaaaaaaaaaaaaaaaaa ChannelProto_JN9504.cpp:29
2022-06-13 14:45:09.877 [4401] LOG_INFO aaaaaaaaaaaaaaaaaaaaaaa ChannelProto_JN9504.cpp:29
2022-06-13 14:45:09.877 [4401] LOG_INFO aaaaaaaaaaaaaaaaaaaaaaa ChannelProto_JN9504.cpp:29
2022-06-13 14:45:09.877 [4413] LOG_INFO aaaaaaaaaaaaaaaaaaaaaaa ChannelProto_JN9504.cpp:29
2022-06-13 14:45:09.877 [4418] LOG_INFO aaaaaaaaaaaaaaaaaaaaaaa ChannelProto_JN9504.cpp:29
2022-06-13 14:45:09.877 [4414] LOG_INFO aaaaaaaaaaaaaaaaaaaaaaa ChannelProto_JN9504.cpp:29
2022-06-13 14:45:09.877 [4417] LOG_INFO aaaaaaaaaaaaaaaaaaaaaaa ChannelProto_JN9504.cpp:29
2022-06-13 14:45:09.878 [4417] LOG_INFO aaaaaaaaaaaaaaaaaaaaaaa ChannelProto_JN9504.cpp:29
2022-06-13 14:45:09.878 [4401] LOG_INFO aaaaaaaaaaaaaaaaaaaaaaa ChannelProto_JN9504.cpp:29
2022-06-13 14:45:09.878 [4418] LOG_INFO aaaaaaaaaaaaaaaaaaaaaaa ChannelProto_JN9504.cpp:29
2022-06-13 14:45:09.880 [4413] LOG_INFO aaaaaaaaaaaaaaaaaaaaaaa ChannelProto_JN9504.cpp:29
2022-06-13 14:45:09.880 [4414] LOG_INFO aaaaaaaaaaaaaaaaaaaaaaa ChannelProto_JN9504.cpp:29
2022-06-13 14:45:09.880 [4417] LOG_INFO aaaaaaaaaaaaaaaaaaaaaaa ChannelProto_JN9504.cpp:29
2022-06-13 14:45:09.880 [4401] LOG_INFO aaaaaaaaaaaaaaaaaaaaaaa ChannelProto_JN9504.cpp:29
2022-06-13 14:45:09.880 [4417] LOG_INFO aaaaaaaaaaaaaaaaaaaaaaa ChannelProto_JN9504.cpp:29
2022-06-13 14:45:09.880 [4417] LOG_INFO aaaaaaaaaaaaaaaaaaaaaaa ChannelProto_JN9504.cpp:29
2022-06-13 14:45:09.880 [4417] LOG_INFO aaaaaaaaaaaaaaaaaaaaaaa ChannelProto_JN9504.cpp:29
2022-06-13 14:45:09.881 [4417] LOG_INFO aaaaaaaaaaaaaaaaaaaaaaa ChannelProto_JN9504.cpp:29
2022-06-13 14:45:09.881 [4417] LOG_INFO aaaaaaaaaaaaaaaaaaaaaaa ChannelProto_JN9504.cpp:29
2022-06-13 14:45:09.881 [4417] LOG_INFO aaaaaaaaaaaaaaaaaaaaaaa ChannelProto_JN9504.cpp:29
2022-06-13 14:45:09.881 [4417] LOG_INFO aaaaaaaaaaaaaaaaaaaaaaa ChannelProto_JN9504.cpp:29
2022-06-13 14:45:09.881 [4417] LOG_INFO aaaaaaaaaaaaaaaaaaaaaaa ChannelProto_JN9504.cpp:29
2022-06-13 14:45:09.881 [4417] LOG_INFO aaaaaaaaaaaaaaaaaaaaaaa ChannelProto_JN9504.cpp:29
2022-06-13 14:45:09.881 [4417] LOG_INFO aaaaaaaaaaaaaaaaaaaaaaa ChannelProto_JN9504.cpp:29
2022-06-13 14:45:09.881 [4417] LOG_INFO aaaaaaaaaaaaaaaaaaaaaaa ChannelProto_JN9504.cpp:29
2022-06-13 14:45:09.881 [4417] LOG_INFO aaaaaaaaaaaaaaaaaaaaaaa ChannelProto_JN9504.cpp:29
2022-06-13 14:45:09.881 [4417] LOG_INFO aaaaaaaaaaaaaaaaaaaaaaa ChannelProto_JN9504.cpp:29
2022-06-13 14:45:09.881 [4417] LOG_INFO aaaaaaaaaaaaaaaaaaaaaaa ChannelProto_JN9504.cpp:29
2022-06-13 14:45:09.881 [4417] LOG_INFO aaaaaaaaaaaaaaaaaaaaaaa ChannelProto_JN9504.cpp:29
2022-06-13 14:45:09.881 [4418] LOG_INFO aaaaaaaaaaaaaaaaaaaaaaa ChannelProto_JN9504.cpp:29
2022-06-13 14:45:09.881 [4418] LOG_INFO aaaaaaaaaaaaaaaaaaaaaaa ChannelProto_JN9504.cpp:29
2022-06-13 14:45:09.881 [4413] LOG_INFO aaaaaaaaaaaaaaaaaaaaaaa ChannelProto_JN9504.cpp:29
2022-06-13 14:45:09.881 [4418] LOG_INFO aaaaaaaaaaaaaaaaaaaaaaa ChannelProto_JN9504.cpp:29
2022-06-13 14:45:09.881 [4418] LOG_INFO aaaaaaaaaaaaaaaaaaaaaaa ChannelProto_JN9504.cpp:29
2022-06-13 14:45:09.881 [4413] LOG_INFO aaaaaaaaaaaaaaaaaaaaaaa ChannelProto_JN9504.cpp:29
2022-06-13 14:45:09.881 [4418] LOG_INFO aaaaaaaaaaaaaaaaaaaaaaa ChannelProto_JN9504.cpp:29
2022-06-13 14:45:09.881 [4413] LOG_INFO aaaaaaaaaaaaaaaaaaaaaaa ChannelProto_JN9504.cpp:29
2022-06-13 14:45:09.881 [4418] LOG_INFO aaaaaaaaaaaaaaaaaaaaaaa ChannelProto_JN9504.cpp:29
2022-06-13 14:45:09.881 [4413] LOG_INFO aaaaaaaaaaaaaaaaaaaaaaa ChannelProto_JN9504.cpp:29
2022-06-13 14:45:09.881 [4418] LOG_INFO aaaaaaaaaaaaaaaaaaaaaaa ChannelProto_JN9504.cpp:29
2022-06-13 14:45:09.881 [4413] LOG_INFO aaaaaaaaaaaaaaaaaaaaaaa ChannelProto_JN9504.cpp:29
2022-06-13 14:45:09.881 [4418] LOG_INFO aaaaaaaaaaaaaaaaaaaaaaa ChannelProto_JN9504.cpp:29
2022-06-13 14:45:09.881 [4418] LOG_INFO aaaaaaaaaaaaaaaaaaaaaaa ChannelProto_JN9504.cpp:29
2022-06-13 14:45:09.881 [4418] LOG_INFO aaaaaaaaaaaaaaaaaaaaaaa ChannelProto_JN9504.cpp:29
2022-06-13 14:45:09.881 [4418] LOG_INFO aaaaaaaaaaaaaaaaaaaaaaa ChannelProto_JN9504.cpp:29
2022-06-13 14:45:09.881 [4418] LOG_INFO aaaaaaaaaaaaaaaaaaaaaaa ChannelProto_JN9504.cpp:29
2022-06-13 14:45:09.881 [4418] LOG_INFO aaaaaaaaaaaaaaaaaaaaaaa ChannelProto_JN9504.cpp:29
2022-06-13 14:45:09.881 [4418] LOG_INFO aaaaaaaaaaaaaaaaaaaaaaa ChannelProto_JN9504.cpp:29
2022-06-13 14:45:09.881 [4418] LOG_INFO aaaaaaaaaaaaaaaaaaaaaaa ChannelProto_JN9504.cpp:29
2022-06-13 14:45:09.881 [4418] LOG_INFO aaaaaaaaaaaaaaaaaaaaaaa ChannelProto_JN9504.cpp:29
2022-06-13 14:45:09.881 [4418] LOG_INFO aaaaaaaaaaaaaaaaaaaaaaa ChannelProto_JN9504.cpp:29
2022-06-13 14:45:09.881 [4418] LOG_INFO aaaaaaaaaaaaaaaaaaaaaaa ChannelProto_JN9504.cpp:29
2022-06-13 14:45:09.881 [4418] LOG_INFO aaaaaaaaaaaaaaaaaaaaaaa ChannelProto_JN9504.cpp:29
2022-06-13 14:45:09.881 [4418] LOG_INFO aaaaaaaaaaaaaaaaaaaaaaa ChannelProto_JN9504.cpp:29
2022-06-13 14:45:09.881 [4418] LOG_INFO aaaaaaaaaaaaaaaaaaaaaaa ChannelProto_JN9504.cpp:29
2022-06-13 14:45:09.881 [4418] LOG_INFO aaaaaaaaaaaaaaaaaaaaaaa ChannelProto_JN9504.cpp:29
2022-06-13 14:45:09.881 [4418] LOG_INFO aaaaaaaaaaaaaaaaaaaaaaa ChannelProto_JN9504.cpp:29
2022-06-13 14:45:09.881 [4418] LOG_INFO aaaaaaaaaaaaaaaaaaaaaaa ChannelProto_JN9504.cpp:29
2022-06-13 14:45:09.881 [4418] LOG_INFO aaaaaaaaaaaaaaaaaaaaaaa ChannelProto_JN9504.cpp:29
2022-06-13 14:45:09.881 [4418] LOG_INFO aaaaaaaaaaaaaaaaaaaaaaa ChannelProto_JN9504.cpp:29
2022-06-13 14:45:09.881 [4418] LOG_INFO aaaaaaaaaaaaaaaaaaaaaaa ChannelProto_JN9504.cpp:29
2022-06-13 14:45:09.882 [4401] LOG_INFO aaaaaaaaaaaaaaaaaaaaaaa ChannelProto_JN9504.cpp:29
2022-06-13 14:45:09.883 [4419] LOG_INFO aaaaaaaaaaaaaaaaaaaaaaa ChannelProto_JN9504.cpp:29
2022-06-13 14:45:09.883 [4419] LOG_INFO aaaaaaaaaaaaaaaaaaaaaaa ChannelProto_JN9504.cpp:29
2022-06-13 14:45:09.883 [4419] LOG_INFO aaaaaaaaaaaaaaaaaaaaaaa ChannelProto_JN9504.cpp:29
2022-06-13 14:45:09.883 [4419] LOG_INFO aaaaaaaaaaaaaaaaaaaaaaa ChannelProto_JN9504.cpp:29
2022-06-13 14:45:09.883 [4419] LOG_INFO aaaaaaaaaaaaaaaaaaaaaaa ChannelProto_JN9504.cpp:29
2022-06-13 14:45:09.883 [4419] LOG_INFO aaaaaaaaaaaaaaaaaaaaaaa ChannelProto_JN9504.cpp:29
2022-06-13 14:45:09.883 [4419] LOG_INFO aaaaaaaaaaaaaaaaaaaaaaa ChannelProto_JN9504.cpp:29
2022-06-13 14:45:09.883 [4419] LOG_INFO aaaaaaaaaaaaaaaaaaaaaaa ChannelProto_JN9504.cpp:29
2022-06-13 14:45:09.883 [4419] LOG_INFO aaaaaaaaaaaaaaaaaaaaaaa ChannelProto_JN9504.cpp:29
2022-06-13 14:45:09.883 [4419] LOG_INFO aaaaaaaaaaaaaaaaaaaaaaa ChannelProto_JN9504.cpp:29
2022-06-13 14:45:09.883 [4419] LOG_INFO aaaaaaaaaaaaaaaaaaaaaaa ChannelProto_JN9504.cpp:29
2022-06-13 14:45:09.883 [4419] LOG_INFO aaaaaaaaaaaaaaaaaaaaaaa ChannelProto_JN9504.cpp:29
2022-06-13 14:45:09.883 [4419] LOG_INFO aaaaaaaaaaaaaaaaaaaaaaa ChannelProto_JN9504.cpp:29
2022-06-13 14:45:09.883 [4419] LOG_INFO aaaaaaaaaaaaaaaaaaaaaaa ChannelProto_JN9504.cpp:29
2022-06-13 14:45:09.883 [4419] LOG_INFO aaaaaaaaaaaaaaaaaaaaaaa ChannelProto_JN9504.cpp:29
2022-06-13 14:45:09.883 [4419] LOG_INFO aaaaaaaaaaaaaaaaaaaaaaa ChannelProto_JN9504.cpp:29
2022-06-13 14:45:09.883 [4419] LOG_INFO aaaaaaaaaaaaaaaaaaaaaaa ChannelProto_JN9504.cpp:29
2022-06-13 14:45:09.883 [4419] LOG_INFO aaaaaaaaaaaaaaaaaaaaaaa ChannelProto_JN9504.cpp:29
2022-06-13 14:45:09.883 [4419] LOG_INFO aaaaaaaaaaaaaaaaaaaaaaa ChannelProto_JN9504.cpp:29
2022-06-13 14:45:09.883 [4419] LOG_INFO aaaaaaaaaaaaaaaaaaaaaaa ChannelProto_JN9504.cpp:29
2022-06-13 14:45:09.883 [4419] LOG_INFO aaaaaaaaaaaaaaaaaaaaaaa ChannelProto_JN9504.cpp:29
2022-06-13 14:45:09.883 [4419] LOG_INFO aaaaaaaaaaaaaaaaaaaaaaa ChannelProto_JN9504.cpp:29
2022-06-13 14:45:09.881 [4413] LOG_INFO aaaaaaaaaaaaaaaaaaaaaaa ChannelProto_JN9504.cpp:29
2022-06-13 14:45:09.883 [4419] LOG_INFO aaaaaaaaaaaaaaaaaaaaaaa ChannelProto_JN9504.cpp:29
2022-06-13 14:45:09.883 [4419] LOG_INFO aaaaaaaaaaaaaaaaaaaaaaa ChannelProto_JN9504.cpp:29
2022-06-13 14:45:09.883 [4419] LOG_INFO aaaaaaaaaaaaaaaaaaaaaaa ChannelProto_JN9504.cpp:29
2022-06-13 14:45:09.883 [4413] LOG_INFO aaaaaaaaaaaaaaaaaaaaaaa ChannelProto_JN9504.cpp:29
2022-06-13 14:45:09.883 [4419] LOG_INFO aaaaaaaaaaaaaaaaaaaaaaa ChannelProto_JN9504.cpp:29
2022-06-13 14:45:09.883 [4413] LOG_INFO aaaaaaaaaaaaaaaaaaaaaaa ChannelProto_JN9504.cpp:29
2022-06-13 14:45:09.883 [4413] LOG_INFO aaaaaaaaaaaaaaaaaaaaaaa ChannelProto_JN9504.cpp:29
2022-06-13 14:45:09.883 [4419] LOG_INFO aaaaaaaaaaaaaaaaaaaaaaa ChannelProto_JN9504.cpp:29
2022-06-13 14:45:09.883 [4419] LOG_INFO aaaaaaaaaaaaaaaaaaaaaaa ChannelProto_JN9504.cpp:29
2022-06-13 14:45:09.883 [4419] LOG_INFO aaaaaaaaaaaaaaaaaaaaaaa ChannelProto_JN9504.cpp:29
2022-06-13 14:45:09.883 [4419] LOG_INFO aaaaaaaaaaaaaaaaaaaaaaa ChannelProto_JN9504.cpp:29
2022-06-13 14:45:09.883 [4401] LOG_INFO aaaaaaaaaaaaaaaaaaaaaaa ChannelProto_JN9504.cpp:29
2022-06-13 14:45:09.883 [4419] LOG_INFO aaaaaaaaaaaaaaaaaaaaaaa ChannelProto_JN9504.cpp:29
2022-06-13 14:45:09.883 [4401] LOG_INFO aaaaaaaaaaaaaaaaaaaaaaa ChannelProto_JN9504.cpp:29
2022-06-13 14:45:09.883 [4419] LOG_INFO aaaaaaaaaaaaaaaaaaaaaaa ChannelProto_JN9504.cpp:29
2022-06-13 14:45:09.883 [4401] LOG_INFO aaaaaaaaaaaaaaaaaaaaaaa ChannelProto_JN9504.cpp:29
2022-06-13 14:45:09.883 [4401] LOG_INFO aaaaaaaaaaaaaaaaaaaaaaa ChannelProto_JN9504.cpp:29
2022-06-13 14:45:09.883 [4401] LOG_INFO aaaaaaaaaaaaaaaaaaaaaaa ChannelProto_JN9504.cpp:29
2022-06-13 14:45:09.883 [4401] LOG_INFO aaaaaaaaaaaaaaaaaaaaaaa ChannelProto_JN9504.cpp:29
2022-06-13 14:45:09.883 [4401] LOG_INFO aaaaaaaaaaaaaaaaaaaaaaa ChannelProto_JN9504.cpp:29
2022-06-13 14:45:09.883 [4401] LOG_INFO aaaaaaaaaaaaaaaaaaaaaaa ChannelProto_JN9504.cpp:29
2022-06-13 14:45:09.883 [4401] LOG_INFO aaaaaaaaaaaaaaaaaaaaaaa ChannelProto_JN9504.cpp:29
2022-06-13 14:45:09.883 [4401] LOG_INFO aaaaaaaaaaaaaaaaaaaaaaa ChannelProto_JN9504.cpp:29
2022-06-13 14:45:09.883 [4401] LOG_INFO aaaaaaaaaaaaaaaaaaaaaaa ChannelProto_JN9504.cpp:29
2022-06-13 14:45:09.883 [4401] LOG_INFO aaaaaaaaaaaaaaaaaaaaaaa ChannelProto_JN9504.cpp:29
2022-06-13 14:45:09.883 [4401] LOG_INFO aaaaaaaaaaaaaaaaaaaaaaa ChannelProto_JN9504.cpp:29
2022-06-13 14:45:09.883 [4401] LOG_INFO aaaaaaaaaaaaaaaaaaaaaaa ChannelProto_JN9504.cpp:29
2022-06-13 14:45:09.883 [4401] LOG_INFO aaaaaaaaaaaaaaaaaaaaaaa ChannelProto_JN9504.cpp:29
2022-06-13 14:45:09.883 [4401] LOG_INFO aaaaaaaaaaaaaaaaaaaaaaa ChannelProto_JN9504.cpp:29
2022-06-13 14:45:09.883 [4401] LOG_INFO aaaaaaaaaaaaaaaaaaaaaaa ChannelProto_JN9504.cpp:29
2022-06-13 14:45:09.883 [4401] LOG_INFO aaaaaaaaaaaaaaaaaaaaaaa ChannelProto_JN9504.cpp:29
2022-06-13 14:45:09.883 [4401] LOG_INFO aaaaaaaaaaaaaaaaaaaaaaa ChannelProto_JN9504.cpp:29
2022-06-13 14:45:09.883 [4401] LOG_INFO aaaaaaaaaaaaaaaaaaaaaaa ChannelProto_JN9504.cpp:29
2022-06-13 14:45:09.883 [4401] LOG_INFO aaaaaaaaaaaaaaaaaaaaaaa ChannelProto_JN9504.cpp:29
2022-06-13 14:45:09.883 [4401] LOG_INFO aaaaaaaaaaaaaaaaaaaaaaa ChannelProto_JN9504.cpp:29
2022-06-13 14:45:09.883 [4401] LOG_INFO aaaaaaaaaaaaaaaaaaaaaaa ChannelProto_JN9504.cpp:29
2022-06-13 14:45:09.883 [4401] LOG_INFO aaaaaaaaaaaaaaaaaaaaaaa ChannelProto_JN9504.cpp:29
2022-06-13 14:45:09.883 [4401] LOG_INFO aaaaaaaaaaaaaaaaaaaaaaa ChannelProto_JN9504.cpp:29
2022-06-13 14:45:09.883 [4401] LOG_INFO aaaaaaaaaaaaaaaaaaaaaaa ChannelProto_JN9504.cpp:29
2022-06-13 14:45:09.883 [4401] LOG_INFO aaaaaaaaaaaaaaaaaaaaaaa ChannelProto_JN9504.cpp:29
2022-06-13 14:45:09.883 [4401] LOG_INFO aaaaaaaaaaaaaaaaaaaaaaa ChannelProto_JN9504.cpp:29
2022-06-13 14:45:09.883 [4401] LOG_INFO aaaaaaaaaaaaaaaaaaaaaaa ChannelProto_JN9504.cpp:29
2022-06-13 14:45:09.883 [4401] LOG_INFO aaaaaaaaaaaaaaaaaaaaaaa ChannelProto_JN9504.cpp:29
2022-06-13 14:45:09.883 [4401] LOG_INFO aaaaaaaaaaaaaaaaaaaaaaa ChannelProto_JN9504.cpp:29
2022-06-13 14:45:09.883 [4401] LOG_INFO aaaaaaaaaaaaaaaaaaaaaaa ChannelProto_JN9504.cpp:29
2022-06-13 14:45:09.883 [4401] LOG_INFO aaaaaaaaaaaaaaaaaaaaaaa ChannelProto_JN9504.cpp:29
2022-06-13 14:45:09.883 [4401] LOG_INFO aaaaaaaaaaaaaaaaaaaaaaa ChannelProto_JN9504.cpp:29
2022-06-13 14:45:09.883 [4401] LOG_INFO aaaaaaaaaaaaaaaaaaaaaaa ChannelProto_JN9504.cpp:29
2022-06-13 14:45:09.883 [4401] LOG_INFO aaaaaaaaaaaaaaaaaaaaaaa ChannelProto_JN9504.cpp:29
2022-06-13 14:45:09.883 [4401] LOG_INFO aaaaaaaaaaaaaaaaaaaaaaa ChannelProto_JN9504.cpp:29
2022-06-13 14:45:09.883 [4401] LOG_INFO aaaaaaaaaaaaaaaaaaaaaaa ChannelProto_JN9504.cpp:29
2022-06-13 14:45:09.883 [4401] LOG_INFO aaaaaaaaaaaaaaaaaaaaaaa ChannelProto_JN9504.cpp:29
2022-06-13 14:45:09.883 [4401] LOG_INFO aaaaaaaaaaaaaaaaaaaaaaa ChannelProto_JN9504.cpp:29
2022-06-13 14:45:09.883 [4401] LOG_INFO aaaaaaaaaaaaaaaaaaaaaaa ChannelProto_JN9504.cpp:29
2022-06-13 14:45:09.883 [4401] LOG_INFO aaaaaaaaaaaaaaaaaaaaaaa ChannelProto_JN9504.cpp:29
2022-06-13 14:45:09.883 [4401] LOG_INFO aaaaaaaaaaaaaaaaaaaaaaa ChannelProto_JN9504.cpp:29
2022-06-13 14:45:09.883 [4401] LOG_INFO aaaaaaaaaaaaaaaaaaaaaaa ChannelProto_JN9504.cpp:29
2022-06-13 14:45:09.883 [4401] LOG_INFO aaaaaaaaaaaaaaaaaaaaaaa ChannelProto_JN9504.cpp:29
2022-06-13 14:45:09.883 [4401] LOG_INFO aaaaaaaaaaaaaaaaaaaaaaa ChannelProto_JN9504.cpp:29
2022-06-13 14:45:09.883 [4401] LOG_INFO aaaaaaaaaaaaaaaaaaaaaaa ChannelProto_JN9504.cpp:29
2022-06-13 14:45:09.883 [4401] LOG_INFO aaaaaaaaaaaaaaaaaaaaaaa ChannelProto_JN9504.cpp:29
2022-06-13 14:45:09.883 [4401] LOG_INFO aaaaaaaaaaaaaaaaaaaaaaa ChannelProto_JN9504.cpp:29
2022-06-13 14:45:09.883 [4401] LOG_INFO aaaaaaaaaaaaaaaaaaaaaaa ChannelProto_JN9504.cpp:29
2022-06-13 14:45:09.883 [4401] LOG_INFO aaaaaaaaaaaaaaaaaaaaaaa ChannelProto_JN9504.cpp:29
2022-06-13 14:45:09.883 [4401] LOG_INFO aaaaaaaaaaaaaaaaaaaaaaa ChannelProto_JN9504.cpp:29
2022-06-13 14:45:09.883 [4401] LOG_INFO aaaaaaaaaaaaaaaaaaaaaaa ChannelProto_JN9504.cpp:29
2022-06-13 14:45:09.883 [4401] LOG_INFO aaaaaaaaaaaaaaaaaaaaaaa ChannelProto_JN9504.cpp:29
2022-06-13 14:45:09.883 [4401] LOG_INFO aaaaaaaaaaaaaaaaaaaaaaa ChannelProto_JN9504.cpp:29
2022-06-13 14:45:09.883 [4401] LOG_INFO aaaaaaaaaaaaaaaaaaaaaaa ChannelProto_JN9504.cpp:29
2022-06-13 14:45:09.883 [4401] LOG_INFO aaaaaaaaaaaaaaaaaaaaaaa ChannelProto_JN9504.cpp:29
2022-06-13 14:45:09.883 [4401] LOG_INFO aaaaaaaaaaaaaaaaaaaaaaa ChannelProto_JN9504.cpp:29
2022-06-13 14:45:09.883 [4401] LOG_INFO aaaaaaaaaaaaaaaaaaaaaaa ChannelProto_JN9504.cpp:29
2022-06-13 14:45:09.883 [4401] LOG_INFO aaaaaaaaaaaaaaaaaaaaaaa ChannelProto_JN9504.cpp:29
2022-06-13 14:45:09.883 [4401] LOG_INFO aaaaaaaaaaaaaaaaaaaaaaa ChannelProto_JN9504.cpp:29
2022-06-13 14:45:09.884 [4401] LOG_INFO aaaaaaaaaaaaaaaaaaaaaaa ChannelProto_JN9504.cpp:29
2022-06-13 14:45:09.884 [4414] LOG_INFO aaaaaaaaaaaaaaaaaaaaaaa ChannelProto_JN9504.cpp:29
2022-06-13 14:45:09.884 [4414] LOG_INFO aaaaaaaaaaaaaaaaaaaaaaa ChannelProto_JN9504.cpp:29
2022-06-13 14:45:09.884 [4414] LOG_INFO aaaaaaaaaaaaaaaaaaaaaaa ChannelProto_JN9504.cpp:29
2022-06-13 14:45:09.884 [4414] LOG_INFO aaaaaaaaaaaaaaaaaaaaaaa ChannelProto_JN9504.cpp:29
2022-06-13 14:45:09.884 [4414] LOG_INFO aaaaaaaaaaaaaaaaaaaaaaa ChannelProto_JN9504.cpp:29
2022-06-13 14:45:09.884 [4414] LOG_INFO aaaaaaaaaaaaaaaaaaaaaaa ChannelProto_JN9504.cpp:29
2022-06-13 14:45:09.884 [4414] LOG_INFO aaaaaaaaaaaaaaaaaaaaaaa ChannelProto_JN9504.cpp:29
2022-06-13 14:45:09.884 [4414] LOG_INFO aaaaaaaaaaaaaaaaaaaaaaa ChannelProto_JN9504.cpp:29
2022-06-13 14:45:09.884 [4414] LOG_INFO aaaaaaaaaaaaaaaaaaaaaaa ChannelProto_JN9504.cpp:29
2022-06-13 14:45:09.884 [4414] LOG_INFO aaaaaaaaaaaaaaaaaaaaaaa ChannelProto_JN9504.cpp:29
2022-06-13 14:45:09.884 [4414] LOG_INFO aaaaaaaaaaaaaaaaaaaaaaa ChannelProto_JN9504.cpp:29
2022-06-13 14:45:09.884 [4414] LOG_INFO aaaaaaaaaaaaaaaaaaaaaaa ChannelProto_JN9504.cpp:29
2022-06-13 14:45:09.884 [4414] LOG_INFO aaaaaaaaaaaaaaaaaaaaaaa ChannelProto_JN9504.cpp:29
2022-06-13 14:45:09.885 [4401] LOG_INFO aaaaaaaaaaaaaaaaaaaaaaa ChannelProto_JN9504.cpp:29
2022-06-13 14:45:09.886 [4414] LOG_INFO aaaaaaaaaaaaaaaaaaaaaaa ChannelProto_JN9504.cpp:29
2022-06-13 14:45:09.886 [4401] LOG_INFO aaaaaaaaaaaaaaaaaaaaaaa ChannelProto_JN9504.cpp:29
2022-06-13 14:45:09.886 [4420] LOG_INFO aaaaaaaaaaaaaaaaaaaaaaa ChannelProto_JN9504.cpp:29
2022-06-13 14:45:09.886 [4420] LOG_INFO aaaaaaaaaaaaaaaaaaaaaaa ChannelProto_JN9504.cpp:29
2022-06-13 14:45:09.886 [4420] LOG_INFO aaaaaaaaaaaaaaaaaaaaaaa ChannelProto_JN9504.cpp:29
2022-06-13 14:45:09.886 [4401] LOG_INFO aaaaaaaaaaaaaaaaaaaaaaa ChannelProto_JN9504.cpp:29
2022-06-13 14:45:09.886 [4420] LOG_INFO aaaaaaaaaaaaaaaaaaaaaaa ChannelProto_JN9504.cpp:29
2022-06-13 14:45:09.886 [4401] LOG_INFO aaaaaaaaaaaaaaaaaaaaaaa ChannelProto_JN9504.cpp:29
2022-06-13 14:45:09.886 [4420] LOG_INFO aaaaaaaaaaaaaaaaaaaaaaa ChannelProto_JN9504.cpp:29
2022-06-13 14:45:09.886 [4401] LOG_INFO aaaaaaaaaaaaaaaaaaaaaaa ChannelProto_JN9504.cpp:29
2022-06-13 14:45:09.886 [4420] LOG_INFO aaaaaaaaaaaaaaaaaaaaaaa ChannelProto_JN9504.cpp:29
2022-06-13 14:45:09.886 [4420] LOG_INFO aaaaaaaaaaaaaaaaaaaaaaa ChannelProto_JN9504.cpp:29
2022-06-13 14:45:09.886 [4401] LOG_INFO aaaaaaaaaaaaaaaaaaaaaaa ChannelProto_JN9504.cpp:29
2022-06-13 14:45:09.886 [4420] LOG_INFO aaaaaaaaaaaaaaaaaaaaaaa ChannelProto_JN9504.cpp:29
2022-06-13 14:45:09.886 [4420] LOG_INFO aaaaaaaaaaaaaaaaaaaaaaa ChannelProto_JN9504.cpp:29
2022-06-13 14:45:09.886 [4401] LOG_INFO aaaaaaaaaaaaaaaaaaaaaaa ChannelProto_JN9504.cpp:29
2022-06-13 14:45:09.886 [4420] LOG_INFO aaaaaaaaaaaaaaaaaaaaaaa ChannelProto_JN9504.cpp:29
2022-06-13 14:45:09.886 [4401] LOG_INFO aaaaaaaaaaaaaaaaaaaaaaa ChannelProto_JN9504.cpp:29
2022-06-13 14:45:09.886 [4420] LOG_INFO aaaaaaaaaaaaaaaaaaaaaaa ChannelProto_JN9504.cpp:29
2022-06-13 14:45:09.887 [4401] LOG_INFO aaaaaaaaaaaaaaaaaaaaaaa ChannelProto_JN9504.cpp:29
2022-06-13 14:45:09.887 [4420] LOG_INFO aaaaaaaaaaaaaaaaaaaaaaa ChannelProto_JN9504.cpp:29
2022-06-13 14:45:09.887 [4420] LOG_INFO aaaaaaaaaaaaaaaaaaaaaaa ChannelProto_JN9504.cpp:29
2022-06-13 14:45:09.887 [4401] LOG_INFO aaaaaaaaaaaaaaaaaaaaaaa ChannelProto_JN9504.cpp:29
2022-06-13 14:45:09.887 [4420] LOG_INFO aaaaaaaaaaaaaaaaaaaaaaa ChannelProto_JN9504.cpp:29
2022-06-13 14:45:09.887 [4401] LOG_INFO aaaaaaaaaaaaaaaaaaaaaaa ChannelProto_JN9504.cpp:29
2022-06-13 14:45:09.887 [4420] LOG_INFO aaaaaaaaaaaaaaaaaaaaaaa ChannelProto_JN9504.cpp:29
2022-06-13 14:45:09.887 [4420] LOG_INFO aaaaaaaaaaaaaaaaaaaaaaa ChannelProto_JN9504.cpp:29
2022-06-13 14:45:09.887 [4401] LOG_INFO aaaaaaaaaaaaaaaaaaaaaaa ChannelProto_JN9504.cpp:29
2022-06-13 14:45:09.887 [4420] LOG_INFO aaaaaaaaaaaaaaaaaaaaaaa ChannelProto_JN9504.cpp:29
2022-06-13 14:45:09.887 [4420] LOG_INFO aaaaaaaaaaaaaaaaaaaaaaa ChannelProto_JN9504.cpp:29
2022-06-13 14:45:09.887 [4401] LOG_INFO aaaaaaaaaaaaaaaaaaaaaaa ChannelProto_JN9504.cpp:29
2022-06-13 14:45:09.887 [4420] LOG_INFO aaaaaaaaaaaaaaaaaaaaaaa ChannelProto_JN9504.cpp:29
2022-06-13 14:45:09.887 [4401] LOG_INFO aaaaaaaaaaaaaaaaaaaaaaa ChannelProto_JN9504.cpp:29
2022-06-13 14:45:09.887 [4420] LOG_INFO aaaaaaaaaaaaaaaaaaaaaaa ChannelProto_JN9504.cpp:29
2022-06-13 14:45:09.887 [4401] LOG_INFO aaaaaaaaaaaaaaaaaaaaaaa ChannelProto_JN9504.cpp:29
2022-06-13 14:45:09.887 [4420] LOG_INFO aaaaaaaaaaaaaaaaaaaaaaa ChannelProto_JN9504.cpp:29
2022-06-13 14:45:09.887 [4420] LOG_INFO aaaaaaaaaaaaaaaaaaaaaaa ChannelProto_JN9504.cpp:29
2022-06-13 14:45:09.887 [4401] LOG_INFO aaaaaaaaaaaaaaaaaaaaaaa ChannelProto_JN9504.cpp:29
2022-06-13 14:45:09.887 [4420] LOG_INFO aaaaaaaaaaaaaaaaaaaaaaa ChannelProto_JN9504.cpp:29
2022-06-13 14:45:09.887 [4401] LOG_INFO aaaaaaaaaaaaaaaaaaaaaaa ChannelProto_JN9504.cpp:29
2022-06-13 14:45:09.887 [4420] LOG_INFO aaaaaaaaaaaaaaaaaaaaaaa ChannelProto_JN9504.cpp:29
2022-06-13 14:45:09.887 [4420] LOG_INFO aaaaaaaaaaaaaaaaaaaaaaa ChannelProto_JN9504.cpp:29
2022-06-13 14:45:09.887 [4401] LOG_INFO aaaaaaaaaaaaaaaaaaaaaaa ChannelProto_JN9504.cpp:29
2022-06-13 14:45:09.887 [4420] LOG_INFO aaaaaaaaaaaaaaaaaaaaaaa ChannelProto_JN9504.cpp:29
2022-06-13 14:45:09.887 [4401] LOG_INFO aaaaaaaaaaaaaaaaaaaaaaa ChannelProto_JN9504.cpp:29
2022-06-13 14:45:09.887 [4420] LOG_INFO aaaaaaaaaaaaaaaaaaaaaaa ChannelProto_JN9504.cpp:29
2022-06-13 14:45:09.887 [4401] LOG_INFO aaaaaaaaaaaaaaaaaaaaaaa ChannelProto_JN9504.cpp:29
2022-06-13 14:45:09.887 [4420] LOG_INFO aaaaaaaaaaaaaaaaaaaaaaa ChannelProto_JN9504.cpp:29
2022-06-13 14:45:09.887 [4420] LOG_INFO aaaaaaaaaaaaaaaaaaaaaaa ChannelProto_JN9504.cpp:29
2022-06-13 14:45:09.887 [4401] LOG_INFO aaaaaaaaaaaaaaaaaaaaaaa ChannelProto_JN9504.cpp:29
2022-06-13 14:45:09.887 [4420] LOG_INFO aaaaaaaaaaaaaaaaaaaaaaa ChannelProto_JN9504.cpp:29
2022-06-13 14:45:09.887 [4401] LOG_INFO aaaaaaaaaaaaaaaaaaaaaaa ChannelProto_JN9504.cpp:29
2022-06-13 14:45:09.887 [4420] LOG_INFO aaaaaaaaaaaaaaaaaaaaaaa ChannelProto_JN9504.cpp:29
2022-06-13 14:45:09.887 [4420] LOG_INFO aaaaaaaaaaaaaaaaaaaaaaa ChannelProto_JN9504.cpp:29
2022-06-13 14:45:09.887 [4401] LOG_INFO aaaaaaaaaaaaaaaaaaaaaaa ChannelProto_JN9504.cpp:29
2022-06-13 14:45:09.887 [4401] LOG_INFO aaaaaaaaaaaaaaaaaaaaaaa ChannelProto_JN9504.cpp:29
2022-06-13 14:45:09.887 [4401] LOG_INFO aaaaaaaaaaaaaaaaaaaaaaa ChannelProto_JN9504.cpp:29
2022-06-13 14:45:09.887 [4401] LOG_INFO aaaaaaaaaaaaaaaaaaaaaaa ChannelProto_JN9504.cpp:29
2022-06-13 14:45:09.887 [4401] LOG_INFO aaaaaaaaaaaaaaaaaaaaaaa ChannelProto_JN9504.cpp:29
2022-06-13 14:45:09.887 [4401] LOG_INFO aaaaaaaaaaaaaaaaaaaaaaa ChannelProto_JN9504.cpp:29
2022-06-13 14:45:09.887 [4401] LOG_INFO aaaaaaaaaaaaaaaaaaaaaaa ChannelProto_JN9504.cpp:29
2022-06-13 14:45:09.887 [4401] LOG_INFO aaaaaaaaaaaaaaaaaaaaaaa ChannelProto_JN9504.cpp:29
2022-06-13 14:45:09.887 [4401] LOG_INFO aaaaaaaaaaaaaaaaaaaaaaa ChannelProto_JN9504.cpp:29
2022-06-13 14:45:09.887 [4401] LOG_INFO aaaaaaaaaaaaaaaaaaaaaaa ChannelProto_JN9504.cpp:29
2022-06-13 14:45:09.887 [4401] LOG_INFO aaaaaaaaaaaaaaaaaaaaaaa ChannelProto_JN9504.cpp:29
2022-06-13 14:45:09.887 [4401] LOG_INFO aaaaaaaaaaaaaaaaaaaaaaa ChannelProto_JN9504.cpp:29
2022-06-13 14:45:09.970 [4422] LOG_INFO aaaaaaaaaaaaaaaaaaaaaaa ChannelProto_JN9504.cpp:29
2022-06-13 14:45:09.970 [4422] LOG_INFO aaaaaaaaaaaaaaaaaaaaaaa ChannelProto_JN9504.cpp:29
2022-06-13 14:45:09.970 [4422] LOG_INFO aaaaaaaaaaaaaaaaaaaaaaa ChannelProto_JN9504.cpp:29
2022-06-13 14:45:09.970 [4422] LOG_INFO aaaaaaaaaaaaaaaaaaaaaaa ChannelProto_JN9504.cpp:29
2022-06-13 14:45:09.970 [4422] LOG_INFO aaaaaaaaaaaaaaaaaaaaaaa ChannelProto_JN9504.cpp:29
2022-06-13 14:45:09.970 [4422] LOG_INFO aaaaaaaaaaaaaaaaaaaaaaa ChannelProto_JN9504.cpp:29
2022-06-13 14:45:09.970 [4422] LOG_INFO aaaaaaaaaaaaaaaaaaaaaaa ChannelProto_JN9504.cpp:29
2022-06-13 14:45:09.970 [4422] LOG_INFO aaaaaaaaaaaaaaaaaaaaaaa ChannelProto_JN9504.cpp:29
2022-06-13 14:45:09.970 [4422] LOG_INFO aaaaaaaaaaaaaaaaaaaaaaa ChannelProto_JN9504.cpp:29
2022-06-13 14:45:09.970 [4422] LOG_INFO aaaaaaaaaaaaaaaaaaaaaaa ChannelProto_JN9504.cpp:29
2022-06-13 14:45:09.970 [4422] LOG_INFO aaaaaaaaaaaaaaaaaaaaaaa ChannelProto_JN9504.cpp:29
2022-06-13 14:45:09.970 [4422] LOG_INFO aaaaaaaaaaaaaaaaaaaaaaa ChannelProto_JN9504.cpp:29
2022-06-13 14:45:09.970 [4422] LOG_INFO aaaaaaaaaaaaaaaaaaaaaaa ChannelProto_JN9504.cpp:29
2022-06-13 14:45:09.970 [4422] LOG_INFO aaaaaaaaaaaaaaaaaaaaaaa ChannelProto_JN9504.cpp:29
2022-06-13 14:45:09.970 [4421] LOG_INFO aaaaaaaaaaaaaaaaaaaaaaa ChannelProto_JN9504.cpp:29
2022-06-13 14:45:09.970 [4422] LOG_INFO aaaaaaaaaaaaaaaaaaaaaaa ChannelProto_JN9504.cpp:29
2022-06-13 14:45:09.970 [4422] LOG_INFO aaaaaaaaaaaaaaaaaaaaaaa ChannelProto_JN9504.cpp:29
2022-06-13 14:45:09.970 [4422] LOG_INFO aaaaaaaaaaaaaaaaaaaaaaa ChannelProto_JN9504.cpp:29
2022-06-13 14:45:09.970 [4421] LOG_INFO aaaaaaaaaaaaaaaaaaaaaaa ChannelProto_JN9504.cpp:29
2022-06-13 14:45:09.970 [4422] LOG_INFO aaaaaaaaaaaaaaaaaaaaaaa ChannelProto_JN9504.cpp:29
2022-06-13 14:45:09.970 [4421] LOG_INFO aaaaaaaaaaaaaaaaaaaaaaa ChannelProto_JN9504.cpp:29
2022-06-13 14:45:09.970 [4422] LOG_INFO aaaaaaaaaaaaaaaaaaaaaaa ChannelProto_JN9504.cpp:29
2022-06-13 14:45:09.970 [4421] LOG_INFO aaaaaaaaaaaaaaaaaaaaaaa ChannelProto_JN9504.cpp:29
2022-06-13 14:45:09.970 [4422] LOG_INFO aaaaaaaaaaaaaaaaaaaaaaa ChannelProto_JN9504.cpp:29
2022-06-13 14:45:09.970 [4421] LOG_INFO aaaaaaaaaaaaaaaaaaaaaaa ChannelProto_JN9504.cpp:29
2022-06-13 14:45:09.970 [4422] LOG_INFO aaaaaaaaaaaaaaaaaaaaaaa ChannelProto_JN9504.cpp:29
2022-06-13 14:45:09.970 [4421] LOG_INFO aaaaaaaaaaaaaaaaaaaaaaa ChannelProto_JN9504.cpp:29
2022-06-13 14:45:09.970 [4422] LOG_INFO aaaaaaaaaaaaaaaaaaaaaaa ChannelProto_JN9504.cpp:29
2022-06-13 14:45:09.970 [4421] LOG_INFO aaaaaaaaaaaaaaaaaaaaaaa ChannelProto_JN9504.cpp:29
2022-06-13 14:45:09.970 [4422] LOG_INFO aaaaaaaaaaaaaaaaaaaaaaa ChannelProto_JN9504.cpp:29
2022-06-13 14:45:09.970 [4421] LOG_INFO aaaaaaaaaaaaaaaaaaaaaaa ChannelProto_JN9504.cpp:29
2022-06-13 14:45:09.970 [4422] LOG_INFO aaaaaaaaaaaaaaaaaaaaaaa ChannelProto_JN9504.cpp:29
2022-06-13 14:45:09.970 [4421] LOG_INFO aaaaaaaaaaaaaaaaaaaaaaa ChannelProto_JN9504.cpp:29
2022-06-13 14:45:09.970 [4422] LOG_INFO aaaaaaaaaaaaaaaaaaaaaaa ChannelProto_JN9504.cpp:29
2022-06-13 14:45:09.970 [4421] LOG_INFO aaaaaaaaaaaaaaaaaaaaaaa ChannelProto_JN9504.cpp:29
2022-06-13 14:45:09.970 [4422] LOG_INFO aaaaaaaaaaaaaaaaaaaaaaa ChannelProto_JN9504.cpp:29
2022-06-13 14:45:09.970 [4421] LOG_INFO aaaaaaaaaaaaaaaaaaaaaaa ChannelProto_JN9504.cpp:29
2022-06-13 14:45:09.970 [4422] LOG_INFO aaaaaaaaaaaaaaaaaaaaaaa ChannelProto_JN9504.cpp:29
2022-06-13 14:45:09.970 [4422] LOG_INFO aaaaaaaaaaaaaaaaaaaaaaa ChannelProto_JN9504.cpp:29
2022-06-13 14:45:09.970 [4421] LOG_INFO aaaaaaaaaaaaaaaaaaaaaaa ChannelProto_JN9504.cpp:29
2022-06-13 14:45:09.970 [4422] LOG_INFO aaaaaaaaaaaaaaaaaaaaaaa ChannelProto_JN9504.cpp:29
2022-06-13 14:45:09.970 [4421] LOG_INFO aaaaaaaaaaaaaaaaaaaaaaa ChannelProto_JN9504.cpp:29
2022-06-13 14:45:09.970 [4422] LOG_INFO aaaaaaaaaaaaaaaaaaaaaaa ChannelProto_JN9504.cpp:29
2022-06-13 14:45:09.970 [4421] LOG_INFO aaaaaaaaaaaaaaaaaaaaaaa ChannelProto_JN9504.cpp:29
2022-06-13 14:45:09.970 [4422] LOG_INFO aaaaaaaaaaaaaaaaaaaaaaa ChannelProto_JN9504.cpp:29
2022-06-13 14:45:09.970 [4421] LOG_INFO aaaaaaaaaaaaaaaaaaaaaaa ChannelProto_JN9504.cpp:29
2022-06-13 14:45:09.970 [4422] LOG_INFO aaaaaaaaaaaaaaaaaaaaaaa ChannelProto_JN9504.cpp:29
2022-06-13 14:45:09.970 [4421] LOG_INFO aaaaaaaaaaaaaaaaaaaaaaa ChannelProto_JN9504.cpp:29
2022-06-13 14:45:09.970 [4421] LOG_INFO aaaaaaaaaaaaaaaaaaaaaaa ChannelProto_JN9504.cpp:29
2022-06-13 14:45:09.970 [4421] LOG_INFO aaaaaaaaaaaaaaaaaaaaaaa ChannelProto_JN9504.cpp:29
2022-06-13 14:45:09.970 [4421] LOG_INFO aaaaaaaaaaaaaaaaaaaaaaa ChannelProto_JN9504.cpp:29
2022-06-13 14:45:09.970 [4421] LOG_INFO aaaaaaaaaaaaaaaaaaaaaaa ChannelProto_JN9504.cpp:29
2022-06-13 14:45:09.970 [4421] LOG_INFO aaaaaaaaaaaaaaaaaaaaaaa ChannelProto_JN9504.cpp:29
2022-06-13 14:45:09.970 [4421] LOG_INFO aaaaaaaaaaaaaaaaaaaaaaa ChannelProto_JN9504.cpp:29
2022-06-13 14:45:09.970 [4421] LOG_INFO aaaaaaaaaaaaaaaaaaaaaaa ChannelProto_JN9504.cpp:29
2022-06-13 14:45:09.970 [4421] LOG_INFO aaaaaaaaaaaaaaaaaaaaaaa ChannelProto_JN9504.cpp:29
2022-06-13 14:45:09.970 [4421] LOG_INFO aaaaaaaaaaaaaaaaaaaaaaa ChannelProto_JN9504.cpp:29
2022-06-13 14:45:09.970 [4421] LOG_INFO aaaaaaaaaaaaaaaaaaaaaaa ChannelProto_JN9504.cpp:29
2022-06-13 14:45:09.970 [4421] LOG_INFO aaaaaaaaaaaaaaaaaaaaaaa ChannelProto_JN9504.cpp:29
2022-06-13 14:45:09.970 [4421] LOG_INFO aaaaaaaaaaaaaaaaaaaaaaa ChannelProto_JN9504.cpp:29
2022-06-13 14:45:09.970 [4421] LOG_INFO aaaaaaaaaaaaaaaaaaaaaaa ChannelProto_JN9504.cpp:29
2022-06-13 14:45:09.970 [4421] LOG_INFO aaaaaaaaaaaaaaaaaaaaaaa ChannelProto_JN9504.cpp:29
2022-06-13 14:45:09.970 [4421] LOG_INFO aaaaaaaaaaaaaaaaaaaaaaa ChannelProto_JN9504.cpp:29
2022-06-13 14:45:09.970 [4421] LOG_INFO aaaaaaaaaaaaaaaaaaaaaaa ChannelProto_JN9504.cpp:29
2022-06-13 14:45:11.888 [4425] LOG_DEBUG Master heartbeat starting...[10.168.202.20:5010] Cabinet.cpp:134
2022-06-13 14:45:11.939 [4425] LOG_DEBUG Master heartbeat connecting...[10.168.202.20:5010] Cabinet.cpp:172
2022-06-13 14:45:15.437 [4425] LOG_DEBUG Master heartbeat connecting...[10.168.202.20:5010] Cabinet.cpp:172
2022-06-13 14:45:18.939 [4425] LOG_DEBUG Master heartbeat connecting...[10.168.202.20:5010] Cabinet.cpp:172
2022-06-13 14:45:22.438 [4425] LOG_DEBUG Master heartbeat connecting...[10.168.202.20:5010] Cabinet.cpp:172
2022-06-13 14:45:25.937 [4425] LOG_DEBUG Master heartbeat connecting...[10.168.202.20:5010] Cabinet.cpp:172
