2022-06-14 21:07:22.726 [19708] LOG_ALARM -----------------  log4z thread started!   ---------------------------- log4z.cpp:1923
2022-06-14 21:07:22.726 [19708] LOG_ALARM logger id=0 key=Main name=log path=../log/ level=1 display=true log4z.cpp:1933
2022-06-14 21:07:22.726 [19708] LOG_ALARM logger id=1 key=ProcessData name=ProcessData path=../data/ProcessData/ level=0 display=false log4z.cpp:1933
2022-06-14 21:07:22.726 [19708] LOG_ALARM logger id=2 key=StopData name=StopData path=../data/StopData/ level=0 display=false log4z.cpp:1933
2022-06-14 21:07:22.726 [19708] LOG_ALARM logger id=3 key=TempData name=TempData path=../data/TempData/ level=0 display=false log4z.cpp:1933
2022-06-14 21:07:22.776 [19705] LOG_INFO =============== BFG software version:12.0030.0010-0218 =============== main.cpp:170
2022-06-14 21:07:22.782 [19705] LOG_ERROR 执行的是这一个构造函数 ChannelProto_JN9504.cpp:30
2022-06-14 21:07:22.782 [19705] LOG_ERROR 执行的是这一个构造函数 ChannelProto_JN9504.cpp:30
2022-06-14 21:07:22.782 [19705] LOG_ERROR 执行的是这一个构造函数 ChannelProto_JN9504.cpp:30
2022-06-14 21:07:22.782 [19705] LOG_ERROR 执行的是这一个构造函数 ChannelProto_JN9504.cpp:30
2022-06-14 21:07:22.782 [19705] LOG_ERROR 执行的是这一个构造函数 ChannelProto_JN9504.cpp:30
2022-06-14 21:07:22.782 [19705] LOG_ERROR 执行的是这一个构造函数 ChannelProto_JN9504.cpp:30
2022-06-14 21:07:22.782 [19705] LOG_ERROR 执行的是这一个构造函数 ChannelProto_JN9504.cpp:30
2022-06-14 21:07:22.782 [19705] LOG_ERROR 执行的是这一个构造函数 ChannelProto_JN9504.cpp:30
2022-06-14 21:07:22.782 [19705] LOG_ERROR 执行的是这一个构造函数 ChannelProto_JN9504.cpp:30
2022-06-14 21:07:22.782 [19705] LOG_ERROR 执行的是这一个构造函数 ChannelProto_JN9504.cpp:30
2022-06-14 21:07:22.782 [19705] LOG_ERROR 执行的是这一个构造函数 ChannelProto_JN9504.cpp:30
2022-06-14 21:07:22.782 [19705] LOG_ERROR 执行的是这一个构造函数 ChannelProto_JN9504.cpp:30
2022-06-14 21:07:22.782 [19705] LOG_ERROR 执行的是这一个构造函数 ChannelProto_JN9504.cpp:30
2022-06-14 21:07:22.782 [19705] LOG_ERROR 执行的是这一个构造函数 ChannelProto_JN9504.cpp:30
2022-06-14 21:07:22.782 [19705] LOG_ERROR 执行的是这一个构造函数 ChannelProto_JN9504.cpp:30
2022-06-14 21:07:22.782 [19705] LOG_ERROR 执行的是这一个构造函数 ChannelProto_JN9504.cpp:30
2022-06-14 21:07:22.782 [19705] LOG_ERROR 执行的是这一个构造函数 ChannelProto_JN9504.cpp:30
2022-06-14 21:07:22.782 [19705] LOG_ERROR 执行的是这一个构造函数 ChannelProto_JN9504.cpp:30
2022-06-14 21:07:22.782 [19705] LOG_ERROR 执行的是这一个构造函数 ChannelProto_JN9504.cpp:30
2022-06-14 21:07:22.782 [19705] LOG_ERROR 执行的是这一个构造函数 ChannelProto_JN9504.cpp:30
2022-06-14 21:07:22.782 [19705] LOG_ERROR 执行的是这一个构造函数 ChannelProto_JN9504.cpp:30
2022-06-14 21:07:22.782 [19705] LOG_ERROR 执行的是这一个构造函数 ChannelProto_JN9504.cpp:30
2022-06-14 21:07:22.782 [19705] LOG_ERROR 执行的是这一个构造函数 ChannelProto_JN9504.cpp:30
2022-06-14 21:07:22.782 [19705] LOG_ERROR 执行的是这一个构造函数 ChannelProto_JN9504.cpp:30
2022-06-14 21:07:22.782 [19705] LOG_ERROR 执行的是这一个构造函数 ChannelProto_JN9504.cpp:30
2022-06-14 21:07:22.782 [19705] LOG_ERROR 执行的是这一个构造函数 ChannelProto_JN9504.cpp:30
2022-06-14 21:07:22.782 [19705] LOG_ERROR 执行的是这一个构造函数 ChannelProto_JN9504.cpp:30
2022-06-14 21:07:22.782 [19705] LOG_ERROR 执行的是这一个构造函数 ChannelProto_JN9504.cpp:30
2022-06-14 21:07:22.782 [19705] LOG_ERROR 执行的是这一个构造函数 ChannelProto_JN9504.cpp:30
2022-06-14 21:07:22.782 [19705] LOG_ERROR 执行的是这一个构造函数 ChannelProto_JN9504.cpp:30
2022-06-14 21:07:22.782 [19705] LOG_ERROR 执行的是这一个构造函数 ChannelProto_JN9504.cpp:30
2022-06-14 21:07:22.782 [19705] LOG_ERROR 执行的是这一个构造函数 ChannelProto_JN9504.cpp:30
2022-06-14 21:07:22.782 [19705] LOG_INFO aaabbbcc Cell.cpp:35
2022-06-14 21:07:22.783 [19705] LOG_ERROR 执行的是这一个构造函数 ChannelProto_JN9504.cpp:30
2022-06-14 21:07:22.783 [19705] LOG_ERROR 执行的是这一个构造函数 ChannelProto_JN9504.cpp:30
2022-06-14 21:07:22.783 [19705] LOG_ERROR 执行的是这一个构造函数 ChannelProto_JN9504.cpp:30
2022-06-14 21:07:22.783 [19705] LOG_ERROR 执行的是这一个构造函数 ChannelProto_JN9504.cpp:30
2022-06-14 21:07:22.783 [19705] LOG_ERROR 执行的是这一个构造函数 ChannelProto_JN9504.cpp:30
2022-06-14 21:07:22.783 [19705] LOG_ERROR 执行的是这一个构造函数 ChannelProto_JN9504.cpp:30
2022-06-14 21:07:22.783 [19705] LOG_ERROR 执行的是这一个构造函数 ChannelProto_JN9504.cpp:30
2022-06-14 21:07:22.783 [19705] LOG_ERROR 执行的是这一个构造函数 ChannelProto_JN9504.cpp:30
2022-06-14 21:07:22.783 [19705] LOG_ERROR 执行的是这一个构造函数 ChannelProto_JN9504.cpp:30
2022-06-14 21:07:22.783 [19705] LOG_ERROR 执行的是这一个构造函数 ChannelProto_JN9504.cpp:30
2022-06-14 21:07:22.783 [19705] LOG_ERROR 执行的是这一个构造函数 ChannelProto_JN9504.cpp:30
2022-06-14 21:07:22.783 [19705] LOG_ERROR 执行的是这一个构造函数 ChannelProto_JN9504.cpp:30
2022-06-14 21:07:22.783 [19705] LOG_ERROR 执行的是这一个构造函数 ChannelProto_JN9504.cpp:30
2022-06-14 21:07:22.784 [19705] LOG_ERROR 执行的是这一个构造函数 ChannelProto_JN9504.cpp:30
2022-06-14 21:07:22.784 [19705] LOG_ERROR 执行的是这一个构造函数 ChannelProto_JN9504.cpp:30
2022-06-14 21:07:22.784 [19705] LOG_ERROR 执行的是这一个构造函数 ChannelProto_JN9504.cpp:30
2022-06-14 21:07:22.784 [19705] LOG_ERROR 执行的是这一个构造函数 ChannelProto_JN9504.cpp:30
2022-06-14 21:07:22.785 [19705] LOG_ERROR 执行的是这一个构造函数 ChannelProto_JN9504.cpp:30
2022-06-14 21:07:22.785 [19705] LOG_ERROR 执行的是这一个构造函数 ChannelProto_JN9504.cpp:30
2022-06-14 21:07:22.785 [19705] LOG_ERROR 执行的是这一个构造函数 ChannelProto_JN9504.cpp:30
2022-06-14 21:07:22.785 [19705] LOG_ERROR 执行的是这一个构造函数 ChannelProto_JN9504.cpp:30
2022-06-14 21:07:22.785 [19705] LOG_ERROR 执行的是这一个构造函数 ChannelProto_JN9504.cpp:30
2022-06-14 21:07:22.785 [19705] LOG_ERROR 执行的是这一个构造函数 ChannelProto_JN9504.cpp:30
2022-06-14 21:07:22.785 [19705] LOG_ERROR 执行的是这一个构造函数 ChannelProto_JN9504.cpp:30
2022-06-14 21:07:22.785 [19705] LOG_ERROR 执行的是这一个构造函数 ChannelProto_JN9504.cpp:30
2022-06-14 21:07:22.787 [19705] LOG_ERROR 执行的是这一个构造函数 ChannelProto_JN9504.cpp:30
2022-06-14 21:07:22.790 [19705] LOG_ERROR 执行的是这一个构造函数 ChannelProto_JN9504.cpp:30
2022-06-14 21:07:22.791 [19705] LOG_ERROR 执行的是这一个构造函数 ChannelProto_JN9504.cpp:30
2022-06-14 21:07:22.791 [19705] LOG_ERROR 执行的是这一个构造函数 ChannelProto_JN9504.cpp:30
2022-06-14 21:07:22.791 [19705] LOG_ERROR 执行的是这一个构造函数 ChannelProto_JN9504.cpp:30
2022-06-14 21:07:22.791 [19717] LOG_ERROR 执行的是这一个构造函数 ChannelProto_JN9504.cpp:30
2022-06-14 21:07:22.791 [19705] LOG_ERROR 执行的是这一个构造函数 ChannelProto_JN9504.cpp:30
2022-06-14 21:07:22.791 [19717] LOG_ERROR 执行的是这一个构造函数 ChannelProto_JN9504.cpp:30
2022-06-14 21:07:22.791 [19705] LOG_ERROR 执行的是这一个构造函数 ChannelProto_JN9504.cpp:30
2022-06-14 21:07:22.791 [19717] LOG_ERROR 执行的是这一个构造函数 ChannelProto_JN9504.cpp:30
2022-06-14 21:07:22.791 [19705] LOG_INFO aaabbbcc Cell.cpp:35
2022-06-14 21:07:22.791 [19717] LOG_ERROR 执行的是这一个构造函数 ChannelProto_JN9504.cpp:30
2022-06-14 21:07:22.791 [19717] LOG_ERROR 执行的是这一个构造函数 ChannelProto_JN9504.cpp:30
2022-06-14 21:07:22.792 [19717] LOG_ERROR 执行的是这一个构造函数 ChannelProto_JN9504.cpp:30
2022-06-14 21:07:22.792 [19717] LOG_ERROR 执行的是这一个构造函数 ChannelProto_JN9504.cpp:30
2022-06-14 21:07:22.792 [19717] LOG_ERROR 执行的是这一个构造函数 ChannelProto_JN9504.cpp:30
2022-06-14 21:07:22.792 [19717] LOG_ERROR 执行的是这一个构造函数 ChannelProto_JN9504.cpp:30
2022-06-14 21:07:22.792 [19717] LOG_ERROR 执行的是这一个构造函数 ChannelProto_JN9504.cpp:30
2022-06-14 21:07:22.792 [19705] LOG_ERROR 执行的是这一个构造函数 ChannelProto_JN9504.cpp:30
2022-06-14 21:07:22.792 [19717] LOG_ERROR 执行的是这一个构造函数 ChannelProto_JN9504.cpp:30
2022-06-14 21:07:22.793 [19705] LOG_ERROR 执行的是这一个构造函数 ChannelProto_JN9504.cpp:30
2022-06-14 21:07:22.793 [19705] LOG_ERROR 执行的是这一个构造函数 ChannelProto_JN9504.cpp:30
2022-06-14 21:07:22.793 [19717] LOG_ERROR 执行的是这一个构造函数 ChannelProto_JN9504.cpp:30
2022-06-14 21:07:22.793 [19705] LOG_ERROR 执行的是这一个构造函数 ChannelProto_JN9504.cpp:30
2022-06-14 21:07:22.793 [19705] LOG_ERROR 执行的是这一个构造函数 ChannelProto_JN9504.cpp:30
2022-06-14 21:07:22.793 [19717] LOG_ERROR 执行的是这一个构造函数 ChannelProto_JN9504.cpp:30
2022-06-14 21:07:22.793 [19705] LOG_ERROR 执行的是这一个构造函数 ChannelProto_JN9504.cpp:30
2022-06-14 21:07:22.793 [19705] LOG_ERROR 执行的是这一个构造函数 ChannelProto_JN9504.cpp:30
2022-06-14 21:07:22.793 [19717] LOG_ERROR 执行的是这一个构造函数 ChannelProto_JN9504.cpp:30
2022-06-14 21:07:22.794 [19705] LOG_ERROR 执行的是这一个构造函数 ChannelProto_JN9504.cpp:30
2022-06-14 21:07:22.794 [19705] LOG_ERROR 执行的是这一个构造函数 ChannelProto_JN9504.cpp:30
2022-06-14 21:07:22.794 [19705] LOG_ERROR 执行的是这一个构造函数 ChannelProto_JN9504.cpp:30
2022-06-14 21:07:22.794 [19705] LOG_ERROR 执行的是这一个构造函数 ChannelProto_JN9504.cpp:30
2022-06-14 21:07:22.794 [19705] LOG_ERROR 执行的是这一个构造函数 ChannelProto_JN9504.cpp:30
2022-06-14 21:07:22.794 [19705] LOG_ERROR 执行的是这一个构造函数 ChannelProto_JN9504.cpp:30
2022-06-14 21:07:22.794 [19705] LOG_ERROR 执行的是这一个构造函数 ChannelProto_JN9504.cpp:30
2022-06-14 21:07:22.794 [19705] LOG_ERROR 执行的是这一个构造函数 ChannelProto_JN9504.cpp:30
2022-06-14 21:07:22.794 [19705] LOG_ERROR 执行的是这一个构造函数 ChannelProto_JN9504.cpp:30
2022-06-14 21:07:22.794 [19705] LOG_ERROR 执行的是这一个构造函数 ChannelProto_JN9504.cpp:30
2022-06-14 21:07:22.794 [19705] LOG_ERROR 执行的是这一个构造函数 ChannelProto_JN9504.cpp:30
2022-06-14 21:07:22.794 [19705] LOG_ERROR 执行的是这一个构造函数 ChannelProto_JN9504.cpp:30
2022-06-14 21:07:22.794 [19705] LOG_ERROR 执行的是这一个构造函数 ChannelProto_JN9504.cpp:30
2022-06-14 21:07:22.794 [19705] LOG_ERROR 执行的是这一个构造函数 ChannelProto_JN9504.cpp:30
2022-06-14 21:07:22.794 [19705] LOG_ERROR 执行的是这一个构造函数 ChannelProto_JN9504.cpp:30
2022-06-14 21:07:22.794 [19705] LOG_ERROR 执行的是这一个构造函数 ChannelProto_JN9504.cpp:30
2022-06-14 21:07:22.794 [19717] LOG_ERROR 执行的是这一个构造函数 ChannelProto_JN9504.cpp:30
2022-06-14 21:07:22.795 [19717] LOG_ERROR 执行的是这一个构造函数 ChannelProto_JN9504.cpp:30
2022-06-14 21:07:22.795 [19705] LOG_ERROR 执行的是这一个构造函数 ChannelProto_JN9504.cpp:30
2022-06-14 21:07:22.795 [19717] LOG_ERROR 执行的是这一个构造函数 ChannelProto_JN9504.cpp:30
2022-06-14 21:07:22.796 [19705] LOG_ERROR 执行的是这一个构造函数 ChannelProto_JN9504.cpp:30
2022-06-14 21:07:22.796 [19717] LOG_ERROR 执行的是这一个构造函数 ChannelProto_JN9504.cpp:30
2022-06-14 21:07:22.796 [19705] LOG_ERROR 执行的是这一个构造函数 ChannelProto_JN9504.cpp:30
2022-06-14 21:07:22.797 [19717] LOG_ERROR 执行的是这一个构造函数 ChannelProto_JN9504.cpp:30
2022-06-14 21:07:22.797 [19705] LOG_ERROR 执行的是这一个构造函数 ChannelProto_JN9504.cpp:30
2022-06-14 21:07:22.797 [19705] LOG_ERROR 执行的是这一个构造函数 ChannelProto_JN9504.cpp:30
2022-06-14 21:07:22.797 [19705] LOG_ERROR 执行的是这一个构造函数 ChannelProto_JN9504.cpp:30
2022-06-14 21:07:22.797 [19705] LOG_ERROR 执行的是这一个构造函数 ChannelProto_JN9504.cpp:30
2022-06-14 21:07:22.797 [19705] LOG_ERROR 执行的是这一个构造函数 ChannelProto_JN9504.cpp:30
2022-06-14 21:07:22.798 [19720] LOG_ERROR 执行的是这一个构造函数 ChannelProto_JN9504.cpp:30
2022-06-14 21:07:22.798 [19705] LOG_ERROR 执行的是这一个构造函数 ChannelProto_JN9504.cpp:30
2022-06-14 21:07:22.798 [19717] LOG_ERROR 执行的是这一个构造函数 ChannelProto_JN9504.cpp:30
2022-06-14 21:07:22.798 [19720] LOG_ERROR 执行的是这一个构造函数 ChannelProto_JN9504.cpp:30
2022-06-14 21:07:22.799 [19717] LOG_ERROR 执行的是这一个构造函数 ChannelProto_JN9504.cpp:30
2022-06-14 21:07:22.799 [19720] LOG_ERROR 执行的是这一个构造函数 ChannelProto_JN9504.cpp:30
2022-06-14 21:07:22.799 [19705] LOG_INFO aaabbbcc Cell.cpp:35
2022-06-14 21:07:22.799 [19720] LOG_ERROR 执行的是这一个构造函数 ChannelProto_JN9504.cpp:30
2022-06-14 21:07:22.799 [19717] LOG_ERROR 执行的是这一个构造函数 ChannelProto_JN9504.cpp:30
2022-06-14 21:07:22.799 [19720] LOG_ERROR 执行的是这一个构造函数 ChannelProto_JN9504.cpp:30
2022-06-14 21:07:22.801 [19720] LOG_ERROR 执行的是这一个构造函数 ChannelProto_JN9504.cpp:30
2022-06-14 21:07:22.801 [19717] LOG_ERROR 执行的是这一个构造函数 ChannelProto_JN9504.cpp:30
2022-06-14 21:07:22.803 [19720] LOG_ERROR 执行的是这一个构造函数 ChannelProto_JN9504.cpp:30
2022-06-14 21:07:22.803 [19717] LOG_ERROR 执行的是这一个构造函数 ChannelProto_JN9504.cpp:30
2022-06-14 21:07:22.803 [19720] LOG_ERROR 执行的是这一个构造函数 ChannelProto_JN9504.cpp:30
2022-06-14 21:07:22.804 [19717] LOG_ERROR 执行的是这一个构造函数 ChannelProto_JN9504.cpp:30
2022-06-14 21:07:22.804 [19720] LOG_ERROR 执行的是这一个构造函数 ChannelProto_JN9504.cpp:30
2022-06-14 21:07:22.805 [19705] LOG_ERROR 执行的是这一个构造函数 ChannelProto_JN9504.cpp:30
2022-06-14 21:07:22.805 [19705] LOG_ERROR 执行的是这一个构造函数 ChannelProto_JN9504.cpp:30
2022-06-14 21:07:22.805 [19705] LOG_ERROR 执行的是这一个构造函数 ChannelProto_JN9504.cpp:30
2022-06-14 21:07:22.805 [19705] LOG_ERROR 执行的是这一个构造函数 ChannelProto_JN9504.cpp:30
2022-06-14 21:07:22.805 [19705] LOG_ERROR 执行的是这一个构造函数 ChannelProto_JN9504.cpp:30
2022-06-14 21:07:22.805 [19705] LOG_ERROR 执行的是这一个构造函数 ChannelProto_JN9504.cpp:30
2022-06-14 21:07:22.805 [19705] LOG_ERROR 执行的是这一个构造函数 ChannelProto_JN9504.cpp:30
2022-06-14 21:07:22.805 [19705] LOG_ERROR 执行的是这一个构造函数 ChannelProto_JN9504.cpp:30
2022-06-14 21:07:22.805 [19705] LOG_ERROR 执行的是这一个构造函数 ChannelProto_JN9504.cpp:30
2022-06-14 21:07:22.805 [19705] LOG_ERROR 执行的是这一个构造函数 ChannelProto_JN9504.cpp:30
2022-06-14 21:07:22.805 [19717] LOG_ERROR 执行的是这一个构造函数 ChannelProto_JN9504.cpp:30
2022-06-14 21:07:22.805 [19705] LOG_ERROR 执行的是这一个构造函数 ChannelProto_JN9504.cpp:30
2022-06-14 21:07:22.805 [19717] LOG_ERROR 执行的是这一个构造函数 ChannelProto_JN9504.cpp:30
2022-06-14 21:07:22.805 [19717] LOG_ERROR 执行的是这一个构造函数 ChannelProto_JN9504.cpp:30
2022-06-14 21:07:22.805 [19705] LOG_ERROR 执行的是这一个构造函数 ChannelProto_JN9504.cpp:30
2022-06-14 21:07:22.805 [19705] LOG_ERROR 执行的是这一个构造函数 ChannelProto_JN9504.cpp:30
2022-06-14 21:07:22.805 [19705] LOG_ERROR 执行的是这一个构造函数 ChannelProto_JN9504.cpp:30
2022-06-14 21:07:22.805 [19717] LOG_ERROR 执行的是这一个构造函数 ChannelProto_JN9504.cpp:30
2022-06-14 21:07:22.805 [19720] LOG_ERROR 执行的是这一个构造函数 ChannelProto_JN9504.cpp:30
2022-06-14 21:07:22.806 [19717] LOG_ERROR 执行的是这一个构造函数 ChannelProto_JN9504.cpp:30
2022-06-14 21:07:22.806 [19705] LOG_ERROR 执行的是这一个构造函数 ChannelProto_JN9504.cpp:30
2022-06-14 21:07:22.806 [19720] LOG_ERROR 执行的是这一个构造函数 ChannelProto_JN9504.cpp:30
2022-06-14 21:07:22.806 [19717] LOG_ERROR 执行的是这一个构造函数 ChannelProto_JN9504.cpp:30
2022-06-14 21:07:22.807 [19717] LOG_ERROR 执行的是这一个构造函数 ChannelProto_JN9504.cpp:30
2022-06-14 21:07:22.807 [19705] LOG_ERROR 执行的是这一个构造函数 ChannelProto_JN9504.cpp:30
2022-06-14 21:07:22.807 [19705] LOG_ERROR 执行的是这一个构造函数 ChannelProto_JN9504.cpp:30
2022-06-14 21:07:22.807 [19705] LOG_ERROR 执行的是这一个构造函数 ChannelProto_JN9504.cpp:30
2022-06-14 21:07:22.807 [19705] LOG_ERROR 执行的是这一个构造函数 ChannelProto_JN9504.cpp:30
2022-06-14 21:07:22.807 [19705] LOG_ERROR 执行的是这一个构造函数 ChannelProto_JN9504.cpp:30
2022-06-14 21:07:22.807 [19705] LOG_ERROR 执行的是这一个构造函数 ChannelProto_JN9504.cpp:30
2022-06-14 21:07:22.807 [19705] LOG_ERROR 执行的是这一个构造函数 ChannelProto_JN9504.cpp:30
2022-06-14 21:07:22.807 [19705] LOG_ERROR 执行的是这一个构造函数 ChannelProto_JN9504.cpp:30
2022-06-14 21:07:22.807 [19705] LOG_ERROR 执行的是这一个构造函数 ChannelProto_JN9504.cpp:30
2022-06-14 21:07:22.807 [19705] LOG_ERROR 执行的是这一个构造函数 ChannelProto_JN9504.cpp:30
2022-06-14 21:07:22.807 [19705] LOG_ERROR 执行的是这一个构造函数 ChannelProto_JN9504.cpp:30
2022-06-14 21:07:22.807 [19705] LOG_ERROR 执行的是这一个构造函数 ChannelProto_JN9504.cpp:30
2022-06-14 21:07:22.807 [19705] LOG_ERROR 执行的是这一个构造函数 ChannelProto_JN9504.cpp:30
2022-06-14 21:07:22.807 [19705] LOG_ERROR 执行的是这一个构造函数 ChannelProto_JN9504.cpp:30
2022-06-14 21:07:22.807 [19720] LOG_ERROR 执行的是这一个构造函数 ChannelProto_JN9504.cpp:30
2022-06-14 21:07:22.807 [19705] LOG_ERROR 执行的是这一个构造函数 ChannelProto_JN9504.cpp:30
2022-06-14 21:07:22.807 [19720] LOG_ERROR 执行的是这一个构造函数 ChannelProto_JN9504.cpp:30
2022-06-14 21:07:22.808 [19720] LOG_ERROR 执行的是这一个构造函数 ChannelProto_JN9504.cpp:30
2022-06-14 21:07:22.808 [19705] LOG_ERROR 执行的是这一个构造函数 ChannelProto_JN9504.cpp:30
2022-06-14 21:07:22.808 [19705] LOG_ERROR 执行的是这一个构造函数 ChannelProto_JN9504.cpp:30
2022-06-14 21:07:22.808 [19705] LOG_INFO aaabbbcc Cell.cpp:35
2022-06-14 21:07:22.808 [19720] LOG_ERROR 执行的是这一个构造函数 ChannelProto_JN9504.cpp:30
2022-06-14 21:07:22.808 [19720] LOG_ERROR 执行的是这一个构造函数 ChannelProto_JN9504.cpp:30
2022-06-14 21:07:22.808 [19720] LOG_ERROR 执行的是这一个构造函数 ChannelProto_JN9504.cpp:30
2022-06-14 21:07:22.808 [19720] LOG_ERROR 执行的是这一个构造函数 ChannelProto_JN9504.cpp:30
2022-06-14 21:07:22.808 [19720] LOG_ERROR 执行的是这一个构造函数 ChannelProto_JN9504.cpp:30
2022-06-14 21:07:22.808 [19720] LOG_ERROR 执行的是这一个构造函数 ChannelProto_JN9504.cpp:30
2022-06-14 21:07:22.808 [19720] LOG_ERROR 执行的是这一个构造函数 ChannelProto_JN9504.cpp:30
2022-06-14 21:07:22.808 [19720] LOG_ERROR 执行的是这一个构造函数 ChannelProto_JN9504.cpp:30
2022-06-14 21:07:22.808 [19720] LOG_ERROR 执行的是这一个构造函数 ChannelProto_JN9504.cpp:30
2022-06-14 21:07:22.809 [19720] LOG_ERROR 执行的是这一个构造函数 ChannelProto_JN9504.cpp:30
2022-06-14 21:07:22.809 [19720] LOG_ERROR 执行的是这一个构造函数 ChannelProto_JN9504.cpp:30
2022-06-14 21:07:22.809 [19705] LOG_ERROR 执行的是这一个构造函数 ChannelProto_JN9504.cpp:30
2022-06-14 21:07:22.809 [19720] LOG_ERROR 执行的是这一个构造函数 ChannelProto_JN9504.cpp:30
2022-06-14 21:07:22.810 [19720] LOG_ERROR 执行的是这一个构造函数 ChannelProto_JN9504.cpp:30
2022-06-14 21:07:22.810 [19705] LOG_ERROR 执行的是这一个构造函数 ChannelProto_JN9504.cpp:30
2022-06-14 21:07:22.810 [19720] LOG_ERROR 执行的是这一个构造函数 ChannelProto_JN9504.cpp:30
2022-06-14 21:07:22.811 [19720] LOG_ERROR 执行的是这一个构造函数 ChannelProto_JN9504.cpp:30
2022-06-14 21:07:22.811 [19705] LOG_ERROR 执行的是这一个构造函数 ChannelProto_JN9504.cpp:30
2022-06-14 21:07:22.811 [19720] LOG_ERROR 执行的是这一个构造函数 ChannelProto_JN9504.cpp:30
2022-06-14 21:07:22.811 [19721] LOG_ERROR 执行的是这一个构造函数 ChannelProto_JN9504.cpp:30
2022-06-14 21:07:22.812 [19705] LOG_ERROR 执行的是这一个构造函数 ChannelProto_JN9504.cpp:30
2022-06-14 21:07:22.812 [19721] LOG_ERROR 执行的是这一个构造函数 ChannelProto_JN9504.cpp:30
2022-06-14 21:07:22.812 [19720] LOG_ERROR 执行的是这一个构造函数 ChannelProto_JN9504.cpp:30
2022-06-14 21:07:22.813 [19721] LOG_ERROR 执行的是这一个构造函数 ChannelProto_JN9504.cpp:30
2022-06-14 21:07:22.813 [19720] LOG_ERROR 执行的是这一个构造函数 ChannelProto_JN9504.cpp:30
2022-06-14 21:07:22.813 [19721] LOG_ERROR 执行的是这一个构造函数 ChannelProto_JN9504.cpp:30
2022-06-14 21:07:22.813 [19721] LOG_ERROR 执行的是这一个构造函数 ChannelProto_JN9504.cpp:30
2022-06-14 21:07:22.813 [19705] LOG_ERROR 执行的是这一个构造函数 ChannelProto_JN9504.cpp:30
2022-06-14 21:07:22.814 [19721] LOG_ERROR 执行的是这一个构造函数 ChannelProto_JN9504.cpp:30
2022-06-14 21:07:22.816 [19705] LOG_ERROR 执行的是这一个构造函数 ChannelProto_JN9504.cpp:30
2022-06-14 21:07:22.816 [19705] LOG_ERROR 执行的是这一个构造函数 ChannelProto_JN9504.cpp:30
2022-06-14 21:07:22.816 [19705] LOG_ERROR 执行的是这一个构造函数 ChannelProto_JN9504.cpp:30
2022-06-14 21:07:22.816 [19705] LOG_ERROR 执行的是这一个构造函数 ChannelProto_JN9504.cpp:30
2022-06-14 21:07:22.816 [19705] LOG_ERROR 执行的是这一个构造函数 ChannelProto_JN9504.cpp:30
2022-06-14 21:07:22.816 [19705] LOG_ERROR 执行的是这一个构造函数 ChannelProto_JN9504.cpp:30
2022-06-14 21:07:22.816 [19705] LOG_ERROR 执行的是这一个构造函数 ChannelProto_JN9504.cpp:30
2022-06-14 21:07:22.816 [19705] LOG_ERROR 执行的是这一个构造函数 ChannelProto_JN9504.cpp:30
2022-06-14 21:07:22.816 [19721] LOG_ERROR 执行的是这一个构造函数 ChannelProto_JN9504.cpp:30
2022-06-14 21:07:22.817 [19705] LOG_ERROR 执行的是这一个构造函数 ChannelProto_JN9504.cpp:30
2022-06-14 21:07:22.817 [19705] LOG_ERROR 执行的是这一个构造函数 ChannelProto_JN9504.cpp:30
2022-06-14 21:07:22.817 [19705] LOG_ERROR 执行的是这一个构造函数 ChannelProto_JN9504.cpp:30
2022-06-14 21:07:22.817 [19705] LOG_ERROR 执行的是这一个构造函数 ChannelProto_JN9504.cpp:30
2022-06-14 21:07:22.818 [19721] LOG_ERROR 执行的是这一个构造函数 ChannelProto_JN9504.cpp:30
2022-06-14 21:07:22.819 [19705] LOG_ERROR 执行的是这一个构造函数 ChannelProto_JN9504.cpp:30
2022-06-14 21:07:22.819 [19705] LOG_ERROR 执行的是这一个构造函数 ChannelProto_JN9504.cpp:30
2022-06-14 21:07:22.819 [19705] LOG_ERROR 执行的是这一个构造函数 ChannelProto_JN9504.cpp:30
2022-06-14 21:07:22.819 [19705] LOG_ERROR 执行的是这一个构造函数 ChannelProto_JN9504.cpp:30
2022-06-14 21:07:22.819 [19705] LOG_ERROR 执行的是这一个构造函数 ChannelProto_JN9504.cpp:30
2022-06-14 21:07:22.820 [19705] LOG_ERROR 执行的是这一个构造函数 ChannelProto_JN9504.cpp:30
2022-06-14 21:07:22.820 [19721] LOG_ERROR 执行的是这一个构造函数 ChannelProto_JN9504.cpp:30
2022-06-14 21:07:22.820 [19705] LOG_ERROR 执行的是这一个构造函数 ChannelProto_JN9504.cpp:30
2022-06-14 21:07:22.820 [19705] LOG_ERROR 执行的是这一个构造函数 ChannelProto_JN9504.cpp:30
2022-06-14 21:07:22.820 [19721] LOG_ERROR 执行的是这一个构造函数 ChannelProto_JN9504.cpp:30
2022-06-14 21:07:22.821 [19705] LOG_ERROR 执行的是这一个构造函数 ChannelProto_JN9504.cpp:30
2022-06-14 21:07:22.821 [19721] LOG_ERROR 执行的是这一个构造函数 ChannelProto_JN9504.cpp:30
2022-06-14 21:07:22.821 [19721] LOG_ERROR 执行的是这一个构造函数 ChannelProto_JN9504.cpp:30
2022-06-14 21:07:22.823 [19705] LOG_ERROR 执行的是这一个构造函数 ChannelProto_JN9504.cpp:30
2022-06-14 21:07:22.824 [19705] LOG_ERROR 执行的是这一个构造函数 ChannelProto_JN9504.cpp:30
2022-06-14 21:07:22.824 [19705] LOG_ERROR 执行的是这一个构造函数 ChannelProto_JN9504.cpp:30
2022-06-14 21:07:22.824 [19705] LOG_ERROR 执行的是这一个构造函数 ChannelProto_JN9504.cpp:30
2022-06-14 21:07:22.824 [19705] LOG_ERROR 执行的是这一个构造函数 ChannelProto_JN9504.cpp:30
2022-06-14 21:07:22.824 [19721] LOG_ERROR 执行的是这一个构造函数 ChannelProto_JN9504.cpp:30
2022-06-14 21:07:22.825 [19705] LOG_ERROR 执行的是这一个构造函数 ChannelProto_JN9504.cpp:30
2022-06-14 21:07:22.825 [19705] LOG_INFO aaabbbcc Cell.cpp:35
2022-06-14 21:07:22.825 [19722] LOG_ERROR 执行的是这一个构造函数 ChannelProto_JN9504.cpp:30
2022-06-14 21:07:22.830 [19722] LOG_ERROR 执行的是这一个构造函数 ChannelProto_JN9504.cpp:30
2022-06-14 21:07:22.830 [19722] LOG_ERROR 执行的是这一个构造函数 ChannelProto_JN9504.cpp:30
2022-06-14 21:07:22.830 [19722] LOG_ERROR 执行的是这一个构造函数 ChannelProto_JN9504.cpp:30
2022-06-14 21:07:22.830 [19722] LOG_ERROR 执行的是这一个构造函数 ChannelProto_JN9504.cpp:30
2022-06-14 21:07:22.830 [19722] LOG_ERROR 执行的是这一个构造函数 ChannelProto_JN9504.cpp:30
2022-06-14 21:07:22.830 [19722] LOG_ERROR 执行的是这一个构造函数 ChannelProto_JN9504.cpp:30
2022-06-14 21:07:22.830 [19722] LOG_ERROR 执行的是这一个构造函数 ChannelProto_JN9504.cpp:30
2022-06-14 21:07:22.830 [19722] LOG_ERROR 执行的是这一个构造函数 ChannelProto_JN9504.cpp:30
2022-06-14 21:07:22.830 [19722] LOG_ERROR 执行的是这一个构造函数 ChannelProto_JN9504.cpp:30
2022-06-14 21:07:22.830 [19722] LOG_ERROR 执行的是这一个构造函数 ChannelProto_JN9504.cpp:30
2022-06-14 21:07:22.830 [19722] LOG_ERROR 执行的是这一个构造函数 ChannelProto_JN9504.cpp:30
2022-06-14 21:07:22.830 [19722] LOG_ERROR 执行的是这一个构造函数 ChannelProto_JN9504.cpp:30
2022-06-14 21:07:22.830 [19722] LOG_ERROR 执行的是这一个构造函数 ChannelProto_JN9504.cpp:30
2022-06-14 21:07:22.830 [19722] LOG_ERROR 执行的是这一个构造函数 ChannelProto_JN9504.cpp:30
2022-06-14 21:07:22.830 [19722] LOG_ERROR 执行的是这一个构造函数 ChannelProto_JN9504.cpp:30
2022-06-14 21:07:22.830 [19722] LOG_ERROR 执行的是这一个构造函数 ChannelProto_JN9504.cpp:30
2022-06-14 21:07:22.830 [19722] LOG_ERROR 执行的是这一个构造函数 ChannelProto_JN9504.cpp:30
2022-06-14 21:07:22.830 [19722] LOG_ERROR 执行的是这一个构造函数 ChannelProto_JN9504.cpp:30
2022-06-14 21:07:22.830 [19722] LOG_ERROR 执行的是这一个构造函数 ChannelProto_JN9504.cpp:30
2022-06-14 21:07:22.830 [19722] LOG_ERROR 执行的是这一个构造函数 ChannelProto_JN9504.cpp:30
2022-06-14 21:07:22.830 [19722] LOG_ERROR 执行的是这一个构造函数 ChannelProto_JN9504.cpp:30
2022-06-14 21:07:22.830 [19722] LOG_ERROR 执行的是这一个构造函数 ChannelProto_JN9504.cpp:30
2022-06-14 21:07:22.830 [19722] LOG_ERROR 执行的是这一个构造函数 ChannelProto_JN9504.cpp:30
2022-06-14 21:07:22.830 [19722] LOG_ERROR 执行的是这一个构造函数 ChannelProto_JN9504.cpp:30
2022-06-14 21:07:22.830 [19722] LOG_ERROR 执行的是这一个构造函数 ChannelProto_JN9504.cpp:30
2022-06-14 21:07:22.830 [19722] LOG_ERROR 执行的是这一个构造函数 ChannelProto_JN9504.cpp:30
2022-06-14 21:07:22.830 [19722] LOG_ERROR 执行的是这一个构造函数 ChannelProto_JN9504.cpp:30
2022-06-14 21:07:22.830 [19722] LOG_ERROR 执行的是这一个构造函数 ChannelProto_JN9504.cpp:30
2022-06-14 21:07:22.830 [19722] LOG_ERROR 执行的是这一个构造函数 ChannelProto_JN9504.cpp:30
2022-06-14 21:07:22.830 [19722] LOG_ERROR 执行的是这一个构造函数 ChannelProto_JN9504.cpp:30
2022-06-14 21:07:22.830 [19722] LOG_ERROR 执行的是这一个构造函数 ChannelProto_JN9504.cpp:30
2022-06-14 21:07:22.830 [19721] LOG_ERROR 执行的是这一个构造函数 ChannelProto_JN9504.cpp:30
2022-06-14 21:07:22.831 [19721] LOG_ERROR 执行的是这一个构造函数 ChannelProto_JN9504.cpp:30
2022-06-14 21:07:22.831 [19721] LOG_ERROR 执行的是这一个构造函数 ChannelProto_JN9504.cpp:30
2022-06-14 21:07:22.831 [19721] LOG_ERROR 执行的是这一个构造函数 ChannelProto_JN9504.cpp:30
2022-06-14 21:07:22.831 [19721] LOG_ERROR 执行的是这一个构造函数 ChannelProto_JN9504.cpp:30
2022-06-14 21:07:22.831 [19721] LOG_ERROR 执行的是这一个构造函数 ChannelProto_JN9504.cpp:30
2022-06-14 21:07:22.831 [19721] LOG_ERROR 执行的是这一个构造函数 ChannelProto_JN9504.cpp:30
2022-06-14 21:07:22.831 [19721] LOG_ERROR 执行的是这一个构造函数 ChannelProto_JN9504.cpp:30
2022-06-14 21:07:22.831 [19721] LOG_ERROR 执行的是这一个构造函数 ChannelProto_JN9504.cpp:30
2022-06-14 21:07:22.831 [19721] LOG_ERROR 执行的是这一个构造函数 ChannelProto_JN9504.cpp:30
2022-06-14 21:07:22.831 [19721] LOG_ERROR 执行的是这一个构造函数 ChannelProto_JN9504.cpp:30
2022-06-14 21:07:22.831 [19721] LOG_ERROR 执行的是这一个构造函数 ChannelProto_JN9504.cpp:30
2022-06-14 21:07:22.831 [19721] LOG_ERROR 执行的是这一个构造函数 ChannelProto_JN9504.cpp:30
2022-06-14 21:07:22.831 [19721] LOG_ERROR 执行的是这一个构造函数 ChannelProto_JN9504.cpp:30
2022-06-14 21:07:22.831 [19721] LOG_ERROR 执行的是这一个构造函数 ChannelProto_JN9504.cpp:30
2022-06-14 21:07:22.831 [19721] LOG_ERROR 执行的是这一个构造函数 ChannelProto_JN9504.cpp:30
2022-06-14 21:07:22.831 [19721] LOG_ERROR 执行的是这一个构造函数 ChannelProto_JN9504.cpp:30
2022-06-14 21:07:22.831 [19721] LOG_ERROR 执行的是这一个构造函数 ChannelProto_JN9504.cpp:30
2022-06-14 21:07:22.831 [19721] LOG_ERROR 执行的是这一个构造函数 ChannelProto_JN9504.cpp:30
2022-06-14 21:07:22.842 [19705] LOG_ERROR 执行的是这一个构造函数 ChannelProto_JN9504.cpp:30
2022-06-14 21:07:22.844 [19705] LOG_ERROR 执行的是这一个构造函数 ChannelProto_JN9504.cpp:30
2022-06-14 21:07:22.848 [19705] LOG_ERROR 执行的是这一个构造函数 ChannelProto_JN9504.cpp:30
2022-06-14 21:07:22.850 [19705] LOG_ERROR 执行的是这一个构造函数 ChannelProto_JN9504.cpp:30
2022-06-14 21:07:22.851 [19705] LOG_ERROR 执行的是这一个构造函数 ChannelProto_JN9504.cpp:30
2022-06-14 21:07:22.852 [19705] LOG_ERROR 执行的是这一个构造函数 ChannelProto_JN9504.cpp:30
2022-06-14 21:07:22.854 [19705] LOG_ERROR 执行的是这一个构造函数 ChannelProto_JN9504.cpp:30
2022-06-14 21:07:22.854 [19705] LOG_ERROR 执行的是这一个构造函数 ChannelProto_JN9504.cpp:30
2022-06-14 21:07:22.855 [19705] LOG_ERROR 执行的是这一个构造函数 ChannelProto_JN9504.cpp:30
2022-06-14 21:07:22.855 [19723] LOG_ERROR 执行的是这一个构造函数 ChannelProto_JN9504.cpp:30
2022-06-14 21:07:22.855 [19723] LOG_ERROR 执行的是这一个构造函数 ChannelProto_JN9504.cpp:30
2022-06-14 21:07:22.855 [19723] LOG_ERROR 执行的是这一个构造函数 ChannelProto_JN9504.cpp:30
2022-06-14 21:07:22.855 [19723] LOG_ERROR 执行的是这一个构造函数 ChannelProto_JN9504.cpp:30
2022-06-14 21:07:22.855 [19723] LOG_ERROR 执行的是这一个构造函数 ChannelProto_JN9504.cpp:30
2022-06-14 21:07:22.855 [19723] LOG_ERROR 执行的是这一个构造函数 ChannelProto_JN9504.cpp:30
2022-06-14 21:07:22.855 [19723] LOG_ERROR 执行的是这一个构造函数 ChannelProto_JN9504.cpp:30
2022-06-14 21:07:22.855 [19723] LOG_ERROR 执行的是这一个构造函数 ChannelProto_JN9504.cpp:30
2022-06-14 21:07:22.855 [19723] LOG_ERROR 执行的是这一个构造函数 ChannelProto_JN9504.cpp:30
2022-06-14 21:07:22.855 [19723] LOG_ERROR 执行的是这一个构造函数 ChannelProto_JN9504.cpp:30
2022-06-14 21:07:22.855 [19723] LOG_ERROR 执行的是这一个构造函数 ChannelProto_JN9504.cpp:30
2022-06-14 21:07:22.855 [19723] LOG_ERROR 执行的是这一个构造函数 ChannelProto_JN9504.cpp:30
2022-06-14 21:07:22.855 [19723] LOG_ERROR 执行的是这一个构造函数 ChannelProto_JN9504.cpp:30
2022-06-14 21:07:22.855 [19723] LOG_ERROR 执行的是这一个构造函数 ChannelProto_JN9504.cpp:30
2022-06-14 21:07:22.855 [19723] LOG_ERROR 执行的是这一个构造函数 ChannelProto_JN9504.cpp:30
2022-06-14 21:07:22.855 [19723] LOG_ERROR 执行的是这一个构造函数 ChannelProto_JN9504.cpp:30
2022-06-14 21:07:22.855 [19723] LOG_ERROR 执行的是这一个构造函数 ChannelProto_JN9504.cpp:30
2022-06-14 21:07:22.855 [19723] LOG_ERROR 执行的是这一个构造函数 ChannelProto_JN9504.cpp:30
2022-06-14 21:07:22.855 [19723] LOG_ERROR 执行的是这一个构造函数 ChannelProto_JN9504.cpp:30
2022-06-14 21:07:22.855 [19723] LOG_ERROR 执行的是这一个构造函数 ChannelProto_JN9504.cpp:30
2022-06-14 21:07:22.855 [19723] LOG_ERROR 执行的是这一个构造函数 ChannelProto_JN9504.cpp:30
2022-06-14 21:07:22.855 [19723] LOG_ERROR 执行的是这一个构造函数 ChannelProto_JN9504.cpp:30
2022-06-14 21:07:22.855 [19723] LOG_ERROR 执行的是这一个构造函数 ChannelProto_JN9504.cpp:30
2022-06-14 21:07:22.855 [19723] LOG_ERROR 执行的是这一个构造函数 ChannelProto_JN9504.cpp:30
2022-06-14 21:07:22.855 [19723] LOG_ERROR 执行的是这一个构造函数 ChannelProto_JN9504.cpp:30
2022-06-14 21:07:22.855 [19705] LOG_ERROR 执行的是这一个构造函数 ChannelProto_JN9504.cpp:30
2022-06-14 21:07:22.855 [19723] LOG_ERROR 执行的是这一个构造函数 ChannelProto_JN9504.cpp:30
2022-06-14 21:07:22.855 [19723] LOG_ERROR 执行的是这一个构造函数 ChannelProto_JN9504.cpp:30
2022-06-14 21:07:22.855 [19723] LOG_ERROR 执行的是这一个构造函数 ChannelProto_JN9504.cpp:30
2022-06-14 21:07:22.855 [19723] LOG_ERROR 执行的是这一个构造函数 ChannelProto_JN9504.cpp:30
2022-06-14 21:07:22.855 [19723] LOG_ERROR 执行的是这一个构造函数 ChannelProto_JN9504.cpp:30
2022-06-14 21:07:22.855 [19723] LOG_ERROR 执行的是这一个构造函数 ChannelProto_JN9504.cpp:30
2022-06-14 21:07:22.855 [19723] LOG_ERROR 执行的是这一个构造函数 ChannelProto_JN9504.cpp:30
2022-06-14 21:07:22.857 [19705] LOG_ERROR 执行的是这一个构造函数 ChannelProto_JN9504.cpp:30
2022-06-14 21:07:22.858 [19705] LOG_ERROR 执行的是这一个构造函数 ChannelProto_JN9504.cpp:30
2022-06-14 21:07:22.859 [19705] LOG_ERROR 执行的是这一个构造函数 ChannelProto_JN9504.cpp:30
2022-06-14 21:07:22.859 [19705] LOG_ERROR 执行的是这一个构造函数 ChannelProto_JN9504.cpp:30
2022-06-14 21:07:22.860 [19705] LOG_ERROR 执行的是这一个构造函数 ChannelProto_JN9504.cpp:30
2022-06-14 21:07:22.860 [19705] LOG_ERROR 执行的是这一个构造函数 ChannelProto_JN9504.cpp:30
2022-06-14 21:07:22.861 [19705] LOG_ERROR 执行的是这一个构造函数 ChannelProto_JN9504.cpp:30
2022-06-14 21:07:22.862 [19705] LOG_ERROR 执行的是这一个构造函数 ChannelProto_JN9504.cpp:30
2022-06-14 21:07:22.863 [19705] LOG_ERROR 执行的是这一个构造函数 ChannelProto_JN9504.cpp:30
2022-06-14 21:07:22.863 [19705] LOG_ERROR 执行的是这一个构造函数 ChannelProto_JN9504.cpp:30
2022-06-14 21:07:22.867 [19705] LOG_ERROR 执行的是这一个构造函数 ChannelProto_JN9504.cpp:30
2022-06-14 21:07:22.868 [19705] LOG_ERROR 执行的是这一个构造函数 ChannelProto_JN9504.cpp:30
2022-06-14 21:07:22.868 [19705] LOG_ERROR 执行的是这一个构造函数 ChannelProto_JN9504.cpp:30
2022-06-14 21:07:22.868 [19705] LOG_ERROR 执行的是这一个构造函数 ChannelProto_JN9504.cpp:30
2022-06-14 21:07:22.869 [19705] LOG_ERROR 执行的是这一个构造函数 ChannelProto_JN9504.cpp:30
2022-06-14 21:07:22.870 [19705] LOG_ERROR 执行的是这一个构造函数 ChannelProto_JN9504.cpp:30
2022-06-14 21:07:22.871 [19705] LOG_ERROR 执行的是这一个构造函数 ChannelProto_JN9504.cpp:30
2022-06-14 21:07:22.871 [19705] LOG_ERROR 执行的是这一个构造函数 ChannelProto_JN9504.cpp:30
2022-06-14 21:07:22.871 [19705] LOG_ERROR 执行的是这一个构造函数 ChannelProto_JN9504.cpp:30
2022-06-14 21:07:22.871 [19705] LOG_ERROR 执行的是这一个构造函数 ChannelProto_JN9504.cpp:30
2022-06-14 21:07:22.871 [19705] LOG_ERROR 执行的是这一个构造函数 ChannelProto_JN9504.cpp:30
2022-06-14 21:07:22.871 [19705] LOG_ERROR 执行的是这一个构造函数 ChannelProto_JN9504.cpp:30
2022-06-14 21:07:22.871 [19705] LOG_INFO aaabbbcc Cell.cpp:35
2022-06-14 21:07:22.871 [19705] LOG_ERROR 执行的是这一个构造函数 ChannelProto_JN9504.cpp:30
2022-06-14 21:07:22.871 [19705] LOG_ERROR 执行的是这一个构造函数 ChannelProto_JN9504.cpp:30
2022-06-14 21:07:22.871 [19705] LOG_ERROR 执行的是这一个构造函数 ChannelProto_JN9504.cpp:30
2022-06-14 21:07:22.871 [19705] LOG_ERROR 执行的是这一个构造函数 ChannelProto_JN9504.cpp:30
2022-06-14 21:07:22.871 [19705] LOG_ERROR 执行的是这一个构造函数 ChannelProto_JN9504.cpp:30
2022-06-14 21:07:22.871 [19705] LOG_ERROR 执行的是这一个构造函数 ChannelProto_JN9504.cpp:30
2022-06-14 21:07:22.871 [19705] LOG_ERROR 执行的是这一个构造函数 ChannelProto_JN9504.cpp:30
2022-06-14 21:07:22.871 [19705] LOG_ERROR 执行的是这一个构造函数 ChannelProto_JN9504.cpp:30
2022-06-14 21:07:22.871 [19705] LOG_ERROR 执行的是这一个构造函数 ChannelProto_JN9504.cpp:30
2022-06-14 21:07:22.871 [19705] LOG_ERROR 执行的是这一个构造函数 ChannelProto_JN9504.cpp:30
2022-06-14 21:07:22.871 [19705] LOG_ERROR 执行的是这一个构造函数 ChannelProto_JN9504.cpp:30
2022-06-14 21:07:22.874 [19705] LOG_ERROR 执行的是这一个构造函数 ChannelProto_JN9504.cpp:30
2022-06-14 21:07:22.874 [19705] LOG_ERROR 执行的是这一个构造函数 ChannelProto_JN9504.cpp:30
2022-06-14 21:07:22.874 [19705] LOG_ERROR 执行的是这一个构造函数 ChannelProto_JN9504.cpp:30
2022-06-14 21:07:22.874 [19705] LOG_ERROR 执行的是这一个构造函数 ChannelProto_JN9504.cpp:30
2022-06-14 21:07:22.874 [19705] LOG_ERROR 执行的是这一个构造函数 ChannelProto_JN9504.cpp:30
2022-06-14 21:07:22.874 [19705] LOG_ERROR 执行的是这一个构造函数 ChannelProto_JN9504.cpp:30
2022-06-14 21:07:22.874 [19705] LOG_ERROR 执行的是这一个构造函数 ChannelProto_JN9504.cpp:30
2022-06-14 21:07:22.874 [19705] LOG_ERROR 执行的是这一个构造函数 ChannelProto_JN9504.cpp:30
2022-06-14 21:07:22.874 [19705] LOG_ERROR 执行的是这一个构造函数 ChannelProto_JN9504.cpp:30
2022-06-14 21:07:22.874 [19705] LOG_ERROR 执行的是这一个构造函数 ChannelProto_JN9504.cpp:30
2022-06-14 21:07:22.874 [19705] LOG_ERROR 执行的是这一个构造函数 ChannelProto_JN9504.cpp:30
2022-06-14 21:07:22.874 [19705] LOG_ERROR 执行的是这一个构造函数 ChannelProto_JN9504.cpp:30
2022-06-14 21:07:22.874 [19705] LOG_ERROR 执行的是这一个构造函数 ChannelProto_JN9504.cpp:30
2022-06-14 21:07:22.874 [19705] LOG_ERROR 执行的是这一个构造函数 ChannelProto_JN9504.cpp:30
2022-06-14 21:07:22.874 [19705] LOG_ERROR 执行的是这一个构造函数 ChannelProto_JN9504.cpp:30
2022-06-14 21:07:22.875 [19705] LOG_ERROR 执行的是这一个构造函数 ChannelProto_JN9504.cpp:30
2022-06-14 21:07:22.875 [19705] LOG_ERROR 执行的是这一个构造函数 ChannelProto_JN9504.cpp:30
2022-06-14 21:07:22.875 [19705] LOG_ERROR 执行的是这一个构造函数 ChannelProto_JN9504.cpp:30
2022-06-14 21:07:22.875 [19705] LOG_ERROR 执行的是这一个构造函数 ChannelProto_JN9504.cpp:30
2022-06-14 21:07:22.875 [19705] LOG_ERROR 执行的是这一个构造函数 ChannelProto_JN9504.cpp:30
2022-06-14 21:07:22.875 [19705] LOG_ERROR 执行的是这一个构造函数 ChannelProto_JN9504.cpp:30
2022-06-14 21:07:22.875 [19705] LOG_INFO aaabbbcc Cell.cpp:35
2022-06-14 21:07:22.875 [19705] LOG_ERROR 执行的是这一个构造函数 ChannelProto_JN9504.cpp:30
2022-06-14 21:07:22.875 [19705] LOG_ERROR 执行的是这一个构造函数 ChannelProto_JN9504.cpp:30
2022-06-14 21:07:22.875 [19705] LOG_ERROR 执行的是这一个构造函数 ChannelProto_JN9504.cpp:30
2022-06-14 21:07:22.875 [19705] LOG_ERROR 执行的是这一个构造函数 ChannelProto_JN9504.cpp:30
2022-06-14 21:07:22.875 [19705] LOG_ERROR 执行的是这一个构造函数 ChannelProto_JN9504.cpp:30
2022-06-14 21:07:22.875 [19705] LOG_ERROR 执行的是这一个构造函数 ChannelProto_JN9504.cpp:30
2022-06-14 21:07:22.875 [19705] LOG_ERROR 执行的是这一个构造函数 ChannelProto_JN9504.cpp:30
2022-06-14 21:07:22.875 [19705] LOG_ERROR 执行的是这一个构造函数 ChannelProto_JN9504.cpp:30
2022-06-14 21:07:22.875 [19705] LOG_ERROR 执行的是这一个构造函数 ChannelProto_JN9504.cpp:30
2022-06-14 21:07:22.875 [19705] LOG_ERROR 执行的是这一个构造函数 ChannelProto_JN9504.cpp:30
2022-06-14 21:07:22.875 [19705] LOG_ERROR 执行的是这一个构造函数 ChannelProto_JN9504.cpp:30
2022-06-14 21:07:22.875 [19705] LOG_ERROR 执行的是这一个构造函数 ChannelProto_JN9504.cpp:30
2022-06-14 21:07:22.876 [19705] LOG_ERROR 执行的是这一个构造函数 ChannelProto_JN9504.cpp:30
2022-06-14 21:07:22.876 [19705] LOG_ERROR 执行的是这一个构造函数 ChannelProto_JN9504.cpp:30
2022-06-14 21:07:22.876 [19705] LOG_ERROR 执行的是这一个构造函数 ChannelProto_JN9504.cpp:30
2022-06-14 21:07:22.876 [19705] LOG_ERROR 执行的是这一个构造函数 ChannelProto_JN9504.cpp:30
2022-06-14 21:07:22.876 [19705] LOG_ERROR 执行的是这一个构造函数 ChannelProto_JN9504.cpp:30
2022-06-14 21:07:22.876 [19705] LOG_ERROR 执行的是这一个构造函数 ChannelProto_JN9504.cpp:30
2022-06-14 21:07:22.876 [19705] LOG_ERROR 执行的是这一个构造函数 ChannelProto_JN9504.cpp:30
2022-06-14 21:07:22.876 [19705] LOG_ERROR 执行的是这一个构造函数 ChannelProto_JN9504.cpp:30
2022-06-14 21:07:22.876 [19705] LOG_ERROR 执行的是这一个构造函数 ChannelProto_JN9504.cpp:30
2022-06-14 21:07:22.876 [19705] LOG_ERROR 执行的是这一个构造函数 ChannelProto_JN9504.cpp:30
2022-06-14 21:07:22.876 [19705] LOG_ERROR 执行的是这一个构造函数 ChannelProto_JN9504.cpp:30
2022-06-14 21:07:22.876 [19705] LOG_ERROR 执行的是这一个构造函数 ChannelProto_JN9504.cpp:30
2022-06-14 21:07:22.876 [19705] LOG_ERROR 执行的是这一个构造函数 ChannelProto_JN9504.cpp:30
2022-06-14 21:07:22.876 [19705] LOG_ERROR 执行的是这一个构造函数 ChannelProto_JN9504.cpp:30
2022-06-14 21:07:22.876 [19705] LOG_ERROR 执行的是这一个构造函数 ChannelProto_JN9504.cpp:30
2022-06-14 21:07:22.876 [19705] LOG_ERROR 执行的是这一个构造函数 ChannelProto_JN9504.cpp:30
2022-06-14 21:07:22.876 [19705] LOG_ERROR 执行的是这一个构造函数 ChannelProto_JN9504.cpp:30
2022-06-14 21:07:22.876 [19705] LOG_ERROR 执行的是这一个构造函数 ChannelProto_JN9504.cpp:30
2022-06-14 21:07:22.876 [19705] LOG_ERROR 执行的是这一个构造函数 ChannelProto_JN9504.cpp:30
2022-06-14 21:07:22.876 [19705] LOG_ERROR 执行的是这一个构造函数 ChannelProto_JN9504.cpp:30
2022-06-14 21:07:22.876 [19705] LOG_INFO aaabbbcc Cell.cpp:35
2022-06-14 21:07:22.886 [19724] LOG_ERROR 执行的是这一个构造函数 ChannelProto_JN9504.cpp:30
2022-06-14 21:07:22.886 [19724] LOG_ERROR 执行的是这一个构造函数 ChannelProto_JN9504.cpp:30
2022-06-14 21:07:22.886 [19724] LOG_ERROR 执行的是这一个构造函数 ChannelProto_JN9504.cpp:30
2022-06-14 21:07:22.886 [19724] LOG_ERROR 执行的是这一个构造函数 ChannelProto_JN9504.cpp:30
2022-06-14 21:07:22.886 [19724] LOG_ERROR 执行的是这一个构造函数 ChannelProto_JN9504.cpp:30
2022-06-14 21:07:22.886 [19724] LOG_ERROR 执行的是这一个构造函数 ChannelProto_JN9504.cpp:30
2022-06-14 21:07:22.886 [19724] LOG_ERROR 执行的是这一个构造函数 ChannelProto_JN9504.cpp:30
2022-06-14 21:07:22.886 [19724] LOG_ERROR 执行的是这一个构造函数 ChannelProto_JN9504.cpp:30
2022-06-14 21:07:22.886 [19724] LOG_ERROR 执行的是这一个构造函数 ChannelProto_JN9504.cpp:30
2022-06-14 21:07:22.886 [19724] LOG_ERROR 执行的是这一个构造函数 ChannelProto_JN9504.cpp:30
2022-06-14 21:07:22.886 [19724] LOG_ERROR 执行的是这一个构造函数 ChannelProto_JN9504.cpp:30
2022-06-14 21:07:22.886 [19724] LOG_ERROR 执行的是这一个构造函数 ChannelProto_JN9504.cpp:30
2022-06-14 21:07:22.886 [19724] LOG_ERROR 执行的是这一个构造函数 ChannelProto_JN9504.cpp:30
2022-06-14 21:07:22.886 [19724] LOG_ERROR 执行的是这一个构造函数 ChannelProto_JN9504.cpp:30
2022-06-14 21:07:22.886 [19724] LOG_ERROR 执行的是这一个构造函数 ChannelProto_JN9504.cpp:30
2022-06-14 21:07:22.886 [19724] LOG_ERROR 执行的是这一个构造函数 ChannelProto_JN9504.cpp:30
2022-06-14 21:07:22.886 [19724] LOG_ERROR 执行的是这一个构造函数 ChannelProto_JN9504.cpp:30
2022-06-14 21:07:22.886 [19724] LOG_ERROR 执行的是这一个构造函数 ChannelProto_JN9504.cpp:30
2022-06-14 21:07:22.886 [19724] LOG_ERROR 执行的是这一个构造函数 ChannelProto_JN9504.cpp:30
2022-06-14 21:07:22.886 [19724] LOG_ERROR 执行的是这一个构造函数 ChannelProto_JN9504.cpp:30
2022-06-14 21:07:22.886 [19724] LOG_ERROR 执行的是这一个构造函数 ChannelProto_JN9504.cpp:30
2022-06-14 21:07:22.886 [19724] LOG_ERROR 执行的是这一个构造函数 ChannelProto_JN9504.cpp:30
2022-06-14 21:07:22.886 [19724] LOG_ERROR 执行的是这一个构造函数 ChannelProto_JN9504.cpp:30
2022-06-14 21:07:22.886 [19724] LOG_ERROR 执行的是这一个构造函数 ChannelProto_JN9504.cpp:30
2022-06-14 21:07:22.886 [19724] LOG_ERROR 执行的是这一个构造函数 ChannelProto_JN9504.cpp:30
2022-06-14 21:07:22.886 [19724] LOG_ERROR 执行的是这一个构造函数 ChannelProto_JN9504.cpp:30
2022-06-14 21:07:22.886 [19724] LOG_ERROR 执行的是这一个构造函数 ChannelProto_JN9504.cpp:30
2022-06-14 21:07:22.886 [19724] LOG_ERROR 执行的是这一个构造函数 ChannelProto_JN9504.cpp:30
2022-06-14 21:07:22.886 [19724] LOG_ERROR 执行的是这一个构造函数 ChannelProto_JN9504.cpp:30
2022-06-14 21:07:22.886 [19724] LOG_ERROR 执行的是这一个构造函数 ChannelProto_JN9504.cpp:30
2022-06-14 21:07:22.886 [19724] LOG_ERROR 执行的是这一个构造函数 ChannelProto_JN9504.cpp:30
2022-06-14 21:07:22.886 [19724] LOG_ERROR 执行的是这一个构造函数 ChannelProto_JN9504.cpp:30
2022-06-14 21:07:22.887 [19726] LOG_ERROR 执行的是这一个构造函数 ChannelProto_JN9504.cpp:30
2022-06-14 21:07:22.887 [19726] LOG_ERROR 执行的是这一个构造函数 ChannelProto_JN9504.cpp:30
2022-06-14 21:07:22.887 [19726] LOG_ERROR 执行的是这一个构造函数 ChannelProto_JN9504.cpp:30
2022-06-14 21:07:22.887 [19726] LOG_ERROR 执行的是这一个构造函数 ChannelProto_JN9504.cpp:30
2022-06-14 21:07:22.887 [19726] LOG_ERROR 执行的是这一个构造函数 ChannelProto_JN9504.cpp:30
2022-06-14 21:07:22.887 [19726] LOG_ERROR 执行的是这一个构造函数 ChannelProto_JN9504.cpp:30
2022-06-14 21:07:22.887 [19726] LOG_ERROR 执行的是这一个构造函数 ChannelProto_JN9504.cpp:30
2022-06-14 21:07:22.887 [19726] LOG_ERROR 执行的是这一个构造函数 ChannelProto_JN9504.cpp:30
2022-06-14 21:07:22.887 [19726] LOG_ERROR 执行的是这一个构造函数 ChannelProto_JN9504.cpp:30
2022-06-14 21:07:22.887 [19726] LOG_ERROR 执行的是这一个构造函数 ChannelProto_JN9504.cpp:30
2022-06-14 21:07:22.887 [19726] LOG_ERROR 执行的是这一个构造函数 ChannelProto_JN9504.cpp:30
2022-06-14 21:07:22.887 [19726] LOG_ERROR 执行的是这一个构造函数 ChannelProto_JN9504.cpp:30
2022-06-14 21:07:22.887 [19726] LOG_ERROR 执行的是这一个构造函数 ChannelProto_JN9504.cpp:30
2022-06-14 21:07:22.887 [19726] LOG_ERROR 执行的是这一个构造函数 ChannelProto_JN9504.cpp:30
2022-06-14 21:07:22.887 [19726] LOG_ERROR 执行的是这一个构造函数 ChannelProto_JN9504.cpp:30
2022-06-14 21:07:22.887 [19726] LOG_ERROR 执行的是这一个构造函数 ChannelProto_JN9504.cpp:30
2022-06-14 21:07:22.887 [19726] LOG_ERROR 执行的是这一个构造函数 ChannelProto_JN9504.cpp:30
2022-06-14 21:07:22.887 [19726] LOG_ERROR 执行的是这一个构造函数 ChannelProto_JN9504.cpp:30
2022-06-14 21:07:22.887 [19726] LOG_ERROR 执行的是这一个构造函数 ChannelProto_JN9504.cpp:30
2022-06-14 21:07:22.887 [19726] LOG_ERROR 执行的是这一个构造函数 ChannelProto_JN9504.cpp:30
2022-06-14 21:07:22.887 [19726] LOG_ERROR 执行的是这一个构造函数 ChannelProto_JN9504.cpp:30
2022-06-14 21:07:22.887 [19726] LOG_ERROR 执行的是这一个构造函数 ChannelProto_JN9504.cpp:30
2022-06-14 21:07:22.887 [19726] LOG_ERROR 执行的是这一个构造函数 ChannelProto_JN9504.cpp:30
2022-06-14 21:07:22.887 [19726] LOG_ERROR 执行的是这一个构造函数 ChannelProto_JN9504.cpp:30
2022-06-14 21:07:22.887 [19726] LOG_ERROR 执行的是这一个构造函数 ChannelProto_JN9504.cpp:30
2022-06-14 21:07:22.887 [19726] LOG_ERROR 执行的是这一个构造函数 ChannelProto_JN9504.cpp:30
2022-06-14 21:07:22.887 [19726] LOG_ERROR 执行的是这一个构造函数 ChannelProto_JN9504.cpp:30
2022-06-14 21:07:22.887 [19726] LOG_ERROR 执行的是这一个构造函数 ChannelProto_JN9504.cpp:30
2022-06-14 21:07:22.887 [19726] LOG_ERROR 执行的是这一个构造函数 ChannelProto_JN9504.cpp:30
2022-06-14 21:07:22.887 [19726] LOG_ERROR 执行的是这一个构造函数 ChannelProto_JN9504.cpp:30
2022-06-14 21:07:22.887 [19726] LOG_ERROR 执行的是这一个构造函数 ChannelProto_JN9504.cpp:30
2022-06-14 21:07:22.887 [19726] LOG_ERROR 执行的是这一个构造函数 ChannelProto_JN9504.cpp:30
2022-06-14 21:07:22.888 [19725] LOG_ERROR 执行的是这一个构造函数 ChannelProto_JN9504.cpp:30
2022-06-14 21:07:22.888 [19725] LOG_ERROR 执行的是这一个构造函数 ChannelProto_JN9504.cpp:30
2022-06-14 21:07:22.888 [19725] LOG_ERROR 执行的是这一个构造函数 ChannelProto_JN9504.cpp:30
2022-06-14 21:07:22.888 [19725] LOG_ERROR 执行的是这一个构造函数 ChannelProto_JN9504.cpp:30
2022-06-14 21:07:22.888 [19725] LOG_ERROR 执行的是这一个构造函数 ChannelProto_JN9504.cpp:30
2022-06-14 21:07:22.888 [19725] LOG_ERROR 执行的是这一个构造函数 ChannelProto_JN9504.cpp:30
2022-06-14 21:07:22.888 [19725] LOG_ERROR 执行的是这一个构造函数 ChannelProto_JN9504.cpp:30
2022-06-14 21:07:22.888 [19725] LOG_ERROR 执行的是这一个构造函数 ChannelProto_JN9504.cpp:30
2022-06-14 21:07:22.888 [19725] LOG_ERROR 执行的是这一个构造函数 ChannelProto_JN9504.cpp:30
2022-06-14 21:07:22.888 [19725] LOG_ERROR 执行的是这一个构造函数 ChannelProto_JN9504.cpp:30
2022-06-14 21:07:22.888 [19725] LOG_ERROR 执行的是这一个构造函数 ChannelProto_JN9504.cpp:30
2022-06-14 21:07:22.889 [19725] LOG_ERROR 执行的是这一个构造函数 ChannelProto_JN9504.cpp:30
2022-06-14 21:07:22.889 [19725] LOG_ERROR 执行的是这一个构造函数 ChannelProto_JN9504.cpp:30
2022-06-14 21:07:22.889 [19725] LOG_ERROR 执行的是这一个构造函数 ChannelProto_JN9504.cpp:30
2022-06-14 21:07:22.889 [19725] LOG_ERROR 执行的是这一个构造函数 ChannelProto_JN9504.cpp:30
2022-06-14 21:07:22.889 [19725] LOG_ERROR 执行的是这一个构造函数 ChannelProto_JN9504.cpp:30
2022-06-14 21:07:22.889 [19725] LOG_ERROR 执行的是这一个构造函数 ChannelProto_JN9504.cpp:30
2022-06-14 21:07:22.889 [19725] LOG_ERROR 执行的是这一个构造函数 ChannelProto_JN9504.cpp:30
2022-06-14 21:07:22.889 [19725] LOG_ERROR 执行的是这一个构造函数 ChannelProto_JN9504.cpp:30
2022-06-14 21:07:22.889 [19725] LOG_ERROR 执行的是这一个构造函数 ChannelProto_JN9504.cpp:30
2022-06-14 21:07:22.889 [19725] LOG_ERROR 执行的是这一个构造函数 ChannelProto_JN9504.cpp:30
2022-06-14 21:07:22.889 [19725] LOG_ERROR 执行的是这一个构造函数 ChannelProto_JN9504.cpp:30
2022-06-14 21:07:22.889 [19725] LOG_ERROR 执行的是这一个构造函数 ChannelProto_JN9504.cpp:30
2022-06-14 21:07:22.889 [19725] LOG_ERROR 执行的是这一个构造函数 ChannelProto_JN9504.cpp:30
2022-06-14 21:07:22.889 [19725] LOG_ERROR 执行的是这一个构造函数 ChannelProto_JN9504.cpp:30
2022-06-14 21:07:22.889 [19725] LOG_ERROR 执行的是这一个构造函数 ChannelProto_JN9504.cpp:30
2022-06-14 21:07:22.889 [19725] LOG_ERROR 执行的是这一个构造函数 ChannelProto_JN9504.cpp:30
2022-06-14 21:07:22.889 [19725] LOG_ERROR 执行的是这一个构造函数 ChannelProto_JN9504.cpp:30
2022-06-14 21:07:22.889 [19725] LOG_ERROR 执行的是这一个构造函数 ChannelProto_JN9504.cpp:30
2022-06-14 21:07:22.889 [19725] LOG_ERROR 执行的是这一个构造函数 ChannelProto_JN9504.cpp:30
2022-06-14 21:07:22.889 [19725] LOG_ERROR 执行的是这一个构造函数 ChannelProto_JN9504.cpp:30
2022-06-14 21:07:22.889 [19725] LOG_ERROR 执行的是这一个构造函数 ChannelProto_JN9504.cpp:30
2022-06-14 21:07:24.886 [19729] LOG_DEBUG Master heartbeat starting...[10.168.202.20:5010] Cabinet.cpp:134
2022-06-14 21:07:24.936 [19729] LOG_DEBUG Master heartbeat connecting...[10.168.202.20:5010] Cabinet.cpp:172
2022-06-14 21:07:28.441 [19729] LOG_DEBUG Master heartbeat connecting...[10.168.202.20:5010] Cabinet.cpp:172
2022-06-14 21:07:31.942 [19729] LOG_DEBUG Master heartbeat connecting...[10.168.202.20:5010] Cabinet.cpp:172
2022-06-14 21:07:35.442 [19729] LOG_DEBUG Master heartbeat connecting...[10.168.202.20:5010] Cabinet.cpp:172
2022-06-14 21:07:38.942 [19729] LOG_DEBUG Master heartbeat connecting...[10.168.202.20:5010] Cabinet.cpp:172
2022-06-14 21:07:42.441 [19729] LOG_DEBUG Master heartbeat connecting...[10.168.202.20:5010] Cabinet.cpp:172
2022-06-14 21:07:45.941 [19729] LOG_DEBUG Master heartbeat connecting...[10.168.202.20:5010] Cabinet.cpp:172
2022-06-14 21:07:48.945 [19729] LOG_DEBUG Master heartbeat connecting...[10.168.202.20:5010] Cabinet.cpp:172
2022-06-14 21:07:52.445 [19729] LOG_DEBUG Master heartbeat connecting...[10.168.202.20:5010] Cabinet.cpp:172
2022-06-14 21:07:55.945 [19729] LOG_DEBUG Master heartbeat connecting...[10.168.202.20:5010] Cabinet.cpp:172
2022-06-14 21:07:59.445 [19729] LOG_DEBUG Master heartbeat connecting...[10.168.202.20:5010] Cabinet.cpp:172
2022-06-14 21:08:02.945 [19729] LOG_DEBUG Master heartbeat connecting...[10.168.202.20:5010] Cabinet.cpp:172
